#
# A fatal error has been detected by the Java Runtime Environment:
#
#  EXCEPTION_ACCESS_VIOLATION (0xc0000005) at pc=0x617493cd, pid=10420, tid=0x000053c4
#
# JRE version: Java(TM) SE Runtime Environment (8.0_92-b14) (build 1.8.0_92-b14)
# Java VM: Java HotSpot(TM) Client VM (25.92-b14 mixed mode windows-x86 )
# Problematic frame:
# C  [listSerialsj.dll+0x93cd]
#
# Failed to write core dump. Minidumps are not enabled by default on client versions of Windows
#
# If you would like to submit a bug report, please visit:
#   http://bugreport.java.com/bugreport/crash.jsp
# The crash happened outside the Java Virtual Machine in native code.
# See problematic frame for where to report the bug.
#

---------------  T H R E A D  ---------------

Current thread (0x273a9000):  JavaThread "cc.arduino.packages.discoverers.serial.SerialBoardsLister" [_thread_in_native, id=21444, stack(0x25720000,0x25770000)]

siginfo: ExceptionCode=0xc0000005, writing address 0x00000000

Registers:
EAX=0x00000000, EBX=0x00000bd8, ECX=0x00000000, EDX=0x00000001
ESP=0x2576eb80, EBP=0x2576efd8, ESI=0x00000002, EDI=0x00f40c80
EIP=0x617493cd, EFLAGS=0x00010246

Top of Stack: (sp=0x2576eb80)
0x2576eb80:   0136e588 0000002e 00000002 00000000
0x2576eb90:   00000003 00000000 00000000 00000000
0x2576eba0:   06e3a920 2576eba4 0000006c 74dba540
0x2576ebb0:   2693b928 00000000 00f40f38 00000073
0x2576ebc0:   2576ebcc 2576ebf4 00000023 00000002
0x2576ebd0:   00000001 0000006c 0000001a 0000008c
0x2576ebe0:   008cb6d8 00000000 314d4f43 00000030
0x2576ebf0:   00425355 2576ec24 02da47e9 06e3a880 

Instructions: (pc=0x617493cd)
0x617493ad:   8b 45 08 8b 90 94 00 00 00 85 d2 74 16 8b 40 2c
0x617493bd:   c7 44 24 04 2e 00 00 00 89 04 24 e8 73 14 00 00
0x617493cd:   c6 00 00 8d 85 04 fc ff ff 89 44 24 18 8d 85 0a
0x617493dd:   fc ff ff 89 44 24 10 a1 e4 01 75 61 c7 85 04 fc 


Register to memory mapping:

EAX=0x00000000 is an unknown value
EBX=0x00000bd8 is an unknown value
ECX=0x00000000 is an unknown value
EDX=0x00000001 is an unknown value
ESP=0x2576eb80 is pointing into the stack for thread: 0x273a9000
EBP=0x2576efd8 is pointing into the stack for thread: 0x273a9000
ESI=0x00000002 is an unknown value
EDI=0x00f40c80 is an unknown value


Stack: [0x25720000,0x25770000],  sp=0x2576eb80,  free space=314k
Native frames: (J=compiled Java code, j=interpreted, Vv=VM code, C=native code)
C  [listSerialsj.dll+0x93cd]
C  [listSerialsj.dll+0x2211]

Java frames: (J=compiled Java code, j=interpreted, Vv=VM code)
J 2274  processing.app.Platform.listSerialsNative()[Ljava/lang/String; (0 bytes) @ 0x02fdab4f [0x02fdab10+0x3f]
J 3522 C1 cc.arduino.packages.discoverers.serial.SerialBoardsLister.retriggerDiscovery(Z)V (751 bytes) @ 0x02fb7024 [0x02fb6ed0+0x154]
J 3523 C1 cc.arduino.packages.discoverers.serial.SerialBoardsLister.run()V (13 bytes) @ 0x0305e0d4 [0x0305e090+0x44]
J 2246% C1 java.util.TimerThread.mainLoop()V (232 bytes) @ 0x03164a94 [0x03164660+0x434]
j  java.util.TimerThread.run()V+1
v  ~StubRoutines::call_stub

---------------  P R O C E S S  ---------------

Java Threads: ( => current thread )
  0x278e2c00 JavaThread "Keep-Alive-SocketCleaner" daemon [_thread_blocked, id=10632, stack(0x02b20000,0x02b70000)]
  0x278e2800 JavaThread "DestroyJavaVM" [_thread_blocked, id=12788, stack(0x02bc0000,0x02c10000)]
  0x278e1400 JavaThread "TimerQueue" daemon [_thread_blocked, id=9992, stack(0x28c60000,0x28cb0000)]
  0x27448000 JavaThread "AWT-EventQueue-0" [_thread_blocked, id=9748, stack(0x28ad0000,0x28b20000)]
  0x27446800 JavaThread "AWT-Shutdown" [_thread_blocked, id=16988, stack(0x28a40000,0x28a90000)]
  0x27448800 JavaThread "Batik CleanerThread" daemon [_thread_blocked, id=17052, stack(0x28760000,0x287b0000)]
  0x27447400 JavaThread "JmDNS(TCPC.local.).Timer" daemon [_thread_blocked, id=10972, stack(0x28340000,0x28390000)]
  0x27449400 JavaThread "JmDNS(TCPC.local.).State.Timer" [_thread_blocked, id=19380, stack(0x282b0000,0x28300000)]
  0x27446400 JavaThread "JmDNS(TCPC.local.).Timer" daemon [_thread_blocked, id=17120, stack(0x28220000,0x28270000)]
  0x27445c00 JavaThread "SocketListener(TCPC.local.)" daemon [_thread_in_native, id=15196, stack(0x28190000,0x281e0000)]
  0x27449000 JavaThread "JmDNS(TCPC.local.).Timer" daemon [_thread_blocked, id=18256, stack(0x28060000,0x280b0000)]
  0x27457c00 JavaThread "JmDNS(TCPC.local.).State.Timer" [_thread_blocked, id=17412, stack(0x27fd0000,0x28020000)]
  0x27457800 JavaThread "JmDNS(TCPC.local.).Timer" daemon [_thread_blocked, id=17664, stack(0x27f40000,0x27f90000)]
  0x27457000 JavaThread "SocketListener(TCPC.local.)" daemon [_thread_in_native, id=2684, stack(0x27eb0000,0x27f00000)]
  0x273ae000 JavaThread "cc.arduino.packages.discoverers.network.BoardReachabilityFilter" [_thread_blocked, id=20868, stack(0x26c10000,0x26c60000)]
  0x273adc00 JavaThread "cc.arduino.packages.discoverers.network.NetworkChecker" [_thread_blocked, id=10612, stack(0x26850000,0x268a0000)]
=>0x273a9000 JavaThread "cc.arduino.packages.discoverers.serial.SerialBoardsLister" [_thread_in_native, id=21444, stack(0x25720000,0x25770000)]
  0x263b7000 JavaThread "AWT-Windows" daemon [_thread_in_native, id=19592, stack(0x268e0000,0x26930000)]
  0x263b6000 JavaThread "Java2D Disposer" daemon [_thread_blocked, id=10528, stack(0x267c0000,0x26810000)]
  0x2552e400 JavaThread "Service Thread" daemon [_thread_blocked, id=12728, stack(0x261a0000,0x261f0000)]
  0x2550f800 JavaThread "C1 CompilerThread0" daemon [_thread_blocked, id=13948, stack(0x26110000,0x26160000)]
  0x2550dc00 JavaThread "Attach Listener" daemon [_thread_blocked, id=8936, stack(0x26080000,0x260d0000)]
  0x2550c000 JavaThread "Signal Dispatcher" daemon [_thread_blocked, id=6176, stack(0x25ff0000,0x26040000)]
  0x254fac00 JavaThread "Finalizer" daemon [_thread_blocked, id=19464, stack(0x25e60000,0x25eb0000)]
  0x254e4800 JavaThread "Reference Handler" daemon [_thread_blocked, id=20100, stack(0x25dd0000,0x25e20000)]

Other Threads:
  0x02b1e800 VMThread [stack: 0x25b00000,0x25b50000] [id=12396]
  0x2551a400 WatcherThread [stack: 0x26230000,0x26280000] [id=21272]

VM state:not at safepoint (normal execution)

VM Mutex/Monitor currently owned by a thread: None

Heap:
 def new generation   total 39424K, used 21134K [0x05000000, 0x07ac0000, 0x0faa0000)
  eden space 35072K,  60% used [0x05000000, 0x06498ce0, 0x07240000)
  from space 4352K,   0% used [0x07680000, 0x0768ad20, 0x07ac0000)
  to   space 4352K,   0% used [0x07240000, 0x07240000, 0x07680000)
 tenured generation   total 87424K, used 34416K [0x0faa0000, 0x15000000, 0x25000000)
   the space 87424K,  39% used [0x0faa0000, 0x11c3c020, 0x11c3c200, 0x15000000)
 Metaspace       used 19979K, capacity 20524K, committed 20864K, reserved 20864K

Card table byte_map: [0x04e20000,0x04f30000] byte_map_base: 0x04df8000

Polling page: 0x02990000

CodeCache: size=32768Kb used=1915Kb max_used=4101Kb free=30852Kb
 bounds [0x02da0000, 0x031b0000, 0x04da0000]
 total_blobs=1124 nmethods=849 adapters=205
 compilation: enabled

Compilation events (10 events):
Event: 11030.155 Thread 0x2550f800 3722             java.util.LinkedHashMap::linkNodeLast (33 bytes)
Event: 11030.155 Thread 0x2550f800 nmethod 3722 0x02e5a008 code [0x02e5a100, 0x02e5a1d0]
Event: 11030.155 Thread 0x2550f800 3723             java.util.LinkedHashMap::afterNodeInsertion (40 bytes)
Event: 11030.155 Thread 0x2550f800 nmethod 3723 0x02f418c8 code [0x02f419e0, 0x02f41b14]
Event: 11030.402 Thread 0x2550f800 3724             java.lang.AbstractStringBuilder::<init> (12 bytes)
Event: 11030.402 Thread 0x2550f800 nmethod 3724 0x02f55c08 code [0x02f55d00, 0x02f55e10]
Event: 11923.487 Thread 0x2550f800 3725             java.util.stream.AbstractPipeline::wrapSink (37 bytes)
Event: 11923.488 Thread 0x2550f800 nmethod 3725 0x02fc0848 code [0x02fc0960, 0x02fc0aa8]
Event: 12796.734 Thread 0x2550f800 3726             java.util.HashMap::containsKey (18 bytes)
Event: 12796.734 Thread 0x2550f800 nmethod 3726 0x0315f488 code [0x0315f590, 0x0315f688]

GC Heap History (10 events):
Event: 10245.863 GC heap before
{Heap before GC invocations=20 (full 2):
 def new generation   total 39424K, used 35111K [0x05000000, 0x07ac0000, 0x0faa0000)
  eden space 35072K, 100% used [0x05000000, 0x07240000, 0x07240000)
  from space 4352K,   0% used [0x07240000, 0x07249f08, 0x07680000)
  to   space 4352K,   0% used [0x07680000, 0x07680000, 0x07ac0000)
 tenured generation   total 87424K, used 34416K [0x0faa0000, 0x15000000, 0x25000000)
   the space 87424K,  39% used [0x0faa0000, 0x11c3c020, 0x11c3c200, 0x15000000)
 Metaspace       used 19977K, capacity 20521K, committed 20864K, reserved 20864K
Event: 10245.865 GC heap after
Heap after GC invocations=21 (full 2):
 def new generation   total 39424K, used 252K [0x05000000, 0x07ac0000, 0x0faa0000)
  eden space 35072K,   0% used [0x05000000, 0x05000000, 0x07240000)
  from space 4352K,   5% used [0x07680000, 0x076bf1d0, 0x07ac0000)
  to   space 4352K,   0% used [0x07240000, 0x07240000, 0x07680000)
 tenured generation   total 87424K, used 34416K [0x0faa0000, 0x15000000, 0x25000000)
   the space 87424K,  39% used [0x0faa0000, 0x11c3c020, 0x11c3c200, 0x15000000)
 Metaspace       used 19977K, capacity 20521K, committed 20864K, reserved 20864K
}
Event: 10849.702 GC heap before
{Heap before GC invocations=21 (full 2):
 def new generation   total 39424K, used 35324K [0x05000000, 0x07ac0000, 0x0faa0000)
  eden space 35072K, 100% used [0x05000000, 0x07240000, 0x07240000)
  from space 4352K,   5% used [0x07680000, 0x076bf1d0, 0x07ac0000)
  to   space 4352K,   0% used [0x07240000, 0x07240000, 0x07680000)
 tenured generation   total 87424K, used 34416K [0x0faa0000, 0x15000000, 0x25000000)
   the space 87424K,  39% used [0x0faa0000, 0x11c3c020, 0x11c3c200, 0x15000000)
 Metaspace       used 19979K, capacity 20524K, committed 20864K, reserved 20864K
Event: 10849.704 GC heap after
Heap after GC invocations=22 (full 2):
 def new generation   total 39424K, used 88K [0x05000000, 0x07ac0000, 0x0faa0000)
  eden space 35072K,   0% used [0x05000000, 0x05000000, 0x07240000)
  from space 4352K,   2% used [0x07240000, 0x07256138, 0x07680000)
  to   space 4352K,   0% used [0x07680000, 0x07680000, 0x07ac0000)
 tenured generation   total 87424K, used 34416K [0x0faa0000, 0x15000000, 0x25000000)
   the space 87424K,  39% used [0x0faa0000, 0x11c3c020, 0x11c3c200, 0x15000000)
 Metaspace       used 19979K, capacity 20524K, committed 20864K, reserved 20864K
}
Event: 11444.631 GC heap before
{Heap before GC invocations=22 (full 2):
 def new generation   total 39424K, used 35160K [0x05000000, 0x07ac0000, 0x0faa0000)
  eden space 35072K, 100% used [0x05000000, 0x07240000, 0x07240000)
  from space 4352K,   2% used [0x07240000, 0x07256138, 0x07680000)
  to   space 4352K,   0% used [0x07680000, 0x07680000, 0x07ac0000)
 tenured generation   total 87424K, used 34416K [0x0faa0000, 0x15000000, 0x25000000)
   the space 87424K,  39% used [0x0faa0000, 0x11c3c020, 0x11c3c200, 0x15000000)
 Metaspace       used 19979K, capacity 20524K, committed 20864K, reserved 20864K
Event: 11444.633 GC heap after
Heap after GC invocations=23 (full 2):
 def new generation   total 39424K, used 47K [0x05000000, 0x07ac0000, 0x0faa0000)
  eden space 35072K,   0% used [0x05000000, 0x05000000, 0x07240000)
  from space 4352K,   1% used [0x07680000, 0x0768bea8, 0x07ac0000)
  to   space 4352K,   0% used [0x07240000, 0x07240000, 0x07680000)
 tenured generation   total 87424K, used 34416K [0x0faa0000, 0x15000000, 0x25000000)
   the space 87424K,  39% used [0x0faa0000, 0x11c3c020, 0x11c3c200, 0x15000000)
 Metaspace       used 19979K, capacity 20524K, committed 20864K, reserved 20864K
}
Event: 12063.534 GC heap before
{Heap before GC invocations=23 (full 2):
 def new generation   total 39424K, used 35119K [0x05000000, 0x07ac0000, 0x0faa0000)
  eden space 35072K, 100% used [0x05000000, 0x07240000, 0x07240000)
  from space 4352K,   1% used [0x07680000, 0x0768bea8, 0x07ac0000)
  to   space 4352K,   0% used [0x07240000, 0x07240000, 0x07680000)
 tenured generation   total 87424K, used 34416K [0x0faa0000, 0x15000000, 0x25000000)
   the space 87424K,  39% used [0x0faa0000, 0x11c3c020, 0x11c3c200, 0x15000000)
 Metaspace       used 19979K, capacity 20524K, committed 20864K, reserved 20864K
Event: 12063.558 GC heap after
Heap after GC invocations=24 (full 2):
 def new generation   total 39424K, used 44K [0x05000000, 0x07ac0000, 0x0faa0000)
  eden space 35072K,   0% used [0x05000000, 0x05000000, 0x07240000)
  from space 4352K,   1% used [0x07240000, 0x0724b0e0, 0x07680000)
  to   space 4352K,   0% used [0x07680000, 0x07680000, 0x07ac0000)
 tenured generation   total 87424K, used 34416K [0x0faa0000, 0x15000000, 0x25000000)
   the space 87424K,  39% used [0x0faa0000, 0x11c3c020, 0x11c3c200, 0x15000000)
 Metaspace       used 19979K, capacity 20524K, committed 20864K, reserved 20864K
}
Event: 12685.671 GC heap before
{Heap before GC invocations=24 (full 2):
 def new generation   total 39424K, used 35116K [0x05000000, 0x07ac0000, 0x0faa0000)
  eden space 35072K, 100% used [0x05000000, 0x07240000, 0x07240000)
  from space 4352K,   1% used [0x07240000, 0x0724b0e0, 0x07680000)
  to   space 4352K,   0% used [0x07680000, 0x07680000, 0x07ac0000)
 tenured generation   total 87424K, used 34416K [0x0faa0000, 0x15000000, 0x25000000)
   the space 87424K,  39% used [0x0faa0000, 0x11c3c020, 0x11c3c200, 0x15000000)
 Metaspace       used 19979K, capacity 20524K, committed 20864K, reserved 20864K
Event: 12685.674 GC heap after
Heap after GC invocations=25 (full 2):
 def new generation   total 39424K, used 43K [0x05000000, 0x07ac0000, 0x0faa0000)
  eden space 35072K,   0% used [0x05000000, 0x05000000, 0x07240000)
  from space 4352K,   0% used [0x07680000, 0x0768ad20, 0x07ac0000)
  to   space 4352K,   0% used [0x07240000, 0x07240000, 0x07680000)
 tenured generation   total 87424K, used 34416K [0x0faa0000, 0x15000000, 0x25000000)
   the space 87424K,  39% used [0x0faa0000, 0x11c3c020, 0x11c3c200, 0x15000000)
 Metaspace       used 19979K, capacity 20524K, committed 20864K, reserved 20864K
}

Deoptimization events (0 events):
No events

Internal exceptions (10 events):
Event: 3658.171 Thread 0x278e0800 Exception <a 'sun/nio/fs/WindowsException'> (0x07088990) thrown at [C:\workspace\8-2-build-windows-i586-cygwin\jdk8u92\6642\hotspot\src\share\vm\prims\jni.cpp, line 709]
Event: 3658.171 Thread 0x278e0800 Exception <a 'sun/nio/fs/WindowsException'> (0x07088f70) thrown at [C:\workspace\8-2-build-windows-i586-cygwin\jdk8u92\6642\hotspot\src\share\vm\prims\jni.cpp, line 709]
Event: 3658.172 Thread 0x278e0800 Exception <a 'sun/nio/fs/WindowsException'> (0x07096930) thrown at [C:\workspace\8-2-build-windows-i586-cygwin\jdk8u92\6642\hotspot\src\share\vm\prims\jni.cpp, line 709]
Event: 3658.172 Thread 0x278e0800 Exception <a 'sun/nio/fs/WindowsException'> (0x07096f38) thrown at [C:\workspace\8-2-build-windows-i586-cygwin\jdk8u92\6642\hotspot\src\share\vm\prims\jni.cpp, line 709]
Event: 3658.174 Thread 0x278e0800 Exception <a 'sun/nio/fs/WindowsException'> (0x070ac6e0) thrown at [C:\workspace\8-2-build-windows-i586-cygwin\jdk8u92\6642\hotspot\src\share\vm\prims\jni.cpp, line 709]
Event: 3658.174 Thread 0x278e0800 Exception <a 'sun/nio/fs/WindowsException'> (0x070ace50) thrown at [C:\workspace\8-2-build-windows-i586-cygwin\jdk8u92\6642\hotspot\src\share\vm\prims\jni.cpp, line 709]
Event: 3658.175 Thread 0x278e0800 Exception <a 'sun/nio/fs/WindowsException'> (0x070b7260) thrown at [C:\workspace\8-2-build-windows-i586-cygwin\jdk8u92\6642\hotspot\src\share\vm\prims\jni.cpp, line 709]
Event: 3658.175 Thread 0x278e0800 Exception <a 'sun/nio/fs/WindowsException'> (0x070b7818) thrown at [C:\workspace\8-2-build-windows-i586-cygwin\jdk8u92\6642\hotspot\src\share\vm\prims\jni.cpp, line 709]
Event: 3658.176 Thread 0x278e0800 Exception <a 'sun/nio/fs/WindowsException'> (0x070c35d8) thrown at [C:\workspace\8-2-build-windows-i586-cygwin\jdk8u92\6642\hotspot\src\share\vm\prims\jni.cpp, line 709]
Event: 3658.176 Thread 0x278e0800 Exception <a 'sun/nio/fs/WindowsException'> (0x070c3bb8) thrown at [C:\workspace\8-2-build-windows-i586-cygwin\jdk8u92\6642\hotspot\src\share\vm\prims\jni.cpp, line 709]

Events (10 events):
Event: 12966.979 Executing VM operation: RevokeBias
Event: 12966.979 Executing VM operation: RevokeBias done
Event: 12967.883 Executing VM operation: RevokeBias
Event: 12967.884 Executing VM operation: RevokeBias done
Event: 12967.884 Executing VM operation: RevokeBias
Event: 12967.884 Executing VM operation: RevokeBias done
Event: 12969.884 Executing VM operation: RevokeBias
Event: 12969.884 Executing VM operation: RevokeBias done
Event: 12969.884 Executing VM operation: RevokeBias
Event: 12969.884 Executing VM operation: RevokeBias done


Dynamic libraries:
0x00950000 - 0x00983000 	C:\Program Files (x86)\Arduino\java\bin\javaw.exe
0x77db0000 - 0x77f33000 	C:\Windows\SYSTEM32\ntdll.dll
0x76b60000 - 0x76c40000 	C:\Windows\System32\KERNEL32.DLL
0x769b0000 - 0x76b51000 	C:\Windows\System32\KERNELBASE.dll
0x747a0000 - 0x74817000 	C:\Windows\System32\ADVAPI32.dll
0x772c0000 - 0x7737e000 	C:\Windows\System32\msvcrt.dll
0x77380000 - 0x773c1000 	C:\Windows\System32\sechost.dll
0x771f0000 - 0x772b1000 	C:\Windows\System32\RPCRT4.dll
0x74780000 - 0x7479e000 	C:\Windows\System32\SspiCli.dll
0x74770000 - 0x7477a000 	C:\Windows\System32\CRYPTBASE.dll
0x77b90000 - 0x77bea000 	C:\Windows\System32\bcryptPrimitives.dll
0x778b0000 - 0x77a0f000 	C:\Windows\System32\USER32.dll
0x76910000 - 0x76925000 	C:\Windows\System32\win32u.dll
0x77420000 - 0x7744b000 	C:\Windows\System32\GDI32.dll
0x77c50000 - 0x77dab000 	C:\Windows\System32\gdi32full.dll
0x73eb0000 - 0x740ba000 	C:\Windows\WinSxS\x86_microsoft.windows.common-controls_6595b64144ccf1df_6.0.14393.447_none_89c64d28dafea4b9\COMCTL32.dll
0x751b0000 - 0x753c1000 	C:\Windows\System32\combase.dll
0x749b0000 - 0x74a90000 	C:\Windows\System32\ucrtbase.dll
0x74820000 - 0x74845000 	C:\Windows\System32\IMM32.DLL
0x6f310000 - 0x6f3cf000 	C:\Program Files (x86)\Arduino\java\bin\msvcr100.dll
0x6ef40000 - 0x6f30b000 	C:\Program Files (x86)\Arduino\java\bin\client\jvm.dll
0x77c40000 - 0x77c46000 	C:\Windows\System32\PSAPI.DLL
0x6ef10000 - 0x6ef34000 	C:\Windows\SYSTEM32\WINMM.dll
0x704a0000 - 0x704a8000 	C:\Windows\SYSTEM32\WSOCK32.dll
0x74d00000 - 0x74d63000 	C:\Windows\System32\WS2_32.dll
0x746b0000 - 0x746b8000 	C:\Windows\SYSTEM32\VERSION.dll
0x6eee0000 - 0x6ef03000 	C:\Windows\SYSTEM32\WINMMBASE.dll
0x76c40000 - 0x76c76000 	C:\Windows\System32\cfgmgr32.dll
0x6ff40000 - 0x6ff71000 	C:\Program Files (x86)\Arduino\java\bin\splashscreen.dll
0x73da0000 - 0x73e15000 	C:\Windows\system32\uxtheme.dll
0x6fec0000 - 0x6fecc000 	C:\Program Files (x86)\Arduino\java\bin\verify.dll
0x775c0000 - 0x776f5000 	C:\Windows\System32\MSCTF.dll
0x74c60000 - 0x74cf4000 	C:\Windows\System32\OLEAUT32.dll
0x76930000 - 0x769ab000 	C:\Windows\System32\msvcp_win.dll
0x6fe90000 - 0x6feb1000 	C:\Program Files (x86)\Arduino\java\bin\java.dll
0x70ae0000 - 0x70b5b000 	C:\Program Files (x86)\Common Files\Microsoft Shared\Ink\tiptsf.dll
0x6fe70000 - 0x6fe83000 	C:\Program Files (x86)\Arduino\java\bin\zip.dll
0x749a0000 - 0x749ad000 	C:\Windows\System32\kernel.appcore.dll
0x76880000 - 0x76904000 	C:\Windows\System32\clbcatq.dll
0x6ece0000 - 0x6ee32000 	C:\Windows\System32\uiautomationcore.dll
0x744e0000 - 0x744fa000 	C:\Windows\System32\USERENV.dll
0x778a0000 - 0x778af000 	C:\Windows\System32\profapi.dll
0x71080000 - 0x71101000 	C:\Windows\SYSTEM32\sxs.dll
0x6ec80000 - 0x6ecd4000 	C:\Windows\System32\OLEACC.dll
0x6ec10000 - 0x6ec7c000 	C:\Windows\SYSTEM32\twinapi.dll
0x74b80000 - 0x74c08000 	C:\Windows\System32\shcore.dll
0x72a30000 - 0x72b21000 	C:\Windows\SYSTEM32\twinapi.appcore.dll
0x74640000 - 0x7465b000 	C:\Windows\SYSTEM32\bcrypt.dll
0x753d0000 - 0x767a9000 	C:\Windows\System32\SHELL32.dll
0x76c80000 - 0x771ee000 	C:\Windows\System32\windows.storage.dll
0x773d0000 - 0x77415000 	C:\Windows\System32\powrprof.dll
0x74c10000 - 0x74c56000 	C:\Windows\System32\shlwapi.dll
0x74a90000 - 0x74b7a000 	C:\Windows\System32\ole32.dll
0x6eac0000 - 0x6ec05000 	C:\Program Files (x86)\Arduino\java\bin\awt.dll
0x70750000 - 0x707e2000 	C:\Windows\SYSTEM32\apphelp.dll
0x73d80000 - 0x73d9f000 	C:\Windows\system32\dwmapi.dll
0x61740000 - 0x6176c000 	C:\Program Files (x86)\Arduino\lib\listSerialsj.dll
0x74d90000 - 0x7519b000 	C:\Windows\System32\SETUPAPI.dll
0x74690000 - 0x746a3000 	C:\Windows\SYSTEM32\CRYPTSP.dll
0x6e900000 - 0x6e92f000 	C:\Windows\system32\rsaenh.dll
0x6eec0000 - 0x6eed6000 	C:\Program Files (x86)\Arduino\java\bin\net.dll
0x74270000 - 0x742be000 	C:\Windows\system32\mswsock.dll
0x741c0000 - 0x741ef000 	C:\Windows\SYSTEM32\IPHLPAPI.DLL
0x751a0000 - 0x751a7000 	C:\Windows\System32\NSI.dll
0x6f520000 - 0x6f533000 	C:\Windows\SYSTEM32\dhcpcsvc6.DLL
0x6f500000 - 0x6f514000 	C:\Windows\SYSTEM32\dhcpcsvc.DLL
0x6fe60000 - 0x6fe6f000 	C:\Program Files (x86)\Arduino\java\bin\nio.dll
0x271a0000 - 0x271dd000 	C:\Users\tomco\AppData\Local\Temp\jna-110543166\jna9141728796941065744.dll
0x6ee80000 - 0x6eeb9000 	C:\Program Files (x86)\Arduino\java\bin\fontmanager.dll
0x6ee40000 - 0x6ee72000 	C:\Program Files (x86)\Arduino\java\bin\t2k.dll
0x71040000 - 0x71062000 	C:\Windows\SYSTEM32\DEVOBJ.dll
0x77bf0000 - 0x77c34000 	C:\Windows\System32\WINTRUST.dll
0x76810000 - 0x7681e000 	C:\Windows\System32\MSASN1.dll
0x77a10000 - 0x77b8d000 	C:\Windows\System32\CRYPT32.dll
0x741f0000 - 0x7426c000 	C:\Windows\SYSTEM32\DNSAPI.dll
0x741b0000 - 0x741b8000 	C:\Windows\System32\rasadhlp.dll
0x74160000 - 0x741a9000 	C:\Windows\System32\fwpuclnt.dll
0x6da10000 - 0x6da79000 	C:\Program Files (x86)\Arduino\msvcp100.dll
0x6c0a0000 - 0x6c15e000 	C:\Program Files (x86)\Arduino\msvcr100.dll
0x28590000 - 0x285c2000 	C:\Program Files (x86)\Arduino\lib\AStylej.dll
0x6c070000 - 0x6c094000 	C:\Program Files (x86)\Arduino\java\bin\dcpr.dll
0x6be50000 - 0x6bfbe000 	C:\Windows\SYSTEM32\WindowsCodecs.dll
0x72f10000 - 0x72f54000 	C:\Windows\system32\dataexchange.dll
0x72bc0000 - 0x72cd3000 	C:\Windows\system32\dcomp.dll
0x72ce0000 - 0x72f0f000 	C:\Windows\system32\d3d11.dll
0x72b30000 - 0x72bb4000 	C:\Windows\system32\dxgi.dll
0x6c050000 - 0x6c070000 	C:\Program Files (x86)\Arduino\java\bin\sunec.dll
0x6da00000 - 0x6da09000 	C:\Program Files (x86)\Arduino\java\bin\sunmscapi.dll
0x6a4e0000 - 0x6a4f2000 	C:\Windows\system32\napinsp.dll
0x6ab30000 - 0x6ab46000 	C:\Windows\system32\pnrpnsp.dll
0x6ab10000 - 0x6ab24000 	C:\Windows\system32\NLAapi.dll
0x6a440000 - 0x6a44c000 	C:\Windows\System32\winrnr.dll
0x6a420000 - 0x6a431000 	C:\Windows\System32\wshbth.dll
0x64000000 - 0x6401b000 	C:\Users\tomco\.jssc\windows\jSSC-2.8_x86.dll
0x6f680000 - 0x6f7c5000 	C:\Windows\SYSTEM32\dbghelp.dll

VM Arguments:
jvm_args: -Dsun.java2d.d3d=false -Djna.nosys=true -DAPP_DIR=C:\Program Files (x86)\Arduino -Xms128M -Xmx512M 
java_command: processing.app.Base C:\Users\tomco\OneDrive\Uni - Bristol\4th Year\Project\Hub\Code\HUB\HUB.ino
java_class_path (initial): C:\Program Files (x86)\Arduino\lib\apple.jar;C:\Program Files (x86)\Arduino\lib\arduino-core.jar;C:\Program Files (x86)\Arduino\lib\batik-1.8.jar;C:\Program Files (x86)\Arduino\lib\batik-anim-1.8.jar;C:\Program Files (x86)\Arduino\lib\batik-awt-util-1.8.jar;C:\Program Files (x86)\Arduino\lib\batik-bridge-1.8.jar;C:\Program Files (x86)\Arduino\lib\batik-codec-1.8.jar;C:\Program Files (x86)\Arduino\lib\batik-css-1.8.jar;C:\Program Files (x86)\Arduino\lib\batik-dom-1.8.jar;C:\Program Files (x86)\Arduino\lib\batik-ext-1.8.jar;C:\Program Files (x86)\Arduino\lib\batik-gvt-1.8.jar;C:\Program Files (x86)\Arduino\lib\batik-parser-1.8.jar;C:\Program Files (x86)\Arduino\lib\batik-rasterizer-1.8.jar;C:\Program Files (x86)\Arduino\lib\batik-script-1.8.jar;C:\Program Files (x86)\Arduino\lib\batik-squiggle-1.8.jar;C:\Program Files (x86)\Arduino\lib\batik-svg-dom-1.8.jar;C:\Program Files (x86)\Arduino\lib\batik-svgpp-1.8.jar;C:\Program Files (x86)\Arduino\lib\batik-transcoder-1.8.jar;C:\Program Files (x86)\Arduino\lib\batik-util-1.8.jar;C:\Program Files (x86)\Arduino\lib\batik-xml-1.8.jar;C:\Program Files (x86)\Arduino\lib\bcpg-jdk15on-152.jar;C:\Program Files (x86)\Arduino\lib\bcprov-jdk15on-152.jar;C:\Program Files (x86)\Arduino\lib\commons-codec-1.7.jar;C:\Program Files (x86)\Arduino\lib\commons-compress-1.8.jar;C:\Program Files (x86)\Arduino\lib\commons-exec-1.1.jar;C:\Program Files (x86)\Arduino\lib\commons-httpclient-3.1.jar;C:\Program Files (x86)\Arduino\lib\commons-lang3-3.3.2.jar;C:\Program Files (x86)\Arduino\lib\commons-logging-1.0.4.jar;C:\Program Files (x86)\Arduino\lib\commons-net-3.3.jar;C:\Program Files (x86)\Arduino\lib\jackson-annotations-2.6.3.jar;C:\Program Files (x86)\Arduino\lib\jackson-core-2.6.3.jar;C:\Program Files (x86)\Arduino\lib\jackson-databind-2.6.3.jar;C:\Program Files (x86)\Arduino\lib\jackson-module-mrbean-2.6.3.jar;C:\Program Files (x86)\Arduino\lib\java-semver-0.8.0.jar;C:\Program Files (x86)\Arduino\lib\jmdns-3.4.1.j
Launcher Type: SUN_STANDARD

Environment Variables:
PATH=C:\Program Files (x86)\Intel\iCLS Client\;C:\Program Files\Intel\iCLS Client\;C:\Windows\system32;C:\Windows;C:\Windows\System32\Wbem;C:\Windows\System32\WindowsPowerShell\v1.0\;C:\Program Files\Intel\Intel(R) Management Engine Components\DAL;C:\Program Files\Intel\Intel(R) Management Engine Components\IPT;C:\Program Files (x86)\Intel\Intel(R) Management Engine Components\DAL;C:\Program Files (x86)\Intel\Intel(R) Management Engine Components\IPT;C:\Program Files (x86)\Skype\Phone\;C:\Program Files\MATLAB\R2016b\runtime\win64;C:\Program Files\MATLAB\R2016b\bin;C:\Program Files (x86)\Qt\5.7\mingw53_32\bin;C:\Windows\system32\config\systemprofile\.dnx\bin;C:\Program Files\Microsoft DNX\Dnvm\;C:\Program Files\Microsoft SQL Server\130\Tools\Binn\;C:\Program Files (x86)\Windows Kits\8.1\Windows Performance Toolkit\;C:\Program Files (x86)\PuTTY\;C:\Program Files\nodejs\;C:\Users\tomco\AppData\Local\Microsoft\WindowsApps;C:\Users\tomco\AppData\Roaming\npm;C:\Program Files (x86)\Arduino\java\bin
USERNAME=tomco
OS=Windows_NT
PROCESSOR_IDENTIFIER=Intel64 Family 6 Model 58 Stepping 9, GenuineIntel



---------------  S Y S T E M  ---------------

OS: Windows 10.0 , 64 bit Build 14393 (10.0.14393.0)

CPU:total 4 (2 cores per cpu, 2 threads per core) family 6 model 58 stepping 9, cmov, cx8, fxsr, mmx, sse, sse2, sse3, ssse3, sse4.1, sse4.2, popcnt, avx, aes, clmul, erms, ht, tsc, tscinvbit, tscinv

Memory: 4k page, physical 8264984k(1683648k free), swap 18408260k(2340120k free)

vm_info: Java HotSpot(TM) Client VM (25.92-b14) for windows-x86 JRE (1.8.0_92-b14), built on Mar 31 2016 21:09:21 by "java_re" with MS VC++ 10.0 (VS2010)

time: Tue Mar 14 18:56:50 2017
elapsed time: 13061 seconds (0d 3h 37m 41s)

