#
# A fatal error has been detected by the Java Runtime Environment:
#
#  EXCEPTION_ACCESS_VIOLATION (0xc0000005) at pc=0x617493cd, pid=23648, tid=0x00006c88
#
# JRE version: Java(TM) SE Runtime Environment (8.0_92-b14) (build 1.8.0_92-b14)
# Java VM: Java HotSpot(TM) Client VM (25.92-b14 mixed mode windows-x86 )
# Problematic frame:
# C  [listSerialsj.dll+0x93cd]
#
# Failed to write core dump. Minidumps are not enabled by default on client versions of Windows
#
# If you would like to submit a bug report, please visit:
#   http://bugreport.java.com/bugreport/crash.jsp
# The crash happened outside the Java Virtual Machine in native code.
# See problematic frame for where to report the bug.
#

---------------  T H R E A D  ---------------

Current thread (0x26bfe400):  JavaThread "cc.arduino.packages.discoverers.serial.SerialBoardsLister" [_thread_in_native, id=27784, stack(0x26240000,0x26290000)]

siginfo: ExceptionCode=0xc0000005, writing address 0x00000000

Registers:
EAX=0x00000000, EBX=0x00000acc, ECX=0x00000000, EDX=0x00000001
ESP=0x2628ead0, EBP=0x2628ef28, ESI=0x00000001, EDI=0x0089da70
EIP=0x617493cd, EFLAGS=0x00010246

Top of Stack: (sp=0x2628ead0)
0x2628ead0:   00c8def8 0000002e 00000002 00000000
0x2628eae0:   00000003 00000000 00000000 00000000
0x2628eaf0:   26bfe400 2628eb30 0000006c 748aa540
0x2628eb00:   2632ffd8 00bfe400 0089db58 0000005e
0x2628eb10:   2628ebb0 255b4050 00000077 00000200
0x2628eb20:   00000001 0000006c 00000061 0000008a
0x2628eb30:   008af140 00000000 374d4f43 00000000
0x2628eb40:   00425355 2628f140 26bfe400 00000000 

Instructions: (pc=0x617493cd)
0x617493ad:   8b 45 08 8b 90 94 00 00 00 85 d2 74 16 8b 40 2c
0x617493bd:   c7 44 24 04 2e 00 00 00 89 04 24 e8 73 14 00 00
0x617493cd:   c6 00 00 8d 85 04 fc ff ff 89 44 24 18 8d 85 0a
0x617493dd:   fc ff ff 89 44 24 10 a1 e4 01 75 61 c7 85 04 fc 


Register to memory mapping:

EAX=0x00000000 is an unknown value
EBX=0x00000acc is an unknown value
ECX=0x00000000 is an unknown value
EDX=0x00000001 is an unknown value
ESP=0x2628ead0 is pointing into the stack for thread: 0x26bfe400
EBP=0x2628ef28 is pointing into the stack for thread: 0x26bfe400
ESI=0x00000001 is an unknown value
EDI=0x0089da70 is an unknown value


Stack: [0x26240000,0x26290000],  sp=0x2628ead0,  free space=314k
Native frames: (J=compiled Java code, j=interpreted, Vv=VM code, C=native code)
C  [listSerialsj.dll+0x93cd]
C  [listSerialsj.dll+0x2211]

Java frames: (J=compiled Java code, j=interpreted, Vv=VM code)
j  processing.app.Platform.listSerialsNative()[Ljava/lang/String;+0
j  processing.app.Platform.listSerials()Ljava/util/List;+5
j  cc.arduino.packages.discoverers.serial.SerialBoardsLister.retriggerDiscovery(Z)V+22
j  cc.arduino.packages.discoverers.serial.SerialBoardsLister.run()V+9
j  java.util.TimerThread.mainLoop()V+221
j  java.util.TimerThread.run()V+1
v  ~StubRoutines::call_stub

---------------  P R O C E S S  ---------------

Java Threads: ( => current thread )
  0x26fa3400 JavaThread "EventThread COM3" [_thread_in_native, id=28148, stack(0x02450000,0x024a0000)]
  0x26fa3c00 JavaThread "Keep-Alive-SocketCleaner" daemon [_thread_blocked, id=12008, stack(0x00b70000,0x00bc0000)]
  0x26f9e800 JavaThread "DestroyJavaVM" [_thread_blocked, id=33616, stack(0x02670000,0x026c0000)]
  0x26f9fc00 JavaThread "TimerQueue" daemon [_thread_blocked, id=888, stack(0x28db0000,0x28e00000)]
  0x26cc1800 JavaThread "Batik CleanerThread" daemon [_thread_blocked, id=12776, stack(0x28100000,0x28150000)]
  0x26cc5000 JavaThread "JmDNS(TCPC.local.).Timer" daemon [_thread_blocked, id=33276, stack(0x27e10000,0x27e60000)]
  0x26cc2c00 JavaThread "JmDNS(TCPC.local.).State.Timer" [_thread_blocked, id=35852, stack(0x27d80000,0x27dd0000)]
  0x26cc4c00 JavaThread "JmDNS(TCPC.local.).Timer" daemon [_thread_blocked, id=23772, stack(0x27cf0000,0x27d40000)]
  0x26cc2400 JavaThread "SocketListener(TCPC.local.)" daemon [_thread_in_native, id=40556, stack(0x27c60000,0x27cb0000)]
  0x26cc4400 JavaThread "AWT-EventQueue-0" [_thread_blocked, id=34188, stack(0x27bd0000,0x27c20000)]
  0x26cc3c00 JavaThread "AWT-Shutdown" [_thread_blocked, id=36300, stack(0x27b40000,0x27b90000)]
  0x26cc3800 JavaThread "JmDNS(TCPC.local.).Timer" daemon [_thread_blocked, id=25176, stack(0x27ab0000,0x27b00000)]
  0x26cb0000 JavaThread "JmDNS(TCPC.local.).State.Timer" [_thread_blocked, id=37404, stack(0x27a20000,0x27a70000)]
  0x26caf800 JavaThread "JmDNS(TCPC.local.).Timer" daemon [_thread_blocked, id=10892, stack(0x27990000,0x279e0000)]
  0x26cb8c00 JavaThread "SocketListener(TCPC.local.)" daemon [_thread_in_native, id=26448, stack(0x27900000,0x27950000)]
  0x26c15c00 JavaThread "cc.arduino.packages.discoverers.network.BoardReachabilityFilter" [_thread_blocked, id=26412, stack(0x275b0000,0x27600000)]
  0x26c15400 JavaThread "cc.arduino.packages.discoverers.network.NetworkChecker" [_thread_blocked, id=10888, stack(0x26760000,0x267b0000)]
=>0x26bfe400 JavaThread "cc.arduino.packages.discoverers.serial.SerialBoardsLister" [_thread_in_native, id=27784, stack(0x26240000,0x26290000)]
  0x25db7000 JavaThread "AWT-Windows" daemon [_thread_in_native, id=7616, stack(0x262d0000,0x26320000)]
  0x25da4400 JavaThread "Java2D Disposer" daemon [_thread_blocked, id=28616, stack(0x261b0000,0x26200000)]
  0x25516c00 JavaThread "Service Thread" daemon [_thread_blocked, id=10184, stack(0x25ba0000,0x25bf0000)]
  0x254f0000 JavaThread "C1 CompilerThread0" daemon [_thread_blocked, id=2212, stack(0x25b10000,0x25b60000)]
  0x254ee400 JavaThread "Attach Listener" daemon [_thread_blocked, id=33180, stack(0x25a80000,0x25ad0000)]
  0x254dc800 JavaThread "Signal Dispatcher" daemon [_thread_blocked, id=28604, stack(0x259f0000,0x25a40000)]
  0x254da800 JavaThread "Finalizer" daemon [_thread_blocked, id=40036, stack(0x25870000,0x258c0000)]
  0x254c4c00 JavaThread "Reference Handler" daemon [_thread_blocked, id=37244, stack(0x257e0000,0x25830000)]

Other Threads:
  0x0266d400 VMThread [stack: 0x24ef0000,0x24f40000] [id=36576]
  0x254fb400 WatcherThread [stack: 0x25c30000,0x25c80000] [id=12160]

VM state:not at safepoint (normal execution)

VM Mutex/Monitor currently owned by a thread: None

Heap:
 def new generation   total 39424K, used 24619K [0x04a00000, 0x074c0000, 0x0f4a0000)
  eden space 35072K,  69% used [0x04a00000, 0x061d34b0, 0x06c40000)
  from space 4352K,   5% used [0x06c40000, 0x06c779a8, 0x07080000)
  to   space 4352K,   0% used [0x07080000, 0x07080000, 0x074c0000)
 tenured generation   total 87424K, used 35577K [0x0f4a0000, 0x14a00000, 0x24a00000)
   the space 87424K,  40% used [0x0f4a0000, 0x1175e5a8, 0x1175e600, 0x14a00000)
 Metaspace       used 19910K, capacity 20408K, committed 20736K, reserved 20864K

Card table byte_map: [0x04830000,0x04940000] byte_map_base: 0x0480b000

Polling page: 0x00c50000

CodeCache: size=32768Kb used=2325Kb max_used=4384Kb free=30442Kb
 bounds [0x02830000, 0x02c80000, 0x04830000]
 total_blobs=1468 nmethods=1189 adapters=208
 compilation: enabled

Compilation events (10 events):
Event: 1610.474 Thread 0x254f0000 2953             java.util.ArrayList::remove (69 bytes)
Event: 1610.475 Thread 0x254f0000 nmethod 2953 0x02b914c8 code [0x02b915f0, 0x02b91804]
Event: 1611.173 Thread 0x254f0000 2954             com.sun.java.swing.SwingUtilities3::getDelegateRepaintManager (73 bytes)
Event: 1611.173 Thread 0x254f0000 nmethod 2954 0x02b90c48 code [0x02b90dc0, 0x02b91198]
Event: 1617.070 Thread 0x254f0000 2955             java.util.concurrent.locks.AbstractQueuedSynchronizer::compareAndSetWaitStatus (13 bytes)
Event: 1617.071 Thread 0x254f0000 nmethod 2955 0x02b92dc8 code [0x02b92ec0, 0x02b92f50]
Event: 1618.800 Thread 0x254f0000 2956             java.util.HashMap::keySet (25 bytes)
Event: 1618.800 Thread 0x254f0000 nmethod 2956 0x02b90a08 code [0x02b90b00, 0x02b90be0]
Event: 1634.731 Thread 0x254f0000 2957             java.util.concurrent.locks.AbstractQueuedSynchronizer::transferForSignal (45 bytes)
Event: 1634.732 Thread 0x254f0000 nmethod 2957 0x02b906c8 code [0x02b907e0, 0x02b90928]

GC Heap History (10 events):
Event: 446.448 GC heap before
{Heap before GC invocations=5 (full 1):
 def new generation   total 39424K, used 39424K [0x04a00000, 0x074c0000, 0x0f4a0000)
  eden space 35072K, 100% used [0x04a00000, 0x06c40000, 0x06c40000)
  from space 4352K, 100% used [0x06c40000, 0x07080000, 0x07080000)
  to   space 4352K,   0% used [0x07080000, 0x07080000, 0x074c0000)
 tenured generation   total 87424K, used 26488K [0x0f4a0000, 0x14a00000, 0x24a00000)
   the space 87424K,  30% used [0x0f4a0000, 0x10e7e270, 0x10e7e400, 0x14a00000)
 Metaspace       used 19839K, capacity 20347K, committed 20480K, reserved 20864K
Event: 446.461 GC heap after
Heap after GC invocations=6 (full 1):
 def new generation   total 39424K, used 4352K [0x04a00000, 0x074c0000, 0x0f4a0000)
  eden space 35072K,   0% used [0x04a00000, 0x04a00000, 0x06c40000)
  from space 4352K, 100% used [0x07080000, 0x074c0000, 0x074c0000)
  to   space 4352K,   0% used [0x06c40000, 0x06c40000, 0x07080000)
 tenured generation   total 87424K, used 30064K [0x0f4a0000, 0x14a00000, 0x24a00000)
   the space 87424K,  34% used [0x0f4a0000, 0x111fc248, 0x111fc400, 0x14a00000)
 Metaspace       used 19839K, capacity 20347K, committed 20480K, reserved 20864K
}
Event: 450.006 GC heap before
{Heap before GC invocations=6 (full 1):
 def new generation   total 39424K, used 39424K [0x04a00000, 0x074c0000, 0x0f4a0000)
  eden space 35072K, 100% used [0x04a00000, 0x06c40000, 0x06c40000)
  from space 4352K, 100% used [0x07080000, 0x074c0000, 0x074c0000)
  to   space 4352K,   0% used [0x06c40000, 0x06c40000, 0x07080000)
 tenured generation   total 87424K, used 30064K [0x0f4a0000, 0x14a00000, 0x24a00000)
   the space 87424K,  34% used [0x0f4a0000, 0x111fc248, 0x111fc400, 0x14a00000)
 Metaspace       used 19841K, capacity 20347K, committed 20480K, reserved 20864K
Event: 450.016 GC heap after
Heap after GC invocations=7 (full 1):
 def new generation   total 39424K, used 1084K [0x04a00000, 0x074c0000, 0x0f4a0000)
  eden space 35072K,   0% used [0x04a00000, 0x04a00000, 0x06c40000)
  from space 4352K,  24% used [0x06c40000, 0x06d4f1d8, 0x07080000)
  to   space 4352K,   0% used [0x07080000, 0x07080000, 0x074c0000)
 tenured generation   total 87424K, used 34371K [0x0f4a0000, 0x14a00000, 0x24a00000)
   the space 87424K,  39% used [0x0f4a0000, 0x11630d28, 0x11630e00, 0x14a00000)
 Metaspace       used 19841K, capacity 20347K, committed 20480K, reserved 20864K
}
Event: 543.783 GC heap before
{Heap before GC invocations=7 (full 1):
 def new generation   total 39424K, used 21133K [0x04a00000, 0x074c0000, 0x0f4a0000)
  eden space 35072K,  57% used [0x04a00000, 0x05d943f8, 0x06c40000)
  from space 4352K,  24% used [0x06c40000, 0x06d4f1d8, 0x07080000)
  to   space 4352K,   0% used [0x07080000, 0x07080000, 0x074c0000)
 tenured generation   total 87424K, used 34371K [0x0f4a0000, 0x14a00000, 0x24a00000)
   the space 87424K,  39% used [0x0f4a0000, 0x11630d28, 0x11630e00, 0x14a00000)
 Metaspace       used 19959K, capacity 20478K, committed 20480K, reserved 20864K
Event: 543.841 GC heap after
Heap after GC invocations=8 (full 2):
 def new generation   total 39424K, used 0K [0x04a00000, 0x074c0000, 0x0f4a0000)
  eden space 35072K,   0% used [0x04a00000, 0x04a00000, 0x06c40000)
  from space 4352K,   0% used [0x06c40000, 0x06c40000, 0x07080000)
  to   space 4352K,   0% used [0x07080000, 0x07080000, 0x074c0000)
 tenured generation   total 87424K, used 31328K [0x0f4a0000, 0x14a00000, 0x24a00000)
   the space 87424K,  35% used [0x0f4a0000, 0x11338008, 0x11338200, 0x14a00000)
 Metaspace       used 19778K, capacity 20245K, committed 20480K, reserved 20864K
}
Event: 902.529 GC heap before
{Heap before GC invocations=8 (full 2):
 def new generation   total 39424K, used 35072K [0x04a00000, 0x074c0000, 0x0f4a0000)
  eden space 35072K, 100% used [0x04a00000, 0x06c40000, 0x06c40000)
  from space 4352K,   0% used [0x06c40000, 0x06c40000, 0x07080000)
  to   space 4352K,   0% used [0x07080000, 0x07080000, 0x074c0000)
 tenured generation   total 87424K, used 31328K [0x0f4a0000, 0x14a00000, 0x24a00000)
   the space 87424K,  35% used [0x0f4a0000, 0x11338008, 0x11338200, 0x14a00000)
 Metaspace       used 19792K, capacity 20280K, committed 20608K, reserved 20864K
Event: 902.540 GC heap after
Heap after GC invocations=9 (full 2):
 def new generation   total 39424K, used 4260K [0x04a00000, 0x074c0000, 0x0f4a0000)
  eden space 35072K,   0% used [0x04a00000, 0x04a00000, 0x06c40000)
  from space 4352K,  97% used [0x07080000, 0x074a91b8, 0x074c0000)
  to   space 4352K,   0% used [0x06c40000, 0x06c40000, 0x07080000)
 tenured generation   total 87424K, used 31328K [0x0f4a0000, 0x14a00000, 0x24a00000)
   the space 87424K,  35% used [0x0f4a0000, 0x11338008, 0x11338200, 0x14a00000)
 Metaspace       used 19792K, capacity 20280K, committed 20608K, reserved 20864K
}
Event: 1312.656 GC heap before
{Heap before GC invocations=9 (full 2):
 def new generation   total 39424K, used 39332K [0x04a00000, 0x074c0000, 0x0f4a0000)
  eden space 35072K, 100% used [0x04a00000, 0x06c40000, 0x06c40000)
  from space 4352K,  97% used [0x07080000, 0x074a91b8, 0x074c0000)
  to   space 4352K,   0% used [0x06c40000, 0x06c40000, 0x07080000)
 tenured generation   total 87424K, used 31328K [0x0f4a0000, 0x14a00000, 0x24a00000)
   the space 87424K,  35% used [0x0f4a0000, 0x11338008, 0x11338200, 0x14a00000)
 Metaspace       used 19909K, capacity 20376K, committed 20608K, reserved 20864K
Event: 1312.661 GC heap after
Heap after GC invocations=10 (full 2):
 def new generation   total 39424K, used 222K [0x04a00000, 0x074c0000, 0x0f4a0000)
  eden space 35072K,   0% used [0x04a00000, 0x04a00000, 0x06c40000)
  from space 4352K,   5% used [0x06c40000, 0x06c779a8, 0x07080000)
  to   space 4352K,   0% used [0x07080000, 0x07080000, 0x074c0000)
 tenured generation   total 87424K, used 35577K [0x0f4a0000, 0x14a00000, 0x24a00000)
   the space 87424K,  40% used [0x0f4a0000, 0x1175e5a8, 0x1175e600, 0x14a00000)
 Metaspace       used 19909K, capacity 20376K, committed 20608K, reserved 20864K
}

Deoptimization events (0 events):
No events

Internal exceptions (10 events):
Event: 505.541 Thread 0x26f9f800 Exception <a 'sun/nio/fs/WindowsException'> (0x05867140) thrown at [C:\workspace\8-2-build-windows-i586-cygwin\jdk8u92\6642\hotspot\src\share\vm\prims\jni.cpp, line 709]
Event: 505.544 Thread 0x26f9f800 Exception <a 'sun/nio/fs/WindowsException'> (0x0587f708) thrown at [C:\workspace\8-2-build-windows-i586-cygwin\jdk8u92\6642\hotspot\src\share\vm\prims\jni.cpp, line 709]
Event: 505.544 Thread 0x26f9f800 Exception <a 'sun/nio/fs/WindowsException'> (0x0587fe78) thrown at [C:\workspace\8-2-build-windows-i586-cygwin\jdk8u92\6642\hotspot\src\share\vm\prims\jni.cpp, line 709]
Event: 505.546 Thread 0x26f9f800 Exception <a 'sun/nio/fs/WindowsException'> (0x0588a240) thrown at [C:\workspace\8-2-build-windows-i586-cygwin\jdk8u92\6642\hotspot\src\share\vm\prims\jni.cpp, line 709]
Event: 505.546 Thread 0x26f9f800 Exception <a 'sun/nio/fs/WindowsException'> (0x0588a7f8) thrown at [C:\workspace\8-2-build-windows-i586-cygwin\jdk8u92\6642\hotspot\src\share\vm\prims\jni.cpp, line 709]
Event: 505.547 Thread 0x26f9f800 Exception <a 'sun/nio/fs/WindowsException'> (0x058965a8) thrown at [C:\workspace\8-2-build-windows-i586-cygwin\jdk8u92\6642\hotspot\src\share\vm\prims\jni.cpp, line 709]
Event: 505.547 Thread 0x26f9f800 Exception <a 'sun/nio/fs/WindowsException'> (0x05896b88) thrown at [C:\workspace\8-2-build-windows-i586-cygwin\jdk8u92\6642\hotspot\src\share\vm\prims\jni.cpp, line 709]
Event: 538.335 Thread 0x26cc4400 Exception <a 'java/io/IOException'> (0x05a74768) thrown at [C:\workspace\8-2-build-windows-i586-cygwin\jdk8u92\6642\hotspot\src\share\vm\prims\jni.cpp, line 709]
Event: 538.335 Thread 0x26cc4400 Exception <a 'java/io/IOException'> (0x05a74ed8) thrown at [C:\workspace\8-2-build-windows-i586-cygwin\jdk8u92\6642\hotspot\src\share\vm\prims\jni.cpp, line 709]
Event: 538.336 Thread 0x26cc4400 Exception <a 'java/io/IOException'> (0x05a754e0) thrown at [C:\workspace\8-2-build-windows-i586-cygwin\jdk8u92\6642\hotspot\src\share\vm\prims\jni.cpp, line 709]

Events (10 events):
Event: 1608.811 Thread 0x254f0000 flushing nmethod 0x02b93008
Event: 1608.811 Thread 0x254f0000 flushing nmethod 0x02b93288
Event: 1611.173 Thread 0x254f0000 flushing nmethod 0x02b94508
Event: 1611.174 Thread 0x254f0000 flushing nmethod 0x02b94708
Event: 1611.174 Thread 0x254f0000 flushing nmethod 0x02b94908
Event: 1611.174 Thread 0x254f0000 flushing nmethod 0x02b94bc8
Event: 1620.883 Executing VM operation: RevokeBias
Event: 1620.883 Executing VM operation: RevokeBias done
Event: 1620.884 Executing VM operation: BulkRevokeBias
Event: 1620.884 Executing VM operation: BulkRevokeBias done


Dynamic libraries:
0x00060000 - 0x00093000 	C:\Program Files (x86)\Arduino\java\bin\javaw.exe
0x77530000 - 0x776b3000 	C:\Windows\SYSTEM32\ntdll.dll
0x745c0000 - 0x746a0000 	C:\Windows\System32\KERNEL32.DLL
0x74c90000 - 0x74e31000 	C:\Windows\System32\KERNELBASE.dll
0x746a0000 - 0x74717000 	C:\Windows\System32\ADVAPI32.dll
0x75050000 - 0x7510e000 	C:\Windows\System32\msvcrt.dll
0x74ec0000 - 0x74f01000 	C:\Windows\System32\sechost.dll
0x76f70000 - 0x77031000 	C:\Windows\System32\RPCRT4.dll
0x73ff0000 - 0x7400e000 	C:\Windows\System32\SspiCli.dll
0x73fe0000 - 0x73fea000 	C:\Windows\System32\CRYPTBASE.dll
0x74820000 - 0x7487a000 	C:\Windows\System32\bcryptPrimitives.dll
0x740f0000 - 0x7424f000 	C:\Windows\System32\USER32.dll
0x756b0000 - 0x756c5000 	C:\Windows\System32\win32u.dll
0x75110000 - 0x7513b000 	C:\Windows\System32\GDI32.dll
0x75990000 - 0x75aeb000 	C:\Windows\System32\gdi32full.dll
0x73050000 - 0x7325a000 	C:\Windows\WinSxS\x86_microsoft.windows.common-controls_6595b64144ccf1df_6.0.14393.447_none_89c64d28dafea4b9\COMCTL32.dll
0x77040000 - 0x77251000 	C:\Windows\System32\combase.dll
0x772e0000 - 0x773c0000 	C:\Windows\System32\ucrtbase.dll
0x74fb0000 - 0x74fd5000 	C:\Windows\System32\IMM32.DLL
0x73b60000 - 0x73c1f000 	C:\Program Files (x86)\Arduino\java\bin\msvcr100.dll
0x6e030000 - 0x6e3fb000 	C:\Program Files (x86)\Arduino\java\bin\client\jvm.dll
0x74eb0000 - 0x74eb6000 	C:\Windows\System32\PSAPI.DLL
0x73980000 - 0x73988000 	C:\Windows\SYSTEM32\WSOCK32.dll
0x74e40000 - 0x74ea3000 	C:\Windows\System32\WS2_32.dll
0x6c250000 - 0x6c274000 	C:\Windows\SYSTEM32\WINMM.dll
0x73fd0000 - 0x73fd8000 	C:\Windows\SYSTEM32\VERSION.dll
0x6c220000 - 0x6c243000 	C:\Windows\SYSTEM32\WINMMBASE.dll
0x75af0000 - 0x75b26000 	C:\Windows\System32\cfgmgr32.dll
0x73b20000 - 0x73b51000 	C:\Program Files (x86)\Arduino\java\bin\splashscreen.dll
0x73c60000 - 0x73c6c000 	C:\Program Files (x86)\Arduino\java\bin\verify.dll
0x72fb0000 - 0x73025000 	C:\Windows\system32\uxtheme.dll
0x73af0000 - 0x73b11000 	C:\Program Files (x86)\Arduino\java\bin\java.dll
0x742e0000 - 0x74415000 	C:\Windows\System32\MSCTF.dll
0x74510000 - 0x745a4000 	C:\Windows\System32\OLEAUT32.dll
0x77260000 - 0x772db000 	C:\Windows\System32\msvcp_win.dll
0x6e860000 - 0x6e8db000 	C:\Program Files (x86)\Common Files\Microsoft Shared\Ink\tiptsf.dll
0x73ad0000 - 0x73ae3000 	C:\Program Files (x86)\Arduino\java\bin\zip.dll
0x75b80000 - 0x75b8d000 	C:\Windows\System32\kernel.appcore.dll
0x756d0000 - 0x75754000 	C:\Windows\System32\clbcatq.dll
0x6ec30000 - 0x6ed82000 	C:\Windows\System32\uiautomationcore.dll
0x73c90000 - 0x73caa000 	C:\Windows\System32\USERENV.dll
0x740d0000 - 0x740df000 	C:\Windows\System32\profapi.dll
0x6e8e0000 - 0x6e961000 	C:\Windows\SYSTEM32\sxs.dll
0x6b6a0000 - 0x6b6f4000 	C:\Windows\System32\OLEACC.dll
0x6b630000 - 0x6b69c000 	C:\Windows\SYSTEM32\twinapi.dll
0x74250000 - 0x742d8000 	C:\Windows\System32\shcore.dll
0x71c40000 - 0x71d31000 	C:\Windows\SYSTEM32\twinapi.appcore.dll
0x738c0000 - 0x738db000 	C:\Windows\SYSTEM32\bcrypt.dll
0x75b90000 - 0x76f69000 	C:\Windows\System32\SHELL32.dll
0x75140000 - 0x756ae000 	C:\Windows\System32\windows.storage.dll
0x75b30000 - 0x75b75000 	C:\Windows\System32\powrprof.dll
0x74fe0000 - 0x75026000 	C:\Windows\System32\shlwapi.dll
0x74420000 - 0x7450a000 	C:\Windows\System32\ole32.dll
0x6e660000 - 0x6e7a5000 	C:\Program Files (x86)\Arduino\java\bin\awt.dll
0x65140000 - 0x651d2000 	C:\Windows\SYSTEM32\apphelp.dll
0x72f90000 - 0x72faf000 	C:\Windows\system32\dwmapi.dll
0x61740000 - 0x6176c000 	C:\Program Files (x86)\Arduino\lib\listSerialsj.dll
0x74880000 - 0x74c8b000 	C:\Windows\System32\SETUPAPI.dll
0x73c70000 - 0x73c83000 	C:\Windows\SYSTEM32\CRYPTSP.dll
0x6e5f0000 - 0x6e61f000 	C:\Windows\system32\rsaenh.dll
0x73a00000 - 0x73a16000 	C:\Program Files (x86)\Arduino\java\bin\net.dll
0x73430000 - 0x7347e000 	C:\Windows\system32\mswsock.dll
0x73380000 - 0x733af000 	C:\Windows\SYSTEM32\IPHLPAPI.DLL
0x740e0000 - 0x740e7000 	C:\Windows\System32\NSI.dll
0x6c010000 - 0x6c023000 	C:\Windows\SYSTEM32\dhcpcsvc6.DLL
0x6bff0000 - 0x6c004000 	C:\Windows\SYSTEM32\dhcpcsvc.DLL
0x739f0000 - 0x739ff000 	C:\Program Files (x86)\Arduino\java\bin\nio.dll
0x265e0000 - 0x2661d000 	C:\Users\tomco\AppData\Local\Temp\jna-110543166\jna3611588863801254709.dll
0x739b0000 - 0x739e9000 	C:\Program Files (x86)\Arduino\java\bin\fontmanager.dll
0x6e620000 - 0x6e652000 	C:\Program Files (x86)\Arduino\java\bin\t2k.dll
0x6ffb0000 - 0x6ffd2000 	C:\Windows\SYSTEM32\DEVOBJ.dll
0x758e0000 - 0x75924000 	C:\Windows\System32\WINTRUST.dll
0x745b0000 - 0x745be000 	C:\Windows\System32\MSASN1.dll
0x75760000 - 0x758dd000 	C:\Windows\System32\CRYPT32.dll
0x733b0000 - 0x7342c000 	C:\Windows\SYSTEM32\DNSAPI.dll
0x73370000 - 0x73378000 	C:\Windows\System32\rasadhlp.dll
0x73320000 - 0x73369000 	C:\Windows\System32\fwpuclnt.dll
0x6dfc0000 - 0x6e029000 	C:\Program Files (x86)\Arduino\msvcp100.dll
0x6df00000 - 0x6dfbe000 	C:\Program Files (x86)\Arduino\msvcr100.dll
0x27f60000 - 0x27f92000 	C:\Program Files (x86)\Arduino\lib\AStylej.dll
0x6ded0000 - 0x6def4000 	C:\Program Files (x86)\Arduino\java\bin\dcpr.dll
0x64af0000 - 0x64c5e000 	C:\Windows\SYSTEM32\WindowsCodecs.dll
0x72120000 - 0x72164000 	C:\Windows\system32\dataexchange.dll
0x71dd0000 - 0x71ee3000 	C:\Windows\system32\dcomp.dll
0x71ef0000 - 0x7211f000 	C:\Windows\system32\d3d11.dll
0x71d40000 - 0x71dc4000 	C:\Windows\system32\dxgi.dll
0x6deb0000 - 0x6ded0000 	C:\Program Files (x86)\Arduino\java\bin\sunec.dll
0x6dea0000 - 0x6dea9000 	C:\Program Files (x86)\Arduino\java\bin\sunmscapi.dll
0x6b790000 - 0x6b7a2000 	C:\Windows\system32\napinsp.dll
0x6b770000 - 0x6b786000 	C:\Windows\system32\pnrpnsp.dll
0x6b750000 - 0x6b764000 	C:\Windows\system32\NLAapi.dll
0x6b740000 - 0x6b74c000 	C:\Windows\System32\winrnr.dll
0x6b720000 - 0x6b731000 	C:\Windows\System32\wshbth.dll
0x64000000 - 0x6401b000 	C:\Users\tomco\.jssc\windows\jSSC-2.8_x86.dll
0x73540000 - 0x73685000 	C:\Windows\SYSTEM32\dbghelp.dll

VM Arguments:
jvm_args: -Dsun.java2d.d3d=false -Djna.nosys=true -DAPP_DIR=C:\Program Files (x86)\Arduino -Xms128M -Xmx512M 
java_command: processing.app.Base C:\Users\tomco\OneDrive\Uni - Bristol\4th Year\Project\Hub\AT\AT\AT.ino
java_class_path (initial): C:\Program Files (x86)\Arduino\lib\apple.jar;C:\Program Files (x86)\Arduino\lib\arduino-core.jar;C:\Program Files (x86)\Arduino\lib\batik-1.8.jar;C:\Program Files (x86)\Arduino\lib\batik-anim-1.8.jar;C:\Program Files (x86)\Arduino\lib\batik-awt-util-1.8.jar;C:\Program Files (x86)\Arduino\lib\batik-bridge-1.8.jar;C:\Program Files (x86)\Arduino\lib\batik-codec-1.8.jar;C:\Program Files (x86)\Arduino\lib\batik-css-1.8.jar;C:\Program Files (x86)\Arduino\lib\batik-dom-1.8.jar;C:\Program Files (x86)\Arduino\lib\batik-ext-1.8.jar;C:\Program Files (x86)\Arduino\lib\batik-gvt-1.8.jar;C:\Program Files (x86)\Arduino\lib\batik-parser-1.8.jar;C:\Program Files (x86)\Arduino\lib\batik-rasterizer-1.8.jar;C:\Program Files (x86)\Arduino\lib\batik-script-1.8.jar;C:\Program Files (x86)\Arduino\lib\batik-squiggle-1.8.jar;C:\Program Files (x86)\Arduino\lib\batik-svg-dom-1.8.jar;C:\Program Files (x86)\Arduino\lib\batik-svgpp-1.8.jar;C:\Program Files (x86)\Arduino\lib\batik-transcoder-1.8.jar;C:\Program Files (x86)\Arduino\lib\batik-util-1.8.jar;C:\Program Files (x86)\Arduino\lib\batik-xml-1.8.jar;C:\Program Files (x86)\Arduino\lib\bcpg-jdk15on-152.jar;C:\Program Files (x86)\Arduino\lib\bcprov-jdk15on-152.jar;C:\Program Files (x86)\Arduino\lib\commons-codec-1.7.jar;C:\Program Files (x86)\Arduino\lib\commons-compress-1.8.jar;C:\Program Files (x86)\Arduino\lib\commons-exec-1.1.jar;C:\Program Files (x86)\Arduino\lib\commons-httpclient-3.1.jar;C:\Program Files (x86)\Arduino\lib\commons-lang3-3.3.2.jar;C:\Program Files (x86)\Arduino\lib\commons-logging-1.0.4.jar;C:\Program Files (x86)\Arduino\lib\commons-net-3.3.jar;C:\Program Files (x86)\Arduino\lib\jackson-annotations-2.6.3.jar;C:\Program Files (x86)\Arduino\lib\jackson-core-2.6.3.jar;C:\Program Files (x86)\Arduino\lib\jackson-databind-2.6.3.jar;C:\Program Files (x86)\Arduino\lib\jackson-module-mrbean-2.6.3.jar;C:\Program Files (x86)\Arduino\lib\java-semver-0.8.0.jar;C:\Program Files (x86)\Arduino\lib\jmdns-3.4.1.j
Launcher Type: SUN_STANDARD

Environment Variables:
PATH=C:\Program Files (x86)\Intel\iCLS Client\;C:\Program Files\Intel\iCLS Client\;C:\Windows\system32;C:\Windows;C:\Windows\System32\Wbem;C:\Windows\System32\WindowsPowerShell\v1.0\;C:\Program Files\Intel\Intel(R) Management Engine Components\DAL;C:\Program Files\Intel\Intel(R) Management Engine Components\IPT;C:\Program Files (x86)\Intel\Intel(R) Management Engine Components\DAL;C:\Program Files (x86)\Intel\Intel(R) Management Engine Components\IPT;C:\Program Files (x86)\Skype\Phone\;C:\Program Files\MATLAB\R2016b\runtime\win64;C:\Program Files\MATLAB\R2016b\bin;C:\Program Files (x86)\Qt\5.7\mingw53_32\bin;C:\Users\tomco\.dnx\bin;C:\Program Files\Microsoft DNX\Dnvm\;C:\Program Files\Microsoft SQL Server\130\Tools\Binn\;C:\Program Files (x86)\Windows Kits\8.1\Windows Performance Toolkit\;C:\Users\tomco\AppData\Local\Microsoft\WindowsApps;;C:\Program Files (x86)\Arduino\java\bin
USERNAME=tomco
OS=Windows_NT
PROCESSOR_IDENTIFIER=Intel64 Family 6 Model 58 Stepping 9, GenuineIntel



---------------  S Y S T E M  ---------------

OS: Windows 10.0 , 64 bit Build 14393 (10.0.14393.0)

CPU:total 4 (2 cores per cpu, 2 threads per core) family 6 model 58 stepping 9, cmov, cx8, fxsr, mmx, sse, sse2, sse3, ssse3, sse4.1, sse4.2, popcnt, avx, aes, clmul, erms, ht, tsc, tscinvbit, tscinv

Memory: 4k page, physical 8264984k(2681292k free), swap 14948840k(2673708k free)

vm_info: Java HotSpot(TM) Client VM (25.92-b14) for windows-x86 JRE (1.8.0_92-b14), built on Mar 31 2016 21:09:21 by "java_re" with MS VC++ 10.0 (VS2010)

time: Thu Feb 09 22:10:16 2017
elapsed time: 1639 seconds (0d 0h 27m 19s)

