#
# A fatal error has been detected by the Java Runtime Environment:
#
#  EXCEPTION_ACCESS_VIOLATION (0xc0000005) at pc=0x617493cd, pid=6300, tid=0x00001088
#
# JRE version: Java(TM) SE Runtime Environment (8.0_92-b14) (build 1.8.0_92-b14)
# Java VM: Java HotSpot(TM) Client VM (25.92-b14 mixed mode windows-x86 )
# Problematic frame:
# C  [listSerialsj.dll+0x93cd]
#
# Failed to write core dump. Minidumps are not enabled by default on client versions of Windows
#
# If you would like to submit a bug report, please visit:
#   http://bugreport.java.com/bugreport/crash.jsp
# The crash happened outside the Java Virtual Machine in native code.
# See problematic frame for where to report the bug.
#

---------------  T H R E A D  ---------------

Current thread (0x277abc00):  JavaThread "cc.arduino.packages.discoverers.serial.SerialBoardsLister" [_thread_in_native, id=4232, stack(0x04f20000,0x04f70000)]

siginfo: ExceptionCode=0xc0000005, writing address 0x00000000

Registers:
EAX=0x00000000, EBX=0x00000af0, ECX=0x00000000, EDX=0x00000001
ESP=0x04f6efa0, EBP=0x04f6f3f8, ESI=0x00000002, EDI=0x0113aff8
EIP=0x617493cd, EFLAGS=0x00010246

Top of Stack: (sp=0x04f6efa0)
0x04f6efa0:   0142e668 0000002e 00000002 00000000
0x04f6efb0:   00000003 00000000 00000000 00000000
0x04f6efc0:   2539b078 2539b088 0000006c 760aa540
0x04f6efd0:   26b30990 00f6f02c 0113a430 00000071
0x04f6efe0:   277abd40 04f6f020 00000025 00000002
0x04f6eff0:   00000001 0000006c 0000001a 0000008c
0x04f6f000:   008cf02c 00000000 314d4f43 00390030
0x04f6f010:   00425355 04f6f028 04f6f050 02e647b4 

Instructions: (pc=0x617493cd)
0x617493ad:   8b 45 08 8b 90 94 00 00 00 85 d2 74 16 8b 40 2c
0x617493bd:   c7 44 24 04 2e 00 00 00 89 04 24 e8 73 14 00 00
0x617493cd:   c6 00 00 8d 85 04 fc ff ff 89 44 24 18 8d 85 0a
0x617493dd:   fc ff ff 89 44 24 10 a1 e4 01 75 61 c7 85 04 fc 


Register to memory mapping:

EAX=0x00000000 is an unknown value
EBX=0x00000af0 is an unknown value
ECX=0x00000000 is an unknown value
EDX=0x00000001 is an unknown value
ESP=0x04f6efa0 is pointing into the stack for thread: 0x277abc00
EBP=0x04f6f3f8 is pointing into the stack for thread: 0x277abc00
ESI=0x00000002 is an unknown value
EDI=0x0113aff8 is an unknown value


Stack: [0x04f20000,0x04f70000],  sp=0x04f6efa0,  free space=315k
Native frames: (J=compiled Java code, j=interpreted, Vv=VM code, C=native code)
C  [listSerialsj.dll+0x93cd]
C  [listSerialsj.dll+0x2211]

Java frames: (J=compiled Java code, j=interpreted, Vv=VM code)
J 3737  processing.app.Platform.listSerialsNative()[Ljava/lang/String; (0 bytes) @ 0x032887cf [0x03288790+0x3f]
J 3736 C1 processing.app.Platform.listSerials()Ljava/util/List; (15 bytes) @ 0x02f25d90 [0x02f25d30+0x60]
j  cc.arduino.packages.discoverers.serial.SerialBoardsLister.retriggerDiscovery(Z)V+22
j  cc.arduino.packages.discoverers.serial.SerialBoardsLister.run()V+9
J 3687% C1 java.util.TimerThread.mainLoop()V (232 bytes) @ 0x03270b14 [0x032706e0+0x434]
j  java.util.TimerThread.run()V+1
v  ~StubRoutines::call_stub

---------------  P R O C E S S  ---------------

Java Threads: ( => current thread )
  0x27ce1400 JavaThread "EventThread COM10" [_thread_in_native, id=2428, stack(0x25e80000,0x25ed0000)]
  0x27ce0400 JavaThread "Keep-Alive-SocketCleaner" daemon [_thread_blocked, id=12828, stack(0x02db0000,0x02e00000)]
  0x27ce2c00 JavaThread "DestroyJavaVM" [_thread_blocked, id=13708, stack(0x02ba0000,0x02bf0000)]
  0x27ce0000 JavaThread "TimerQueue" daemon [_thread_blocked, id=13620, stack(0x295a0000,0x295f0000)]
  0x27cdf800 JavaThread "AWT-EventQueue-0" [_thread_blocked, id=14140, stack(0x28d60000,0x28db0000)]
  0x27ce1800 JavaThread "AWT-Shutdown" [_thread_blocked, id=2308, stack(0x28cd0000,0x28d20000)]
  0x2785f800 JavaThread "Batik CleanerThread" daemon [_thread_blocked, id=1784, stack(0x28920000,0x28970000)]
  0x2785f400 JavaThread "JmDNS(fe80:0:0:0:88ca:4717:581c:e15a%wlan1.local.).Timer" daemon [_thread_blocked, id=12004, stack(0x28720000,0x28770000)]
  0x2785dc00 JavaThread "JmDNS(fe80:0:0:0:88ca:4717:581c:e15a%wlan1.local.).State.Timer" [_thread_blocked, id=3128, stack(0x28690000,0x286e0000)]
  0x2785cc00 JavaThread "JmDNS(fe80:0:0:0:88ca:4717:581c:e15a%wlan1.local.).Timer" daemon [_thread_blocked, id=4236, stack(0x281c0000,0x28210000)]
  0x2785ec00 JavaThread "SocketListener(fe80:0:0:0:88ca:4717:581c:e15a%wlan1.local.)" daemon [_thread_in_native, id=10448, stack(0x28130000,0x28180000)]
  0x2785c800 JavaThread "JmDNS(TCPC-lan.local.).Timer" daemon [_thread_blocked, id=9680, stack(0x28400000,0x28450000)]
  0x2785e800 JavaThread "JmDNS(TCPC-lan.local.).State.Timer" [_thread_blocked, id=9360, stack(0x28370000,0x283c0000)]
  0x2785c000 JavaThread "JmDNS(TCPC-lan.local.).Timer" daemon [_thread_blocked, id=3620, stack(0x282e0000,0x28330000)]
  0x27821c00 JavaThread "SocketListener(TCPC-lan.local.)" daemon [_thread_in_native, id=14032, stack(0x28250000,0x282a0000)]
  0x277ad400 JavaThread "cc.arduino.packages.discoverers.network.BoardReachabilityFilter" [_thread_blocked, id=9148, stack(0x274e0000,0x27530000)]
  0x277ac800 JavaThread "cc.arduino.packages.discoverers.network.NetworkChecker" [_thread_in_native, id=6340, stack(0x26a40000,0x26a90000)]
=>0x277abc00 JavaThread "cc.arduino.packages.discoverers.serial.SerialBoardsLister" [_thread_in_native, id=4232, stack(0x04f20000,0x04f70000)]
  0x265fb000 JavaThread "AWT-Windows" daemon [_thread_in_native, id=13012, stack(0x26ad0000,0x26b20000)]
  0x265ba400 JavaThread "Java2D Disposer" daemon [_thread_blocked, id=7580, stack(0x269b0000,0x26a00000)]
  0x25cb1400 JavaThread "Service Thread" daemon [_thread_blocked, id=9512, stack(0x263a0000,0x263f0000)]
  0x25cbc400 JavaThread "C1 CompilerThread0" daemon [_thread_blocked, id=14168, stack(0x26310000,0x26360000)]
  0x25cba800 JavaThread "Attach Listener" daemon [_thread_blocked, id=13008, stack(0x26280000,0x262d0000)]
  0x25cb8800 JavaThread "Signal Dispatcher" daemon [_thread_blocked, id=9500, stack(0x261f0000,0x26240000)]
  0x25c9a800 JavaThread "Finalizer" daemon [_thread_blocked, id=13320, stack(0x25fe0000,0x26030000)]
  0x25c84400 JavaThread "Reference Handler" daemon [_thread_blocked, id=10064, stack(0x25b20000,0x25b70000)]

Other Threads:
  0x02dad800 VMThread [stack: 0x25a90000,0x25ae0000] [id=10052]
  0x25cb5800 WatcherThread [stack: 0x26430000,0x26480000] [id=6344]

VM state:not at safepoint (normal execution)

VM Mutex/Monitor currently owned by a thread: None

Heap:
 def new generation   total 39424K, used 17964K [0x05200000, 0x07cc0000, 0x0fca0000)
  eden space 35072K,  51% used [0x05200000, 0x0638a820, 0x07440000)
  from space 4352K,   0% used [0x07880000, 0x07880a20, 0x07cc0000)
  to   space 4352K,   0% used [0x07440000, 0x07440000, 0x07880000)
 tenured generation   total 87424K, used 41463K [0x0fca0000, 0x15200000, 0x25200000)
   the space 87424K,  47% used [0x0fca0000, 0x1251df80, 0x1251e000, 0x15200000)
 Metaspace       used 20252K, capacity 20850K, committed 20864K, reserved 20864K

Card table byte_map: [0x050c0000,0x051d0000] byte_map_base: 0x05097000

Polling page: 0x01360000

CodeCache: size=32768Kb used=2773Kb max_used=4268Kb free=29994Kb
 bounds [0x02e60000, 0x03290000, 0x04e60000]
 total_blobs=1726 nmethods=1447 adapters=208
 compilation: enabled

Compilation events (10 events):
Event: 3673.050 Thread 0x25cbc400 3779             java.util.AbstractSequentialList::<init> (5 bytes)
Event: 3673.050 Thread 0x25cbc400 nmethod 3779 0x02f0c848 code [0x02f0c940, 0x02f0c9c0]
Event: 3673.286 Thread 0x25cbc400 3780             java.net.URI$Parser::scan (50 bytes)
Event: 3673.287 Thread 0x25cbc400 nmethod 3780 0x0323b208 code [0x0323b330, 0x0323b4f4]
Event: 3673.287 Thread 0x25cbc400 3781             java.net.URI$Parser::scan (73 bytes)
Event: 3673.288 Thread 0x25cbc400 nmethod 3781 0x02f22548 code [0x02f22670, 0x02f22874]
Event: 3673.390 Thread 0x25cbc400 3782             sun.net.www.MessageHeader::mergeHeader (382 bytes)
Event: 3673.393 Thread 0x25cbc400 nmethod 3782 0x03278108 code [0x032782d0, 0x03278cfc]
Event: 3675.070 Thread 0x25cbc400 3783             java.lang.CharacterDataLatin1::toLowerCase (39 bytes)
Event: 3675.070 Thread 0x25cbc400 nmethod 3783 0x02f22288 code [0x02f22380, 0x02f22460]

GC Heap History (10 events):
Event: 2404.112 GC heap before
{Heap before GC invocations=10 (full 2):
 def new generation   total 39424K, used 37662K [0x05200000, 0x07cc0000, 0x0fca0000)
  eden space 35072K, 100% used [0x05200000, 0x07440000, 0x07440000)
  from space 4352K,  59% used [0x07440000, 0x076c7bf8, 0x07880000)
  to   space 4352K,   0% used [0x07880000, 0x07880000, 0x07cc0000)
 tenured generation   total 87424K, used 36782K [0x0fca0000, 0x15200000, 0x25200000)
   the space 87424K,  42% used [0x0fca0000, 0x1208b900, 0x1208ba00, 0x15200000)
 Metaspace       used 20250K, capacity 20848K, committed 20864K, reserved 20864K
Event: 2404.124 GC heap after
Heap after GC invocations=11 (full 2):
 def new generation   total 39424K, used 446K [0x05200000, 0x07cc0000, 0x0fca0000)
  eden space 35072K,   0% used [0x05200000, 0x05200000, 0x07440000)
  from space 4352K,  10% used [0x07880000, 0x078efa70, 0x07cc0000)
  to   space 4352K,   0% used [0x07440000, 0x07440000, 0x07880000)
 tenured generation   total 87424K, used 39033K [0x0fca0000, 0x15200000, 0x25200000)
   the space 87424K,  44% used [0x0fca0000, 0x122be430, 0x122be600, 0x15200000)
 Metaspace       used 20250K, capacity 20848K, committed 20864K, reserved 20864K
}
Event: 3154.957 GC heap before
{Heap before GC invocations=11 (full 2):
 def new generation   total 39424K, used 35518K [0x05200000, 0x07cc0000, 0x0fca0000)
  eden space 35072K, 100% used [0x05200000, 0x07440000, 0x07440000)
  from space 4352K,  10% used [0x07880000, 0x078efa70, 0x07cc0000)
  to   space 4352K,   0% used [0x07440000, 0x07440000, 0x07880000)
 tenured generation   total 87424K, used 39033K [0x0fca0000, 0x15200000, 0x25200000)
   the space 87424K,  44% used [0x0fca0000, 0x122be430, 0x122be600, 0x15200000)
 Metaspace       used 20252K, capacity 20850K, committed 20864K, reserved 20864K
Event: 3154.961 GC heap after
Heap after GC invocations=12 (full 2):
 def new generation   total 39424K, used 144K [0x05200000, 0x07cc0000, 0x0fca0000)
  eden space 35072K,   0% used [0x05200000, 0x05200000, 0x07440000)
  from space 4352K,   3% used [0x07440000, 0x07464080, 0x07880000)
  to   space 4352K,   0% used [0x07880000, 0x07880000, 0x07cc0000)
 tenured generation   total 87424K, used 39033K [0x0fca0000, 0x15200000, 0x25200000)
   the space 87424K,  44% used [0x0fca0000, 0x122be430, 0x122be600, 0x15200000)
 Metaspace       used 20252K, capacity 20850K, committed 20864K, reserved 20864K
}
Event: 3667.991 GC heap before
{Heap before GC invocations=12 (full 2):
 def new generation   total 39424K, used 35216K [0x05200000, 0x07cc0000, 0x0fca0000)
  eden space 35072K, 100% used [0x05200000, 0x07440000, 0x07440000)
  from space 4352K,   3% used [0x07440000, 0x07464080, 0x07880000)
  to   space 4352K,   0% used [0x07880000, 0x07880000, 0x07cc0000)
 tenured generation   total 87424K, used 39033K [0x0fca0000, 0x15200000, 0x25200000)
   the space 87424K,  44% used [0x0fca0000, 0x122be430, 0x122be600, 0x15200000)
 Metaspace       used 20252K, capacity 20850K, committed 20864K, reserved 20864K
Event: 3668.004 GC heap after
Heap after GC invocations=13 (full 2):
 def new generation   total 39424K, used 2435K [0x05200000, 0x07cc0000, 0x0fca0000)
  eden space 35072K,   0% used [0x05200000, 0x05200000, 0x07440000)
  from space 4352K,  55% used [0x07880000, 0x07ae0e50, 0x07cc0000)
  to   space 4352K,   0% used [0x07440000, 0x07440000, 0x07880000)
 tenured generation   total 87424K, used 39033K [0x0fca0000, 0x15200000, 0x25200000)
   the space 87424K,  44% used [0x0fca0000, 0x122be430, 0x122be600, 0x15200000)
 Metaspace       used 20252K, capacity 20850K, committed 20864K, reserved 20864K
}
Event: 3675.812 GC heap before
{Heap before GC invocations=13 (full 2):
 def new generation   total 39424K, used 37507K [0x05200000, 0x07cc0000, 0x0fca0000)
  eden space 35072K, 100% used [0x05200000, 0x07440000, 0x07440000)
  from space 4352K,  55% used [0x07880000, 0x07ae0e50, 0x07cc0000)
  to   space 4352K,   0% used [0x07440000, 0x07440000, 0x07880000)
 tenured generation   total 87424K, used 39033K [0x0fca0000, 0x15200000, 0x25200000)
   the space 87424K,  44% used [0x0fca0000, 0x122be430, 0x122be600, 0x15200000)
 Metaspace       used 20252K, capacity 20850K, committed 20864K, reserved 20864K
Event: 3675.816 GC heap after
Heap after GC invocations=14 (full 2):
 def new generation   total 39424K, used 43K [0x05200000, 0x07cc0000, 0x0fca0000)
  eden space 35072K,   0% used [0x05200000, 0x05200000, 0x07440000)
  from space 4352K,   1% used [0x07440000, 0x0744af00, 0x07880000)
  to   space 4352K,   0% used [0x07880000, 0x07880000, 0x07cc0000)
 tenured generation   total 87424K, used 41463K [0x0fca0000, 0x15200000, 0x25200000)
   the space 87424K,  47% used [0x0fca0000, 0x1251df80, 0x1251e000, 0x15200000)
 Metaspace       used 20252K, capacity 20850K, committed 20864K, reserved 20864K
}
Event: 3683.617 GC heap before
{Heap before GC invocations=14 (full 2):
 def new generation   total 39424K, used 35115K [0x05200000, 0x07cc0000, 0x0fca0000)
  eden space 35072K, 100% used [0x05200000, 0x07440000, 0x07440000)
  from space 4352K,   1% used [0x07440000, 0x0744af00, 0x07880000)
  to   space 4352K,   0% used [0x07880000, 0x07880000, 0x07cc0000)
 tenured generation   total 87424K, used 41463K [0x0fca0000, 0x15200000, 0x25200000)
   the space 87424K,  47% used [0x0fca0000, 0x1251df80, 0x1251e000, 0x15200000)
 Metaspace       used 20252K, capacity 20850K, committed 20864K, reserved 20864K
Event: 3683.619 GC heap after
Heap after GC invocations=15 (full 2):
 def new generation   total 39424K, used 2K [0x05200000, 0x07cc0000, 0x0fca0000)
  eden space 35072K,   0% used [0x05200000, 0x05200000, 0x07440000)
  from space 4352K,   0% used [0x07880000, 0x07880a20, 0x07cc0000)
  to   space 4352K,   0% used [0x07440000, 0x07440000, 0x07880000)
 tenured generation   total 87424K, used 41463K [0x0fca0000, 0x15200000, 0x25200000)
   the space 87424K,  47% used [0x0fca0000, 0x1251df80, 0x1251e000, 0x15200000)
 Metaspace       used 20252K, capacity 20850K, committed 20864K, reserved 20864K
}

Deoptimization events (0 events):
No events

Internal exceptions (10 events):
Event: 1888.862 Thread 0x27ce6c00 Exception <a 'sun/nio/fs/WindowsException'> (0x05d2f488) thrown at [C:\workspace\8-2-build-windows-i586-cygwin\jdk8u92\6642\hotspot\src\share\vm\prims\jni.cpp, line 709]
Event: 1888.862 Thread 0x27ce6c00 Exception <a 'sun/nio/fs/WindowsException'> (0x05d2fa90) thrown at [C:\workspace\8-2-build-windows-i586-cygwin\jdk8u92\6642\hotspot\src\share\vm\prims\jni.cpp, line 709]
Event: 1888.865 Thread 0x27ce6c00 Exception <a 'sun/nio/fs/WindowsException'> (0x05d48f90) thrown at [C:\workspace\8-2-build-windows-i586-cygwin\jdk8u92\6642\hotspot\src\share\vm\prims\jni.cpp, line 709]
Event: 1888.866 Thread 0x27ce6c00 Exception <a 'sun/nio/fs/WindowsException'> (0x05d496d8) thrown at [C:\workspace\8-2-build-windows-i586-cygwin\jdk8u92\6642\hotspot\src\share\vm\prims\jni.cpp, line 709]
Event: 1888.868 Thread 0x27ce6c00 Exception <a 'sun/nio/fs/WindowsException'> (0x05d548e0) thrown at [C:\workspace\8-2-build-windows-i586-cygwin\jdk8u92\6642\hotspot\src\share\vm\prims\jni.cpp, line 709]
Event: 1888.868 Thread 0x27ce6c00 Exception <a 'sun/nio/fs/WindowsException'> (0x05d55050) thrown at [C:\workspace\8-2-build-windows-i586-cygwin\jdk8u92\6642\hotspot\src\share\vm\prims\jni.cpp, line 709]
Event: 1888.871 Thread 0x27ce6c00 Exception <a 'sun/nio/fs/WindowsException'> (0x05d5f488) thrown at [C:\workspace\8-2-build-windows-i586-cygwin\jdk8u92\6642\hotspot\src\share\vm\prims\jni.cpp, line 709]
Event: 1888.871 Thread 0x27ce6c00 Exception <a 'sun/nio/fs/WindowsException'> (0x05d5fa40) thrown at [C:\workspace\8-2-build-windows-i586-cygwin\jdk8u92\6642\hotspot\src\share\vm\prims\jni.cpp, line 709]
Event: 1888.874 Thread 0x27ce6c00 Exception <a 'sun/nio/fs/WindowsException'> (0x05d6b7e8) thrown at [C:\workspace\8-2-build-windows-i586-cygwin\jdk8u92\6642\hotspot\src\share\vm\prims\jni.cpp, line 709]
Event: 1888.874 Thread 0x27ce6c00 Exception <a 'sun/nio/fs/WindowsException'> (0x05d6bdc8) thrown at [C:\workspace\8-2-build-windows-i586-cygwin\jdk8u92\6642\hotspot\src\share\vm\prims\jni.cpp, line 709]

Events (10 events):
Event: 3675.816 Executing VM operation: GenCollectForAllocation done
Event: 3678.275 Executing VM operation: RevokeBias
Event: 3678.276 Executing VM operation: RevokeBias done
Event: 3683.276 Executing VM operation: RevokeBias
Event: 3683.277 Executing VM operation: RevokeBias done
Event: 3683.277 Executing VM operation: RevokeBias
Event: 3683.277 Executing VM operation: RevokeBias done
Event: 3683.277 Thread 0x27ce3000 Thread exited: 0x27ce3000
Event: 3683.616 Executing VM operation: GenCollectForAllocation
Event: 3683.619 Executing VM operation: GenCollectForAllocation done


Dynamic libraries:
0x012f0000 - 0x01323000 	C:\Program Files (x86)\Arduino\java\bin\javaw.exe
0x77040000 - 0x771c3000 	C:\Windows\SYSTEM32\ntdll.dll
0x73b80000 - 0x73c60000 	C:\Windows\System32\KERNEL32.DLL
0x75940000 - 0x75ae1000 	C:\Windows\System32\KERNELBASE.dll
0x76870000 - 0x768e7000 	C:\Windows\System32\ADVAPI32.dll
0x76ed0000 - 0x76f8e000 	C:\Windows\System32\msvcrt.dll
0x76a30000 - 0x76a71000 	C:\Windows\System32\sechost.dll
0x76c80000 - 0x76d41000 	C:\Windows\System32\RPCRT4.dll
0x73b00000 - 0x73b1e000 	C:\Windows\System32\SspiCli.dll
0x73af0000 - 0x73afa000 	C:\Windows\System32\CRYPTBASE.dll
0x76800000 - 0x7685a000 	C:\Windows\System32\bcryptPrimitives.dll
0x76d50000 - 0x76eaf000 	C:\Windows\System32\USER32.dll
0x76eb0000 - 0x76ec5000 	C:\Windows\System32\win32u.dll
0x75cf0000 - 0x75d1b000 	C:\Windows\System32\GDI32.dll
0x75b80000 - 0x75cdb000 	C:\Windows\System32\gdi32full.dll
0x72790000 - 0x7299a000 	C:\Windows\WinSxS\x86_microsoft.windows.common-controls_6595b64144ccf1df_6.0.14393.953_none_89c2555adb023171\COMCTL32.dll
0x75dc0000 - 0x75fd1000 	C:\Windows\System32\combase.dll
0x73c60000 - 0x73d40000 	C:\Windows\System32\ucrtbase.dll
0x75fe0000 - 0x76005000 	C:\Windows\System32\IMM32.DLL
0x5d3e0000 - 0x5d49f000 	C:\Program Files (x86)\Arduino\java\bin\msvcr100.dll
0x5d010000 - 0x5d3db000 	C:\Program Files (x86)\Arduino\java\bin\client\jvm.dll
0x76760000 - 0x76766000 	C:\Windows\System32\PSAPI.DLL
0x676f0000 - 0x676f8000 	C:\Windows\SYSTEM32\WSOCK32.dll
0x76a80000 - 0x76ae3000 	C:\Windows\System32\WS2_32.dll
0x65320000 - 0x65344000 	C:\Windows\SYSTEM32\WINMM.dll
0x73a40000 - 0x73a48000 	C:\Windows\SYSTEM32\VERSION.dll
0x652f0000 - 0x65313000 	C:\Windows\SYSTEM32\WINMMBASE.dll
0x75d80000 - 0x75db6000 	C:\Windows\System32\cfgmgr32.dll
0x5cfd0000 - 0x5d001000 	C:\Program Files (x86)\Arduino\java\bin\splashscreen.dll
0x72680000 - 0x726f5000 	C:\Windows\system32\uxtheme.dll
0x5cfc0000 - 0x5cfcc000 	C:\Program Files (x86)\Arduino\java\bin\verify.dll
0x5cf90000 - 0x5cfb1000 	C:\Program Files (x86)\Arduino\java\bin\java.dll
0x5cf70000 - 0x5cf83000 	C:\Program Files (x86)\Arduino\java\bin\zip.dll
0x768f0000 - 0x76a25000 	C:\Windows\System32\MSCTF.dll
0x75780000 - 0x75814000 	C:\Windows\System32\OLEAUT32.dll
0x75820000 - 0x7589b000 	C:\Windows\System32\msvcp_win.dll
0x677d0000 - 0x6784b000 	C:\Program Files (x86)\Common Files\Microsoft Shared\Ink\tiptsf.dll
0x76010000 - 0x7601d000 	C:\Windows\System32\kernel.appcore.dll
0x76770000 - 0x767f4000 	C:\Windows\System32\clbcatq.dll
0x5fc50000 - 0x5fda2000 	C:\Windows\System32\uiautomationcore.dll
0x738e0000 - 0x738fa000 	C:\Windows\System32\USERENV.dll
0x76860000 - 0x7686f000 	C:\Windows\System32\profapi.dll
0x743a0000 - 0x75779000 	C:\Windows\System32\SHELL32.dll
0x73d40000 - 0x742ae000 	C:\Windows\System32\windows.storage.dll
0x76490000 - 0x764d5000 	C:\Windows\System32\powrprof.dll
0x75d20000 - 0x75d66000 	C:\Windows\System32\shlwapi.dll
0x75af0000 - 0x75b78000 	C:\Windows\System32\shcore.dll
0x67850000 - 0x678d1000 	C:\Windows\SYSTEM32\sxs.dll
0x60530000 - 0x60584000 	C:\Windows\System32\OLEACC.dll
0x5ed60000 - 0x5edcc000 	C:\Windows\SYSTEM32\twinapi.dll
0x71310000 - 0x71401000 	C:\Windows\SYSTEM32\twinapi.appcore.dll
0x73990000 - 0x739ab000 	C:\Windows\SYSTEM32\bcrypt.dll
0x742b0000 - 0x7439a000 	C:\Windows\System32\ole32.dll
0x5ce20000 - 0x5cf65000 	C:\Program Files (x86)\Arduino\java\bin\awt.dll
0x64d60000 - 0x64df2000 	C:\Windows\SYSTEM32\apphelp.dll
0x72660000 - 0x7267f000 	C:\Windows\system32\dwmapi.dll
0x61740000 - 0x6176c000 	C:\Program Files (x86)\Arduino\lib\listSerialsj.dll
0x76080000 - 0x7648b000 	C:\Windows\System32\SETUPAPI.dll
0x739e0000 - 0x739f3000 	C:\Windows\SYSTEM32\CRYPTSP.dll
0x739b0000 - 0x739df000 	C:\Windows\system32\rsaenh.dll
0x5ce00000 - 0x5ce16000 	C:\Program Files (x86)\Arduino\java\bin\net.dll
0x72b60000 - 0x72bae000 	C:\Windows\system32\mswsock.dll
0x73860000 - 0x7388f000 	C:\Windows\SYSTEM32\IPHLPAPI.DLL
0x76af0000 - 0x76af7000 	C:\Windows\System32\NSI.dll
0x73720000 - 0x73733000 	C:\Windows\SYSTEM32\dhcpcsvc6.DLL
0x73700000 - 0x73714000 	C:\Windows\SYSTEM32\dhcpcsvc.DLL
0x5cdf0000 - 0x5cdff000 	C:\Program Files (x86)\Arduino\java\bin\nio.dll
0x27360000 - 0x2739d000 	C:\Users\tomco\AppData\Local\Temp\jna-110543166\jna1777607209892737155.dll
0x5cdb0000 - 0x5cde9000 	C:\Program Files (x86)\Arduino\java\bin\fontmanager.dll
0x5cd70000 - 0x5cda2000 	C:\Program Files (x86)\Arduino\java\bin\t2k.dll
0x6b780000 - 0x6b7a2000 	C:\Windows\SYSTEM32\DEVOBJ.dll
0x76ff0000 - 0x77034000 	C:\Windows\System32\WINTRUST.dll
0x75ce0000 - 0x75cee000 	C:\Windows\System32\MSASN1.dll
0x76b00000 - 0x76c7d000 	C:\Windows\System32\CRYPT32.dll
0x737d0000 - 0x7384d000 	C:\Windows\SYSTEM32\DNSAPI.dll
0x72b50000 - 0x72b58000 	C:\Windows\System32\rasadhlp.dll
0x72b00000 - 0x72b49000 	C:\Windows\System32\fwpuclnt.dll
0x5cba0000 - 0x5cc09000 	C:\Program Files (x86)\Arduino\msvcp100.dll
0x5cae0000 - 0x5cb9e000 	C:\Program Files (x86)\Arduino\msvcr100.dll
0x28770000 - 0x287a2000 	C:\Program Files (x86)\Arduino\lib\AStylej.dll
0x5cab0000 - 0x5cad4000 	C:\Program Files (x86)\Arduino\java\bin\dcpr.dll
0x6a380000 - 0x6a4ee000 	C:\Windows\SYSTEM32\WindowsCodecs.dll
0x717f0000 - 0x71834000 	C:\Windows\system32\dataexchange.dll
0x715c0000 - 0x717f0000 	C:\Windows\system32\d3d11.dll
0x714a0000 - 0x715b3000 	C:\Windows\system32\dcomp.dll
0x71410000 - 0x71493000 	C:\Windows\system32\dxgi.dll
0x5ca90000 - 0x5cab0000 	C:\Program Files (x86)\Arduino\java\bin\sunec.dll
0x5ca80000 - 0x5ca89000 	C:\Program Files (x86)\Arduino\java\bin\sunmscapi.dll
0x60600000 - 0x60612000 	C:\Windows\system32\napinsp.dll
0x605e0000 - 0x605f6000 	C:\Windows\system32\pnrpnsp.dll
0x605c0000 - 0x605d4000 	C:\Windows\system32\NLAapi.dll
0x605b0000 - 0x605bc000 	C:\Windows\System32\winrnr.dll
0x60590000 - 0x605a1000 	C:\Windows\System32\wshbth.dll
0x64000000 - 0x6401b000 	C:\Users\tomco\.jssc\windows\jSSC-2.8_x86.dll
0x73090000 - 0x731d5000 	C:\Windows\SYSTEM32\dbghelp.dll

VM Arguments:
jvm_args: -Dsun.java2d.d3d=false -Djna.nosys=true -DAPP_DIR=C:\Program Files (x86)\Arduino -Xms128M -Xmx512M 
java_command: processing.app.Base C:\Users\tomco\OneDrive\Uni - Bristol\4th Year\Project\Instrument\Code\INSTRUMENT_LOWPWR\INSTRUMENT_LOWPWR.ino
java_class_path (initial): C:\Program Files (x86)\Arduino\lib\apple.jar;C:\Program Files (x86)\Arduino\lib\arduino-core.jar;C:\Program Files (x86)\Arduino\lib\batik-1.8.jar;C:\Program Files (x86)\Arduino\lib\batik-anim-1.8.jar;C:\Program Files (x86)\Arduino\lib\batik-awt-util-1.8.jar;C:\Program Files (x86)\Arduino\lib\batik-bridge-1.8.jar;C:\Program Files (x86)\Arduino\lib\batik-codec-1.8.jar;C:\Program Files (x86)\Arduino\lib\batik-css-1.8.jar;C:\Program Files (x86)\Arduino\lib\batik-dom-1.8.jar;C:\Program Files (x86)\Arduino\lib\batik-ext-1.8.jar;C:\Program Files (x86)\Arduino\lib\batik-gvt-1.8.jar;C:\Program Files (x86)\Arduino\lib\batik-parser-1.8.jar;C:\Program Files (x86)\Arduino\lib\batik-rasterizer-1.8.jar;C:\Program Files (x86)\Arduino\lib\batik-script-1.8.jar;C:\Program Files (x86)\Arduino\lib\batik-squiggle-1.8.jar;C:\Program Files (x86)\Arduino\lib\batik-svg-dom-1.8.jar;C:\Program Files (x86)\Arduino\lib\batik-svgpp-1.8.jar;C:\Program Files (x86)\Arduino\lib\batik-transcoder-1.8.jar;C:\Program Files (x86)\Arduino\lib\batik-util-1.8.jar;C:\Program Files (x86)\Arduino\lib\batik-xml-1.8.jar;C:\Program Files (x86)\Arduino\lib\bcpg-jdk15on-152.jar;C:\Program Files (x86)\Arduino\lib\bcprov-jdk15on-152.jar;C:\Program Files (x86)\Arduino\lib\commons-codec-1.7.jar;C:\Program Files (x86)\Arduino\lib\commons-compress-1.8.jar;C:\Program Files (x86)\Arduino\lib\commons-exec-1.1.jar;C:\Program Files (x86)\Arduino\lib\commons-httpclient-3.1.jar;C:\Program Files (x86)\Arduino\lib\commons-lang3-3.3.2.jar;C:\Program Files (x86)\Arduino\lib\commons-logging-1.0.4.jar;C:\Program Files (x86)\Arduino\lib\commons-net-3.3.jar;C:\Program Files (x86)\Arduino\lib\jackson-annotations-2.6.3.jar;C:\Program Files (x86)\Arduino\lib\jackson-core-2.6.3.jar;C:\Program Files (x86)\Arduino\lib\jackson-databind-2.6.3.jar;C:\Program Files (x86)\Arduino\lib\jackson-module-mrbean-2.6.3.jar;C:\Program Files (x86)\Arduino\lib\java-semver-0.8.0.jar;C:\Program Files (x86)\Arduino\lib\jmdns-3.4.1.j
Launcher Type: SUN_STANDARD

Environment Variables:
PATH=C:\Program Files (x86)\Intel\iCLS Client\;C:\Program Files\Intel\iCLS Client\;C:\Windows\system32;C:\Windows;C:\Windows\System32\Wbem;C:\Windows\System32\WindowsPowerShell\v1.0\;C:\Program Files\Intel\Intel(R) Management Engine Components\DAL;C:\Program Files\Intel\Intel(R) Management Engine Components\IPT;C:\Program Files (x86)\Intel\Intel(R) Management Engine Components\DAL;C:\Program Files (x86)\Intel\Intel(R) Management Engine Components\IPT;C:\Program Files (x86)\Skype\Phone\;C:\Program Files\MATLAB\R2016b\runtime\win64;C:\Program Files\MATLAB\R2016b\bin;C:\Program Files (x86)\Qt\5.7\mingw53_32\bin;C:\Windows\system32\config\systemprofile\.dnx\bin;C:\Program Files\Microsoft DNX\Dnvm\;C:\Program Files\Microsoft SQL Server\130\Tools\Binn\;C:\Program Files (x86)\Windows Kits\8.1\Windows Performance Toolkit\;C:\Program Files (x86)\PuTTY\;C:\Program Files\nodejs\;C:\Program Files\Git\cmd;C:\Users\tomco\AppData\Local\Programs\Python\Python36-32;C:\Users\tomco\AppData\Local\Microsoft\WindowsApps;C:\Users\tomco\AppData\Roaming\npm;C:\Program Files (x86)\Arduino\java\bin
USERNAME=tomco
OS=Windows_NT
PROCESSOR_IDENTIFIER=Intel64 Family 6 Model 58 Stepping 9, GenuineIntel



---------------  S Y S T E M  ---------------

OS: Windows 10.0 , 64 bit Build 14393 (10.0.14393.0)

CPU:total 4 (2 cores per cpu, 2 threads per core) family 6 model 58 stepping 9, cmov, cx8, fxsr, mmx, sse, sse2, sse3, ssse3, sse4.1, sse4.2, popcnt, avx, aes, clmul, erms, ht, tsc, tscinvbit, tscinv

Memory: 4k page, physical 8264984k(2493024k free), swap 15342872k(5497908k free)

vm_info: Java HotSpot(TM) Client VM (25.92-b14) for windows-x86 JRE (1.8.0_92-b14), built on Mar 31 2016 21:09:21 by "java_re" with MS VC++ 10.0 (VS2010)

time: Thu Apr 06 10:26:38 2017
elapsed time: 3687 seconds (0d 1h 1m 27s)

