#
# A fatal error has been detected by the Java Runtime Environment:
#
#  EXCEPTION_ACCESS_VIOLATION (0xc0000005) at pc=0x617493cd, pid=11200, tid=0x00000a80
#
# JRE version: Java(TM) SE Runtime Environment (8.0_92-b14) (build 1.8.0_92-b14)
# Java VM: Java HotSpot(TM) Client VM (25.92-b14 mixed mode windows-x86 )
# Problematic frame:
# C  [listSerialsj.dll+0x93cd]
#
# Failed to write core dump. Minidumps are not enabled by default on client versions of Windows
#
# If you would like to submit a bug report, please visit:
#   http://bugreport.java.com/bugreport/crash.jsp
# The crash happened outside the Java Virtual Machine in native code.
# See problematic frame for where to report the bug.
#

---------------  T H R E A D  ---------------

Current thread (0x270e7400):  JavaThread "cc.arduino.packages.discoverers.serial.SerialBoardsLister" [_thread_in_native, id=2688, stack(0x26730000,0x26780000)]

siginfo: ExceptionCode=0xc0000005, writing address 0x00000000

Registers:
EAX=0x00000000, EBX=0x00000794, ECX=0x00000000, EDX=0x00000001
ESP=0x2677eae0, EBP=0x2677ef38, ESI=0x00000002, EDI=0x010d5398
EIP=0x617493cd, EFLAGS=0x00010246

Top of Stack: (sp=0x2677eae0)
0x2677eae0:   0132e4f0 0000002e 00000002 00000000
0x2677eaf0:   00000003 00000000 00000000 00000000
0x2677eb00:   2677eb00 24ffaf9d 0000006c 7631a540
0x2677eb10:   26820f10 00ffafb8 010d4ff8 0000006a
0x2677eb20:   2677eb54 02dc47b4 00000021 00000002
0x2677eb30:   00000001 0000006c 00000019 0000008a
0x2677eb40:   008ab6d8 00000000 314d4f43 00000030
0x2677eb50:   00425355 2677eb84 02dc47e9 06996310 

Instructions: (pc=0x617493cd)
0x617493ad:   8b 45 08 8b 90 94 00 00 00 85 d2 74 16 8b 40 2c
0x617493bd:   c7 44 24 04 2e 00 00 00 89 04 24 e8 73 14 00 00
0x617493cd:   c6 00 00 8d 85 04 fc ff ff 89 44 24 18 8d 85 0a
0x617493dd:   fc ff ff 89 44 24 10 a1 e4 01 75 61 c7 85 04 fc 


Register to memory mapping:

EAX=0x00000000 is an unknown value
EBX=0x00000794 is an unknown value
ECX=0x00000000 is an unknown value
EDX=0x00000001 is an unknown value
ESP=0x2677eae0 is pointing into the stack for thread: 0x270e7400
EBP=0x2677ef38 is pointing into the stack for thread: 0x270e7400
ESI=0x00000002 is an unknown value
EDI=0x010d5398 is an unknown value


Stack: [0x26730000,0x26780000],  sp=0x2677eae0,  free space=314k
Native frames: (J=compiled Java code, j=interpreted, Vv=VM code, C=native code)
C  [listSerialsj.dll+0x93cd]
C  [listSerialsj.dll+0x2211]

Java frames: (J=compiled Java code, j=interpreted, Vv=VM code)
J 22774  processing.app.Platform.listSerialsNative()[Ljava/lang/String; (0 bytes) @ 0x02e7908f [0x02e79050+0x3f]
J 22790 C1 cc.arduino.packages.discoverers.serial.SerialBoardsLister.retriggerDiscovery(Z)V (751 bytes) @ 0x030ec9a4 [0x030ec850+0x154]
J 22793 C1 cc.arduino.packages.discoverers.serial.SerialBoardsLister.run()V (13 bytes) @ 0x02eb9114 [0x02eb90d0+0x44]
J 2752% C1 java.util.TimerThread.mainLoop()V (232 bytes) @ 0x03034714 [0x030342e0+0x434]
j  java.util.TimerThread.run()V+1
v  ~StubRoutines::call_stub

---------------  P R O C E S S  ---------------

Java Threads: ( => current thread )
  0x276cfc00 JavaThread "EventThread COM10" [_thread_in_native_trans, id=9800, stack(0x28c80000,0x28cd0000)]
  0x276cf000 JavaThread "JmDNS(TCPC.local.).Timer" daemon [_thread_blocked, id=4956, stack(0x27d70000,0x27dc0000)]
  0x276cf800 JavaThread "JmDNS(TCPC.local.).State.Timer" [_thread_blocked, id=14684, stack(0x26c70000,0x26cc0000)]
  0x276d2800 JavaThread "JmDNS(TCPC.local.).Timer" daemon [_thread_blocked, id=14040, stack(0x25e30000,0x25e80000)]
  0x276d0400 JavaThread "SocketListener(TCPC.local.)" daemon [_thread_in_native, id=9312, stack(0x25da0000,0x25df0000)]
  0x276d5000 JavaThread "JmDNS(TCPC.local.).Timer" daemon [_thread_blocked, id=3276, stack(0x25c80000,0x25cd0000)]
  0x276d1400 JavaThread "JmDNS(TCPC.local.).State.Timer" [_thread_blocked, id=4920, stack(0x257d0000,0x25820000)]
  0x276d2400 JavaThread "JmDNS(TCPC.local.).Timer" daemon [_thread_blocked, id=13544, stack(0x02bf0000,0x02c40000)]
  0x276cd800 JavaThread "SocketListener(TCPC.local.)" daemon [_thread_in_native, id=3672, stack(0x028c0000,0x02910000)]
  0x276d4000 JavaThread "DestroyJavaVM" [_thread_blocked, id=5308, stack(0x02950000,0x029a0000)]
  0x276ce800 JavaThread "TimerQueue" daemon [_thread_blocked, id=4176, stack(0x28a30000,0x28a80000)]
  0x2715fc00 JavaThread "AWT-EventQueue-0" [_thread_blocked, id=12716, stack(0x288a0000,0x288f0000)]
  0x27161c00 JavaThread "AWT-Shutdown" [_thread_blocked, id=12316, stack(0x28810000,0x28860000)]
  0x27161400 JavaThread "Batik CleanerThread" daemon [_thread_blocked, id=14480, stack(0x284e0000,0x28530000)]
  0x270e8400 JavaThread "cc.arduino.packages.discoverers.network.BoardReachabilityFilter" [_thread_blocked, id=9264, stack(0x27ae0000,0x27b30000)]
  0x270e7c00 JavaThread "cc.arduino.packages.discoverers.network.NetworkChecker" [_thread_blocked, id=12612, stack(0x27a50000,0x27aa0000)]
=>0x270e7400 JavaThread "cc.arduino.packages.discoverers.serial.SerialBoardsLister" [_thread_in_native, id=2688, stack(0x26730000,0x26780000)]
  0x262dec00 JavaThread "AWT-Windows" daemon [_thread_in_native, id=344, stack(0x267c0000,0x26810000)]
  0x2629dc00 JavaThread "Java2D Disposer" daemon [_thread_blocked, id=12048, stack(0x266a0000,0x266f0000)]
  0x25878c00 JavaThread "Service Thread" daemon [_thread_blocked, id=3836, stack(0x25ed0000,0x25f20000)]
  0x25860800 JavaThread "C1 CompilerThread0" daemon [_thread_blocked, id=7668, stack(0x26090000,0x260e0000)]
  0x2585ec00 JavaThread "Attach Listener" daemon [_thread_blocked, id=14368, stack(0x26000000,0x26050000)]
  0x2585cc00 JavaThread "Signal Dispatcher" daemon [_thread_blocked, id=6816, stack(0x25f70000,0x25fc0000)]
  0x2584b400 JavaThread "Finalizer" daemon [_thread_blocked, id=13468, stack(0x25b00000,0x25b50000)]
  0x25835400 JavaThread "Reference Handler" daemon [_thread_blocked, id=1124, stack(0x25a70000,0x25ac0000)]

Other Threads:
  0x02b0d800 VMThread [stack: 0x25770000,0x257c0000] [id=13472]
  0x2588c800 WatcherThread [stack: 0x26120000,0x26170000] [id=14304]

VM state:not at safepoint (normal execution)

VM Mutex/Monitor currently owned by a thread: None

Heap:
 def new generation   total 43072K, used 33670K [0x04e00000, 0x07cb0000, 0x0f8a0000)
  eden space 38336K,  87% used [0x04e00000, 0x06edff90, 0x07370000)
  from space 4736K,   0% used [0x07370000, 0x073719b0, 0x07810000)
  to   space 4736K,   0% used [0x07810000, 0x07810000, 0x07cb0000)
 tenured generation   total 95428K, used 94071K [0x0f8a0000, 0x155d1000, 0x24e00000)
   the space 95428K,  98% used [0x0f8a0000, 0x1547dfe0, 0x1547e000, 0x155d1000)
 Metaspace       used 20011K, capacity 20566K, committed 20864K, reserved 20864K

Card table byte_map: [0x24e00000,0x24f10000] byte_map_base: 0x24dd9000

Polling page: 0x01040000

CodeCache: size=32768Kb used=2007Kb max_used=4595Kb free=30760Kb
 bounds [0x02dc0000, 0x03240000, 0x04dc0000]
 total_blobs=1163 nmethods=883 adapters=208
 compilation: enabled

Compilation events (10 events):
Event: 85131.562 Thread 0x25860800 24486             java.util.LinkedHashMap$LinkedHashIterator::<init> (31 bytes)
Event: 85131.563 Thread 0x25860800 nmethod 24486 0x02ff2188 code [0x02ff2280, 0x02ff2340]
Event: 85132.642 Thread 0x25860800 24487             java.util.HashMap$HashIterator::<init> (79 bytes)
Event: 85132.643 Thread 0x25860800 nmethod 24487 0x03193608 code [0x03193700, 0x03193830]
Event: 85135.213 Thread 0x25860800 24488             java.lang.String::getChars (62 bytes)
Event: 85135.214 Thread 0x25860800 nmethod 24488 0x02f72f48 code [0x02f73080, 0x02f732a0]
Event: 85135.846 Thread 0x25860800 24489   !         java.awt.event.InvocationEvent::finishedDispatching (53 bytes)
Event: 85135.847 Thread 0x25860800 nmethod 24489 0x031fb148 code [0x031fb260, 0x031fb4b8]
Event: 85162.279 Thread 0x25860800 24490             java.lang.Math::max (11 bytes)
Event: 85162.279 Thread 0x25860800 nmethod 24490 0x02e94008 code [0x02e94100, 0x02e94170]

GC Heap History (10 events):
Event: 85133.462 GC heap before
{Heap before GC invocations=13057 (full 255):
 def new generation   total 43072K, used 38339K [0x04e00000, 0x07cb0000, 0x0f8a0000)
  eden space 38336K, 100% used [0x04e00000, 0x07370000, 0x07370000)
  from space 4736K,   0% used [0x07810000, 0x07810e38, 0x07cb0000)
  to   space 4736K,   0% used [0x07370000, 0x07370000, 0x07810000)
 tenured generation   total 95428K, used 94071K [0x0f8a0000, 0x155d1000, 0x24e00000)
   the space 95428K,  98% used [0x0f8a0000, 0x1547dfe0, 0x1547e000, 0x155d1000)
 Metaspace       used 20011K, capacity 20566K, committed 20864K, reserved 20864K
Event: 85133.463 GC heap after
Heap after GC invocations=13058 (full 255):
 def new generation   total 43072K, used 46K [0x04e00000, 0x07cb0000, 0x0f8a0000)
  eden space 38336K,   0% used [0x04e00000, 0x04e00000, 0x07370000)
  from space 4736K,   0% used [0x07370000, 0x0737b970, 0x07810000)
  to   space 4736K,   0% used [0x07810000, 0x07810000, 0x07cb0000)
 tenured generation   total 95428K, used 94071K [0x0f8a0000, 0x155d1000, 0x24e00000)
   the space 95428K,  98% used [0x0f8a0000, 0x1547dfe0, 0x1547e000, 0x155d1000)
 Metaspace       used 20011K, capacity 20566K, committed 20864K, reserved 20864K
}
Event: 85140.986 GC heap before
{Heap before GC invocations=13058 (full 255):
 def new generation   total 43072K, used 38382K [0x04e00000, 0x07cb0000, 0x0f8a0000)
  eden space 38336K, 100% used [0x04e00000, 0x07370000, 0x07370000)
  from space 4736K,   0% used [0x07370000, 0x0737b970, 0x07810000)
  to   space 4736K,   0% used [0x07810000, 0x07810000, 0x07cb0000)
 tenured generation   total 95428K, used 94071K [0x0f8a0000, 0x155d1000, 0x24e00000)
   the space 95428K,  98% used [0x0f8a0000, 0x1547dfe0, 0x1547e000, 0x155d1000)
 Metaspace       used 20011K, capacity 20566K, committed 20864K, reserved 20864K
Event: 85140.987 GC heap after
Heap after GC invocations=13059 (full 255):
 def new generation   total 43072K, used 45K [0x04e00000, 0x07cb0000, 0x0f8a0000)
  eden space 38336K,   0% used [0x04e00000, 0x04e00000, 0x07370000)
  from space 4736K,   0% used [0x07810000, 0x0781b7b8, 0x07cb0000)
  to   space 4736K,   0% used [0x07370000, 0x07370000, 0x07810000)
 tenured generation   total 95428K, used 94071K [0x0f8a0000, 0x155d1000, 0x24e00000)
   the space 95428K,  98% used [0x0f8a0000, 0x1547dfe0, 0x1547e000, 0x155d1000)
 Metaspace       used 20011K, capacity 20566K, committed 20864K, reserved 20864K
}
Event: 85148.910 GC heap before
{Heap before GC invocations=13059 (full 255):
 def new generation   total 43072K, used 38381K [0x04e00000, 0x07cb0000, 0x0f8a0000)
  eden space 38336K, 100% used [0x04e00000, 0x07370000, 0x07370000)
  from space 4736K,   0% used [0x07810000, 0x0781b7b8, 0x07cb0000)
  to   space 4736K,   0% used [0x07370000, 0x07370000, 0x07810000)
 tenured generation   total 95428K, used 94071K [0x0f8a0000, 0x155d1000, 0x24e00000)
   the space 95428K,  98% used [0x0f8a0000, 0x1547dfe0, 0x1547e000, 0x155d1000)
 Metaspace       used 20011K, capacity 20566K, committed 20864K, reserved 20864K
Event: 85148.911 GC heap after
Heap after GC invocations=13060 (full 255):
 def new generation   total 43072K, used 5K [0x04e00000, 0x07cb0000, 0x0f8a0000)
  eden space 38336K,   0% used [0x04e00000, 0x04e00000, 0x07370000)
  from space 4736K,   0% used [0x07370000, 0x073714b0, 0x07810000)
  to   space 4736K,   0% used [0x07810000, 0x07810000, 0x07cb0000)
 tenured generation   total 95428K, used 94071K [0x0f8a0000, 0x155d1000, 0x24e00000)
   the space 95428K,  98% used [0x0f8a0000, 0x1547dfe0, 0x1547e000, 0x155d1000)
 Metaspace       used 20011K, capacity 20566K, committed 20864K, reserved 20864K
}
Event: 85159.697 GC heap before
{Heap before GC invocations=13060 (full 255):
 def new generation   total 43072K, used 38341K [0x04e00000, 0x07cb0000, 0x0f8a0000)
  eden space 38336K, 100% used [0x04e00000, 0x07370000, 0x07370000)
  from space 4736K,   0% used [0x07370000, 0x073714b0, 0x07810000)
  to   space 4736K,   0% used [0x07810000, 0x07810000, 0x07cb0000)
 tenured generation   total 95428K, used 94071K [0x0f8a0000, 0x155d1000, 0x24e00000)
   the space 95428K,  98% used [0x0f8a0000, 0x1547dfe0, 0x1547e000, 0x155d1000)
 Metaspace       used 20011K, capacity 20566K, committed 20864K, reserved 20864K
Event: 85159.699 GC heap after
Heap after GC invocations=13061 (full 255):
 def new generation   total 43072K, used 4K [0x04e00000, 0x07cb0000, 0x0f8a0000)
  eden space 38336K,   0% used [0x04e00000, 0x04e00000, 0x07370000)
  from space 4736K,   0% used [0x07810000, 0x07811090, 0x07cb0000)
  to   space 4736K,   0% used [0x07370000, 0x07370000, 0x07810000)
 tenured generation   total 95428K, used 94071K [0x0f8a0000, 0x155d1000, 0x24e00000)
   the space 95428K,  98% used [0x0f8a0000, 0x1547dfe0, 0x1547e000, 0x155d1000)
 Metaspace       used 20011K, capacity 20566K, committed 20864K, reserved 20864K
}
Event: 85171.705 GC heap before
{Heap before GC invocations=13061 (full 255):
 def new generation   total 43072K, used 38340K [0x04e00000, 0x07cb0000, 0x0f8a0000)
  eden space 38336K, 100% used [0x04e00000, 0x07370000, 0x07370000)
  from space 4736K,   0% used [0x07810000, 0x07811090, 0x07cb0000)
  to   space 4736K,   0% used [0x07370000, 0x07370000, 0x07810000)
 tenured generation   total 95428K, used 94071K [0x0f8a0000, 0x155d1000, 0x24e00000)
   the space 95428K,  98% used [0x0f8a0000, 0x1547dfe0, 0x1547e000, 0x155d1000)
 Metaspace       used 20011K, capacity 20566K, committed 20864K, reserved 20864K
Event: 85171.707 GC heap after
Heap after GC invocations=13062 (full 255):
 def new generation   total 43072K, used 6K [0x04e00000, 0x07cb0000, 0x0f8a0000)
  eden space 38336K,   0% used [0x04e00000, 0x04e00000, 0x07370000)
  from space 4736K,   0% used [0x07370000, 0x073719b0, 0x07810000)
  to   space 4736K,   0% used [0x07810000, 0x07810000, 0x07cb0000)
 tenured generation   total 95428K, used 94071K [0x0f8a0000, 0x155d1000, 0x24e00000)
   the space 95428K,  98% used [0x0f8a0000, 0x1547dfe0, 0x1547e000, 0x155d1000)
 Metaspace       used 20011K, capacity 20566K, committed 20864K, reserved 20864K
}

Deoptimization events (0 events):
No events

Internal exceptions (10 events):
Event: 10274.493 Thread 0x276cfc00 Exception <a 'sun/nio/fs/WindowsException'> (0x05f93a50) thrown at [C:\workspace\8-2-build-windows-i586-cygwin\jdk8u92\6642\hotspot\src\share\vm\prims\jni.cpp, line 709]
Event: 10274.493 Thread 0x276cfc00 Exception <a 'sun/nio/fs/WindowsException'> (0x05f941c0) thrown at [C:\workspace\8-2-build-windows-i586-cygwin\jdk8u92\6642\hotspot\src\share\vm\prims\jni.cpp, line 709]
Event: 10274.495 Thread 0x276cfc00 Exception <a 'sun/nio/fs/WindowsException'> (0x05f9e5b8) thrown at [C:\workspace\8-2-build-windows-i586-cygwin\jdk8u92\6642\hotspot\src\share\vm\prims\jni.cpp, line 709]
Event: 10274.495 Thread 0x276cfc00 Exception <a 'sun/nio/fs/WindowsException'> (0x05f9eb70) thrown at [C:\workspace\8-2-build-windows-i586-cygwin\jdk8u92\6642\hotspot\src\share\vm\prims\jni.cpp, line 709]
Event: 10274.496 Thread 0x276cfc00 Exception <a 'sun/nio/fs/WindowsException'> (0x05faa8f8) thrown at [C:\workspace\8-2-build-windows-i586-cygwin\jdk8u92\6642\hotspot\src\share\vm\prims\jni.cpp, line 709]
Event: 10274.496 Thread 0x276cfc00 Exception <a 'sun/nio/fs/WindowsException'> (0x05faaed8) thrown at [C:\workspace\8-2-build-windows-i586-cygwin\jdk8u92\6642\hotspot\src\share\vm\prims\jni.cpp, line 709]
Event: 40951.802 Thread 0x270e7400 Exception <a 'java/net/UnknownHostException': api-builder.arduino.cc> (0x06d4c200) thrown at [C:\workspace\8-2-build-windows-i586-cygwin\jdk8u92\6642\hotspot\src\share\vm\prims\jni.cpp, line 735]
Event: 57850.538 Thread 0x2715fc00 Exception <a 'java/io/IOException'> (0x05d369c0) thrown at [C:\workspace\8-2-build-windows-i586-cygwin\jdk8u92\6642\hotspot\src\share\vm\prims\jni.cpp, line 709]
Event: 57850.538 Thread 0x2715fc00 Exception <a 'java/io/IOException'> (0x05d6b998) thrown at [C:\workspace\8-2-build-windows-i586-cygwin\jdk8u92\6642\hotspot\src\share\vm\prims\jni.cpp, line 709]
Event: 57850.538 Thread 0x2715fc00 Exception <a 'java/io/IOException'> (0x05d6bfa0) thrown at [C:\workspace\8-2-build-windows-i586-cygwin\jdk8u92\6642\hotspot\src\share\vm\prims\jni.cpp, line 709]

Events (10 events):
Event: 85141.556 Executing VM operation: RevokeBias
Event: 85141.556 Executing VM operation: RevokeBias done
Event: 85141.556 Thread 0x276cdc00 Thread exited: 0x276cdc00
Event: 85148.909 Executing VM operation: GenCollectForAllocation
Event: 85148.911 Executing VM operation: GenCollectForAllocation done
Event: 85159.697 Executing VM operation: GenCollectForAllocation
Event: 85159.699 Executing VM operation: GenCollectForAllocation done
Event: 85162.279 Thread 0x25860800 flushing nmethod 0x02e6a988
Event: 85171.705 Executing VM operation: GenCollectForAllocation
Event: 85171.707 Executing VM operation: GenCollectForAllocation done


Dynamic libraries:
0x01150000 - 0x01183000 	C:\Program Files (x86)\Arduino\java\bin\javaw.exe
0x778c0000 - 0x77a43000 	C:\Windows\SYSTEM32\ntdll.dll
0x75dc0000 - 0x75ea0000 	C:\Windows\System32\KERNEL32.DLL
0x75ef0000 - 0x76091000 	C:\Windows\System32\KERNELBASE.dll
0x76f60000 - 0x76fd7000 	C:\Windows\System32\ADVAPI32.dll
0x774d0000 - 0x7758e000 	C:\Windows\System32\msvcrt.dll
0x77140000 - 0x77181000 	C:\Windows\System32\sechost.dll
0x76210000 - 0x762d1000 	C:\Windows\System32\RPCRT4.dll
0x74380000 - 0x7439e000 	C:\Windows\System32\SspiCli.dll
0x74370000 - 0x7437a000 	C:\Windows\System32\CRYPTBASE.dll
0x77590000 - 0x775ea000 	C:\Windows\System32\bcryptPrimitives.dll
0x76700000 - 0x7685f000 	C:\Windows\System32\USER32.dll
0x77190000 - 0x771a5000 	C:\Windows\System32\win32u.dll
0x75c10000 - 0x75c3b000 	C:\Windows\System32\GDI32.dll
0x77760000 - 0x778bb000 	C:\Windows\System32\gdi32full.dll
0x73ab0000 - 0x73cba000 	C:\Windows\WinSxS\x86_microsoft.windows.common-controls_6595b64144ccf1df_6.0.14393.953_none_89c2555adb023171\COMCTL32.dll
0x74490000 - 0x746a1000 	C:\Windows\System32\combase.dll
0x76fe0000 - 0x770c0000 	C:\Windows\System32\ucrtbase.dll
0x774a0000 - 0x774c5000 	C:\Windows\System32\IMM32.DLL
0x69260000 - 0x6931f000 	C:\Program Files (x86)\Arduino\java\bin\msvcr100.dll
0x68e90000 - 0x6925b000 	C:\Program Files (x86)\Arduino\java\bin\client\jvm.dll
0x762e0000 - 0x762e6000 	C:\Windows\System32\PSAPI.DLL
0x73e50000 - 0x73e58000 	C:\Windows\SYSTEM32\WSOCK32.dll
0x770d0000 - 0x77133000 	C:\Windows\System32\WS2_32.dll
0x6d420000 - 0x6d444000 	C:\Windows\SYSTEM32\WINMM.dll
0x74360000 - 0x74368000 	C:\Windows\SYSTEM32\VERSION.dll
0x6d3f0000 - 0x6d413000 	C:\Windows\SYSTEM32\WINMMBASE.dll
0x76940000 - 0x76976000 	C:\Windows\System32\cfgmgr32.dll
0x68e50000 - 0x68e81000 	C:\Program Files (x86)\Arduino\java\bin\splashscreen.dll
0x6a630000 - 0x6a63c000 	C:\Program Files (x86)\Arduino\java\bin\verify.dll
0x739a0000 - 0x73a15000 	C:\Windows\system32\uxtheme.dll
0x68e20000 - 0x68e41000 	C:\Program Files (x86)\Arduino\java\bin\java.dll
0x771e0000 - 0x77315000 	C:\Windows\System32\MSCTF.dll
0x77660000 - 0x776f4000 	C:\Windows\System32\OLEAUT32.dll
0x77380000 - 0x773fb000 	C:\Windows\System32\msvcp_win.dll
0x70080000 - 0x700fb000 	C:\Program Files (x86)\Common Files\Microsoft Shared\Ink\tiptsf.dll
0x68e00000 - 0x68e13000 	C:\Program Files (x86)\Arduino\java\bin\zip.dll
0x77320000 - 0x7732d000 	C:\Windows\System32\kernel.appcore.dll
0x76860000 - 0x768e4000 	C:\Windows\System32\clbcatq.dll
0x6c860000 - 0x6c9b2000 	C:\Windows\System32\uiautomationcore.dll
0x74330000 - 0x7434a000 	C:\Windows\System32\USERENV.dll
0x771d0000 - 0x771df000 	C:\Windows\System32\profapi.dll
0x74740000 - 0x75b19000 	C:\Windows\System32\SHELL32.dll
0x769f0000 - 0x76f5e000 	C:\Windows\System32\windows.storage.dll
0x75ea0000 - 0x75ee5000 	C:\Windows\System32\powrprof.dll
0x77330000 - 0x77376000 	C:\Windows\System32\shlwapi.dll
0x746b0000 - 0x74738000 	C:\Windows\System32\shcore.dll
0x70100000 - 0x70181000 	C:\Windows\SYSTEM32\sxs.dll
0x6ca80000 - 0x6cad4000 	C:\Windows\System32\OLEACC.dll
0x6a6b0000 - 0x6a71c000 	C:\Windows\SYSTEM32\twinapi.dll
0x72630000 - 0x72721000 	C:\Windows\SYSTEM32\twinapi.appcore.dll
0x73f00000 - 0x73f1b000 	C:\Windows\SYSTEM32\bcrypt.dll
0x743a0000 - 0x7448a000 	C:\Windows\System32\ole32.dll
0x68cb0000 - 0x68df5000 	C:\Program Files (x86)\Arduino\java\bin\awt.dll
0x6beb0000 - 0x6bf42000 	C:\Windows\SYSTEM32\apphelp.dll
0x73980000 - 0x7399f000 	C:\Windows\system32\dwmapi.dll
0x61740000 - 0x6176c000 	C:\Program Files (x86)\Arduino\lib\listSerialsj.dll
0x762f0000 - 0x766fb000 	C:\Windows\System32\SETUPAPI.dll
0x73f50000 - 0x73f63000 	C:\Windows\SYSTEM32\CRYPTSP.dll
0x6fa60000 - 0x6fa8f000 	C:\Windows\system32\rsaenh.dll
0x68c90000 - 0x68ca6000 	C:\Program Files (x86)\Arduino\java\bin\net.dll
0x73e60000 - 0x73eae000 	C:\Windows\system32\mswsock.dll
0x73da0000 - 0x73dcf000 	C:\Windows\SYSTEM32\IPHLPAPI.DLL
0x770c0000 - 0x770c7000 	C:\Windows\System32\NSI.dll
0x6d1e0000 - 0x6d1f3000 	C:\Windows\SYSTEM32\dhcpcsvc6.DLL
0x6d1c0000 - 0x6d1d4000 	C:\Windows\SYSTEM32\dhcpcsvc.DLL
0x68c80000 - 0x68c8f000 	C:\Program Files (x86)\Arduino\java\bin\nio.dll
0x26af0000 - 0x26b2d000 	C:\Users\tomco\AppData\Local\Temp\jna-110543166\jna1979346483761590242.dll
0x68c40000 - 0x68c79000 	C:\Program Files (x86)\Arduino\java\bin\fontmanager.dll
0x68c00000 - 0x68c32000 	C:\Program Files (x86)\Arduino\java\bin\t2k.dll
0x70ca0000 - 0x70cc2000 	C:\Windows\SYSTEM32\DEVOBJ.dll
0x768f0000 - 0x76934000 	C:\Windows\System32\WINTRUST.dll
0x769e0000 - 0x769ee000 	C:\Windows\System32\MSASN1.dll
0x75c40000 - 0x75dbd000 	C:\Windows\System32\CRYPT32.dll
0x73dd0000 - 0x73e4d000 	C:\Windows\SYSTEM32\DNSAPI.dll
0x73d60000 - 0x73d68000 	C:\Windows\System32\rasadhlp.dll
0x73d10000 - 0x73d59000 	C:\Windows\System32\fwpuclnt.dll
0x68b90000 - 0x68bf9000 	C:\Program Files (x86)\Arduino\msvcp100.dll
0x68ad0000 - 0x68b8e000 	C:\Program Files (x86)\Arduino\msvcr100.dll
0x28460000 - 0x28492000 	C:\Program Files (x86)\Arduino\lib\AStylej.dll
0x68aa0000 - 0x68ac4000 	C:\Program Files (x86)\Arduino\java\bin\dcpr.dll
0x6a860000 - 0x6a9ce000 	C:\Windows\SYSTEM32\WindowsCodecs.dll
0x72b10000 - 0x72b54000 	C:\Windows\system32\dataexchange.dll
0x728e0000 - 0x72b10000 	C:\Windows\system32\d3d11.dll
0x727c0000 - 0x728d3000 	C:\Windows\system32\dcomp.dll
0x72730000 - 0x727b3000 	C:\Windows\system32\dxgi.dll
0x68a80000 - 0x68aa0000 	C:\Program Files (x86)\Arduino\java\bin\sunec.dll
0x68a70000 - 0x68a79000 	C:\Program Files (x86)\Arduino\java\bin\sunmscapi.dll
0x6bc20000 - 0x6bc32000 	C:\Windows\system32\napinsp.dll
0x6bc00000 - 0x6bc16000 	C:\Windows\system32\pnrpnsp.dll
0x6bbe0000 - 0x6bbf4000 	C:\Windows\system32\NLAapi.dll
0x6bbd0000 - 0x6bbdc000 	C:\Windows\System32\winrnr.dll
0x6bbb0000 - 0x6bbc1000 	C:\Windows\System32\wshbth.dll
0x64000000 - 0x6401b000 	C:\Users\tomco\.jssc\windows\jSSC-2.8_x86.dll
0x6eab0000 - 0x6ebf5000 	C:\Windows\SYSTEM32\dbghelp.dll

VM Arguments:
jvm_args: -Dsun.java2d.d3d=false -Djna.nosys=true -DAPP_DIR=C:\Program Files (x86)\Arduino -Xms128M -Xmx512M 
java_command: processing.app.Base C:\Users\tomco\OneDrive\Uni - Bristol\4th Year\Project\Instrument\Code\INSTRUMENTV2\INSTRUMENTV2.ino
java_class_path (initial): C:\Program Files (x86)\Arduino\lib\apple.jar;C:\Program Files (x86)\Arduino\lib\arduino-core.jar;C:\Program Files (x86)\Arduino\lib\batik-1.8.jar;C:\Program Files (x86)\Arduino\lib\batik-anim-1.8.jar;C:\Program Files (x86)\Arduino\lib\batik-awt-util-1.8.jar;C:\Program Files (x86)\Arduino\lib\batik-bridge-1.8.jar;C:\Program Files (x86)\Arduino\lib\batik-codec-1.8.jar;C:\Program Files (x86)\Arduino\lib\batik-css-1.8.jar;C:\Program Files (x86)\Arduino\lib\batik-dom-1.8.jar;C:\Program Files (x86)\Arduino\lib\batik-ext-1.8.jar;C:\Program Files (x86)\Arduino\lib\batik-gvt-1.8.jar;C:\Program Files (x86)\Arduino\lib\batik-parser-1.8.jar;C:\Program Files (x86)\Arduino\lib\batik-rasterizer-1.8.jar;C:\Program Files (x86)\Arduino\lib\batik-script-1.8.jar;C:\Program Files (x86)\Arduino\lib\batik-squiggle-1.8.jar;C:\Program Files (x86)\Arduino\lib\batik-svg-dom-1.8.jar;C:\Program Files (x86)\Arduino\lib\batik-svgpp-1.8.jar;C:\Program Files (x86)\Arduino\lib\batik-transcoder-1.8.jar;C:\Program Files (x86)\Arduino\lib\batik-util-1.8.jar;C:\Program Files (x86)\Arduino\lib\batik-xml-1.8.jar;C:\Program Files (x86)\Arduino\lib\bcpg-jdk15on-152.jar;C:\Program Files (x86)\Arduino\lib\bcprov-jdk15on-152.jar;C:\Program Files (x86)\Arduino\lib\commons-codec-1.7.jar;C:\Program Files (x86)\Arduino\lib\commons-compress-1.8.jar;C:\Program Files (x86)\Arduino\lib\commons-exec-1.1.jar;C:\Program Files (x86)\Arduino\lib\commons-httpclient-3.1.jar;C:\Program Files (x86)\Arduino\lib\commons-lang3-3.3.2.jar;C:\Program Files (x86)\Arduino\lib\commons-logging-1.0.4.jar;C:\Program Files (x86)\Arduino\lib\commons-net-3.3.jar;C:\Program Files (x86)\Arduino\lib\jackson-annotations-2.6.3.jar;C:\Program Files (x86)\Arduino\lib\jackson-core-2.6.3.jar;C:\Program Files (x86)\Arduino\lib\jackson-databind-2.6.3.jar;C:\Program Files (x86)\Arduino\lib\jackson-module-mrbean-2.6.3.jar;C:\Program Files (x86)\Arduino\lib\java-semver-0.8.0.jar;C:\Program Files (x86)\Arduino\lib\jmdns-3.4.1.j
Launcher Type: SUN_STANDARD

Environment Variables:
PATH=C:\Program Files (x86)\Intel\iCLS Client\;C:\Program Files\Intel\iCLS Client\;C:\Windows\system32;C:\Windows;C:\Windows\System32\Wbem;C:\Windows\System32\WindowsPowerShell\v1.0\;C:\Program Files\Intel\Intel(R) Management Engine Components\DAL;C:\Program Files\Intel\Intel(R) Management Engine Components\IPT;C:\Program Files (x86)\Intel\Intel(R) Management Engine Components\DAL;C:\Program Files (x86)\Intel\Intel(R) Management Engine Components\IPT;C:\Program Files (x86)\Skype\Phone\;C:\Program Files\MATLAB\R2016b\runtime\win64;C:\Program Files\MATLAB\R2016b\bin;C:\Program Files (x86)\Qt\5.7\mingw53_32\bin;C:\Windows\system32\config\systemprofile\.dnx\bin;C:\Program Files\Microsoft DNX\Dnvm\;C:\Program Files\Microsoft SQL Server\130\Tools\Binn\;C:\Program Files (x86)\Windows Kits\8.1\Windows Performance Toolkit\;C:\Program Files (x86)\PuTTY\;C:\Program Files\nodejs\;C:\Users\tomco\AppData\Local\Microsoft\WindowsApps;C:\Users\tomco\AppData\Roaming\npm;C:\Program Files (x86)\Arduino\java\bin
USERNAME=tomco
OS=Windows_NT
PROCESSOR_IDENTIFIER=Intel64 Family 6 Model 58 Stepping 9, GenuineIntel



---------------  S Y S T E M  ---------------

OS: Windows 10.0 , 64 bit Build 14393 (10.0.14393.0)

CPU:total 4 (2 cores per cpu, 2 threads per core) family 6 model 58 stepping 9, cmov, cx8, fxsr, mmx, sse, sse2, sse3, ssse3, sse4.1, sse4.2, popcnt, avx, aes, clmul, erms, ht, tsc, tscinvbit, tscinv

Memory: 4k page, physical 8264984k(2463032k free), swap 17922284k(5436140k free)

vm_info: Java HotSpot(TM) Client VM (25.92-b14) for windows-x86 JRE (1.8.0_92-b14), built on Mar 31 2016 21:09:21 by "java_re" with MS VC++ 10.0 (VS2010)

time: Sun Mar 26 23:25:21 2017
elapsed time: 85181 seconds (0d 23h 39m 41s)

