#
# A fatal error has been detected by the Java Runtime Environment:
#
#  EXCEPTION_ACCESS_VIOLATION (0xc0000005) at pc=0x617493cd, pid=16032, tid=0x00001d10
#
# JRE version: Java(TM) SE Runtime Environment (8.0_92-b14) (build 1.8.0_92-b14)
# Java VM: Java HotSpot(TM) Client VM (25.92-b14 mixed mode windows-x86 )
# Problematic frame:
# C  [listSerialsj.dll+0x93cd]
#
# Failed to write core dump. Minidumps are not enabled by default on client versions of Windows
#
# If you would like to submit a bug report, please visit:
#   http://bugreport.java.com/bugreport/crash.jsp
# The crash happened outside the Java Virtual Machine in native code.
# See problematic frame for where to report the bug.
#

---------------  T H R E A D  ---------------

Current thread (0x26bc6c00):  JavaThread "cc.arduino.packages.discoverers.serial.SerialBoardsLister" [_thread_in_native, id=7440, stack(0x26050000,0x260a0000)]

siginfo: ExceptionCode=0xc0000005, writing address 0x00000000

Registers:
EAX=0x00000000, EBX=0x00000a24, ECX=0x00000000, EDX=0x00000001
ESP=0x2609eb00, EBP=0x2609ef58, ESI=0x00000001, EDI=0x0084c848
EIP=0x617493cd, EFLAGS=0x00010246

Top of Stack: (sp=0x2609eb00)
0x2609eb00:   00afe518 0000002e 00000002 00000000
0x2609eb10:   00000003 00000000 00000000 00000000
0x2609eb20:   00000000 286bf918 0000006c 760aa540
0x2609eb30:   26137538 00788538 0084c590 0000005b
0x2609eb40:   00000001 2609eb48 00000095 00000200
0x2609eb50:   00000001 0000006c 0000007b 0000008a
0x2609eb60:   008a2220 00000000 314d4f43 00640032
0x2609eb70:   00425355 00000001 02644854 026447b4 

Instructions: (pc=0x617493cd)
0x617493ad:   8b 45 08 8b 90 94 00 00 00 85 d2 74 16 8b 40 2c
0x617493bd:   c7 44 24 04 2e 00 00 00 89 04 24 e8 73 14 00 00
0x617493cd:   c6 00 00 8d 85 04 fc ff ff 89 44 24 18 8d 85 0a
0x617493dd:   fc ff ff 89 44 24 10 a1 e4 01 75 61 c7 85 04 fc 


Register to memory mapping:

EAX=0x00000000 is an unknown value
EBX=0x00000a24 is an unknown value
ECX=0x00000000 is an unknown value
EDX=0x00000001 is an unknown value
ESP=0x2609eb00 is pointing into the stack for thread: 0x26bc6c00
EBP=0x2609ef58 is pointing into the stack for thread: 0x26bc6c00
ESI=0x00000001 is an unknown value
EDI=0x0084c848 is an unknown value


Stack: [0x26050000,0x260a0000],  sp=0x2609eb00,  free space=314k
Native frames: (J=compiled Java code, j=interpreted, Vv=VM code, C=native code)
C  [listSerialsj.dll+0x93cd]
C  [listSerialsj.dll+0x2211]

Java frames: (J=compiled Java code, j=interpreted, Vv=VM code)
J 2334  processing.app.Platform.listSerialsNative()[Ljava/lang/String; (0 bytes) @ 0x02a4994f [0x02a49910+0x3f]
J 2329 C1 cc.arduino.packages.discoverers.serial.SerialBoardsLister.retriggerDiscovery(Z)V (751 bytes) @ 0x02a44964 [0x02a44810+0x154]
J 2332 C1 cc.arduino.packages.discoverers.serial.SerialBoardsLister.run()V (13 bytes) @ 0x02a494d4 [0x02a49490+0x44]
J 2321% C1 java.util.TimerThread.mainLoop()V (232 bytes) @ 0x02a425d4 [0x02a421a0+0x434]
j  java.util.TimerThread.run()V+1
v  ~StubRoutines::call_stub

---------------  P R O C E S S  ---------------

Java Threads: ( => current thread )
  0x27030800 JavaThread "DestroyJavaVM" [_thread_blocked, id=18156, stack(0x024c0000,0x02510000)]
  0x2702b400 JavaThread "Timer-0" [_thread_blocked, id=3264, stack(0x267d0000,0x26820000)]
  0x2702c400 JavaThread "TimerQueue" daemon [_thread_blocked, id=6904, stack(0x28470000,0x284c0000)]
  0x26c3fc00 JavaThread "AWT-EventQueue-0" [_thread_blocked, id=14696, stack(0x282e0000,0x28330000)]
  0x26c3e400 JavaThread "AWT-Shutdown" [_thread_blocked, id=6840, stack(0x02560000,0x025b0000)]
  0x26c3ec00 JavaThread "Batik CleanerThread" daemon [_thread_blocked, id=13848, stack(0x277c0000,0x27810000)]
  0x26c3d800 JavaThread "JmDNS(fe80:0:0:0:88ca:4717:581c:e15a%wlan1.local.).Timer" daemon [_thread_blocked, id=1052, stack(0x27c40000,0x27c90000)]
  0x26c3d000 JavaThread "JmDNS(fe80:0:0:0:88ca:4717:581c:e15a%wlan1.local.).State.Timer" [_thread_blocked, id=18148, stack(0x27bb0000,0x27c00000)]
  0x26c40400 JavaThread "JmDNS(fe80:0:0:0:88ca:4717:581c:e15a%wlan1.local.).Timer" daemon [_thread_blocked, id=17664, stack(0x27b20000,0x27b70000)]
  0x26c3f000 JavaThread "SocketListener(fe80:0:0:0:88ca:4717:581c:e15a%wlan1.local.)" daemon [_thread_in_native, id=7224, stack(0x27a90000,0x27ae0000)]
  0x26c3dc00 JavaThread "JmDNS(TCPC-lan.local.).Timer" daemon [_thread_blocked, id=7968, stack(0x27a00000,0x27a50000)]
  0x26c40800 JavaThread "JmDNS(TCPC-lan.local.).State.Timer" [_thread_blocked, id=6940, stack(0x27970000,0x279c0000)]
  0x26c67c00 JavaThread "JmDNS(TCPC-lan.local.).Timer" daemon [_thread_blocked, id=16852, stack(0x278e0000,0x27930000)]
  0x26c67400 JavaThread "SocketListener(TCPC-lan.local.)" daemon [_thread_in_native, id=10636, stack(0x27850000,0x278a0000)]
  0x26bcbc00 JavaThread "cc.arduino.packages.discoverers.network.BoardReachabilityFilter" [_thread_blocked, id=11920, stack(0x27530000,0x27580000)]
  0x26bcb400 JavaThread "cc.arduino.packages.discoverers.network.NetworkChecker" [_thread_in_native, id=8064, stack(0x26630000,0x26680000)]
=>0x26bc6c00 JavaThread "cc.arduino.packages.discoverers.serial.SerialBoardsLister" [_thread_in_native, id=7440, stack(0x26050000,0x260a0000)]
  0x25bc1800 JavaThread "AWT-Windows" daemon [_thread_in_native, id=17532, stack(0x260e0000,0x26130000)]
  0x25bc0000 JavaThread "Java2D Disposer" daemon [_thread_blocked, id=5464, stack(0x25fc0000,0x26010000)]
  0x253d1000 JavaThread "Service Thread" daemon [_thread_blocked, id=14692, stack(0x259b0000,0x25a00000)]
  0x253dc400 JavaThread "C1 CompilerThread0" daemon [_thread_blocked, id=15980, stack(0x25920000,0x25970000)]
  0x253da800 JavaThread "Attach Listener" daemon [_thread_blocked, id=7264, stack(0x25890000,0x258e0000)]
  0x253d8800 JavaThread "Signal Dispatcher" daemon [_thread_blocked, id=13352, stack(0x255e0000,0x25630000)]
  0x253bb400 JavaThread "Finalizer" daemon [_thread_blocked, id=1500, stack(0x25710000,0x25760000)]
  0x253a4c00 JavaThread "Reference Handler" daemon [_thread_blocked, id=12956, stack(0x25680000,0x256d0000)]

Other Threads:
  0x023ce000 VMThread [stack: 0x25350000,0x253a0000] [id=7172]
  0x253d4c00 WatcherThread [stack: 0x25a40000,0x25a90000] [id=17692]

VM state:not at safepoint (normal execution)

VM Mutex/Monitor currently owned by a thread: None

Heap:
 def new generation   total 39424K, used 7063K [0x04800000, 0x072c0000, 0x0f2a0000)
  eden space 35072K,  18% used [0x04800000, 0x04e59210, 0x06a40000)
  from space 4352K,  12% used [0x06e80000, 0x06f0cd50, 0x072c0000)
  to   space 4352K,   0% used [0x06a40000, 0x06a40000, 0x06e80000)
 tenured generation   total 87424K, used 36153K [0x0f2a0000, 0x14800000, 0x24800000)
   the space 87424K,  41% used [0x0f2a0000, 0x115ee580, 0x115ee600, 0x14800000)
 Metaspace       used 19737K, capacity 20330K, committed 20480K, reserved 20864K

Card table byte_map: [0x24800000,0x24910000] byte_map_base: 0x247dc000

Polling page: 0x00ad0000

CodeCache: size=32768Kb used=4284Kb max_used=4284Kb free=28484Kb
 bounds [0x02640000, 0x02a70000, 0x04640000]
 total_blobs=2676 nmethods=2401 adapters=205
 compilation: enabled

Compilation events (10 events):
Event: 5106.154 Thread 0x253dc400 2444             javax.swing.JMenuBar::processBindingForKeyStrokeRecursive (128 bytes)
Event: 5106.155 Thread 0x253dc400 nmethod 2444 0x02a6e908 code [0x02a6ea50, 0x02a6eccc]
Event: 5106.693 Thread 0x253dc400 2445             javax.swing.Timer::getLock (5 bytes)
Event: 5106.693 Thread 0x253dc400 nmethod 2445 0x02a6eec8 code [0x02a6efc0, 0x02a6f040]
Event: 5106.733 Thread 0x253dc400 2446             java.awt.Point::<init> (15 bytes)
Event: 5106.733 Thread 0x253dc400 nmethod 2446 0x02a6f088 code [0x02a6f180, 0x02a6f200]
Event: 5106.818 Thread 0x253dc400 2447             java.awt.Component::getGraphics (124 bytes)
Event: 5106.819 Thread 0x253dc400 nmethod 2447 0x02a6f248 code [0x02a6f3d0, 0x02a6f704]
Event: 5107.819 Thread 0x253dc400 2448             sun.java2d.SunGraphics2D::invalidatePipe (41 bytes)
Event: 5107.820 Thread 0x253dc400 nmethod 2448 0x02a6f908 code [0x02a6fa00, 0x02a6fae0]

GC Heap History (10 events):
Event: 12.566 GC heap before
{Heap before GC invocations=5 (full 1):
 def new generation   total 39424K, used 39424K [0x04800000, 0x072c0000, 0x0f2a0000)
  eden space 35072K, 100% used [0x04800000, 0x06a40000, 0x06a40000)
  from space 4352K, 100% used [0x06a40000, 0x06e80000, 0x06e80000)
  to   space 4352K,   0% used [0x06e80000, 0x06e80000, 0x072c0000)
 tenured generation   total 87424K, used 17740K [0x0f2a0000, 0x14800000, 0x24800000)
   the space 87424K,  20% used [0x0f2a0000, 0x103f3300, 0x103f3400, 0x14800000)
 Metaspace       used 17587K, capacity 18123K, committed 18176K, reserved 18816K
Event: 12.602 GC heap after
Heap after GC invocations=6 (full 1):
 def new generation   total 39424K, used 4352K [0x04800000, 0x072c0000, 0x0f2a0000)
  eden space 35072K,   0% used [0x04800000, 0x04800000, 0x06a40000)
  from space 4352K, 100% used [0x06e80000, 0x072c0000, 0x072c0000)
  to   space 4352K,   0% used [0x06a40000, 0x06a40000, 0x06e80000)
 tenured generation   total 87424K, used 27675K [0x0f2a0000, 0x14800000, 0x24800000)
   the space 87424K,  31% used [0x0f2a0000, 0x10da6e28, 0x10da7000, 0x14800000)
 Metaspace       used 17587K, capacity 18123K, committed 18176K, reserved 18816K
}
Event: 76.304 GC heap before
{Heap before GC invocations=6 (full 1):
 def new generation   total 39424K, used 39424K [0x04800000, 0x072c0000, 0x0f2a0000)
  eden space 35072K, 100% used [0x04800000, 0x06a40000, 0x06a40000)
  from space 4352K, 100% used [0x06e80000, 0x072c0000, 0x072c0000)
  to   space 4352K,   0% used [0x06a40000, 0x06a40000, 0x06e80000)
 tenured generation   total 87424K, used 27675K [0x0f2a0000, 0x14800000, 0x24800000)
   the space 87424K,  31% used [0x0f2a0000, 0x10da6e28, 0x10da7000, 0x14800000)
 Metaspace       used 19464K, capacity 20037K, committed 20096K, reserved 20864K
Event: 76.324 GC heap after
Heap after GC invocations=7 (full 1):
 def new generation   total 39424K, used 4352K [0x04800000, 0x072c0000, 0x0f2a0000)
  eden space 35072K,   0% used [0x04800000, 0x04800000, 0x06a40000)
  from space 4352K, 100% used [0x06a40000, 0x06e80000, 0x06e80000)
  to   space 4352K,   0% used [0x06e80000, 0x06e80000, 0x072c0000)
 tenured generation   total 87424K, used 32775K [0x0f2a0000, 0x14800000, 0x24800000)
   the space 87424K,  37% used [0x0f2a0000, 0x112a1c40, 0x112a1e00, 0x14800000)
 Metaspace       used 19464K, capacity 20037K, committed 20096K, reserved 20864K
}
Event: 1411.323 GC heap before
{Heap before GC invocations=7 (full 1):
 def new generation   total 39424K, used 39424K [0x04800000, 0x072c0000, 0x0f2a0000)
  eden space 35072K, 100% used [0x04800000, 0x06a40000, 0x06a40000)
  from space 4352K, 100% used [0x06a40000, 0x06e80000, 0x06e80000)
  to   space 4352K,   0% used [0x06e80000, 0x06e80000, 0x072c0000)
 tenured generation   total 87424K, used 32775K [0x0f2a0000, 0x14800000, 0x24800000)
   the space 87424K,  37% used [0x0f2a0000, 0x112a1c40, 0x112a1e00, 0x14800000)
 Metaspace       used 19531K, capacity 20133K, committed 20224K, reserved 20864K
Event: 1411.336 GC heap after
Heap after GC invocations=8 (full 1):
 def new generation   total 39424K, used 537K [0x04800000, 0x072c0000, 0x0f2a0000)
  eden space 35072K,   0% used [0x04800000, 0x04800000, 0x06a40000)
  from space 4352K,  12% used [0x06e80000, 0x06f06460, 0x072c0000)
  to   space 4352K,   0% used [0x06a40000, 0x06a40000, 0x06e80000)
 tenured generation   total 87424K, used 36153K [0x0f2a0000, 0x14800000, 0x24800000)
   the space 87424K,  41% used [0x0f2a0000, 0x115ee580, 0x115ee600, 0x14800000)
 Metaspace       used 19531K, capacity 20133K, committed 20224K, reserved 20864K
}
Event: 3298.174 GC heap before
{Heap before GC invocations=8 (full 1):
 def new generation   total 39424K, used 35609K [0x04800000, 0x072c0000, 0x0f2a0000)
  eden space 35072K, 100% used [0x04800000, 0x06a40000, 0x06a40000)
  from space 4352K,  12% used [0x06e80000, 0x06f06460, 0x072c0000)
  to   space 4352K,   0% used [0x06a40000, 0x06a40000, 0x06e80000)
 tenured generation   total 87424K, used 36153K [0x0f2a0000, 0x14800000, 0x24800000)
   the space 87424K,  41% used [0x0f2a0000, 0x115ee580, 0x115ee600, 0x14800000)
 Metaspace       used 19534K, capacity 20136K, committed 20224K, reserved 20864K
Event: 3298.238 GC heap after
Heap after GC invocations=9 (full 1):
 def new generation   total 39424K, used 512K [0x04800000, 0x072c0000, 0x0f2a0000)
  eden space 35072K,   0% used [0x04800000, 0x04800000, 0x06a40000)
  from space 4352K,  11% used [0x06a40000, 0x06ac0060, 0x06e80000)
  to   space 4352K,   0% used [0x06e80000, 0x06e80000, 0x072c0000)
 tenured generation   total 87424K, used 36153K [0x0f2a0000, 0x14800000, 0x24800000)
   the space 87424K,  41% used [0x0f2a0000, 0x115ee580, 0x115ee600, 0x14800000)
 Metaspace       used 19534K, capacity 20136K, committed 20224K, reserved 20864K
}
Event: 4951.711 GC heap before
{Heap before GC invocations=9 (full 1):
 def new generation   total 39424K, used 35584K [0x04800000, 0x072c0000, 0x0f2a0000)
  eden space 35072K, 100% used [0x04800000, 0x06a40000, 0x06a40000)
  from space 4352K,  11% used [0x06a40000, 0x06ac0060, 0x06e80000)
  to   space 4352K,   0% used [0x06e80000, 0x06e80000, 0x072c0000)
 tenured generation   total 87424K, used 36153K [0x0f2a0000, 0x14800000, 0x24800000)
   the space 87424K,  41% used [0x0f2a0000, 0x115ee580, 0x115ee600, 0x14800000)
 Metaspace       used 19534K, capacity 20136K, committed 20224K, reserved 20864K
Event: 4951.754 GC heap after
Heap after GC invocations=10 (full 1):
 def new generation   total 39424K, used 563K [0x04800000, 0x072c0000, 0x0f2a0000)
  eden space 35072K,   0% used [0x04800000, 0x04800000, 0x06a40000)
  from space 4352K,  12% used [0x06e80000, 0x06f0cd50, 0x072c0000)
  to   space 4352K,   0% used [0x06a40000, 0x06a40000, 0x06e80000)
 tenured generation   total 87424K, used 36153K [0x0f2a0000, 0x14800000, 0x24800000)
   the space 87424K,  41% used [0x0f2a0000, 0x115ee580, 0x115ee600, 0x14800000)
 Metaspace       used 19534K, capacity 20136K, committed 20224K, reserved 20864K
}

Deoptimization events (0 events):
No events

Internal exceptions (10 events):
Event: 75.293 Thread 0x2702b400 Exception <a 'sun/nio/fs/WindowsException'> (0x05dee748) thrown at [C:\workspace\8-2-build-windows-i586-cygwin\jdk8u92\6642\hotspot\src\share\vm\prims\jni.cpp, line 709]
Event: 75.294 Thread 0x2702b400 Exception <a 'sun/nio/fs/WindowsException'> (0x05deed50) thrown at [C:\workspace\8-2-build-windows-i586-cygwin\jdk8u92\6642\hotspot\src\share\vm\prims\jni.cpp, line 709]
Event: 75.296 Thread 0x2702b400 Exception <a 'sun/nio/fs/WindowsException'> (0x05e04960) thrown at [C:\workspace\8-2-build-windows-i586-cygwin\jdk8u92\6642\hotspot\src\share\vm\prims\jni.cpp, line 709]
Event: 75.296 Thread 0x2702b400 Exception <a 'sun/nio/fs/WindowsException'> (0x05e050a8) thrown at [C:\workspace\8-2-build-windows-i586-cygwin\jdk8u92\6642\hotspot\src\share\vm\prims\jni.cpp, line 709]
Event: 75.297 Thread 0x2702b400 Exception <a 'sun/nio/fs/WindowsException'> (0x05e104e0) thrown at [C:\workspace\8-2-build-windows-i586-cygwin\jdk8u92\6642\hotspot\src\share\vm\prims\jni.cpp, line 709]
Event: 75.297 Thread 0x2702b400 Exception <a 'sun/nio/fs/WindowsException'> (0x05e10c50) thrown at [C:\workspace\8-2-build-windows-i586-cygwin\jdk8u92\6642\hotspot\src\share\vm\prims\jni.cpp, line 709]
Event: 75.298 Thread 0x2702b400 Exception <a 'sun/nio/fs/WindowsException'> (0x05e1b298) thrown at [C:\workspace\8-2-build-windows-i586-cygwin\jdk8u92\6642\hotspot\src\share\vm\prims\jni.cpp, line 709]
Event: 75.298 Thread 0x2702b400 Exception <a 'sun/nio/fs/WindowsException'> (0x05e1b850) thrown at [C:\workspace\8-2-build-windows-i586-cygwin\jdk8u92\6642\hotspot\src\share\vm\prims\jni.cpp, line 709]
Event: 75.299 Thread 0x2702b400 Exception <a 'sun/nio/fs/WindowsException'> (0x05e277d0) thrown at [C:\workspace\8-2-build-windows-i586-cygwin\jdk8u92\6642\hotspot\src\share\vm\prims\jni.cpp, line 709]
Event: 75.300 Thread 0x2702b400 Exception <a 'sun/nio/fs/WindowsException'> (0x05e27db0) thrown at [C:\workspace\8-2-build-windows-i586-cygwin\jdk8u92\6642\hotspot\src\share\vm\prims\jni.cpp, line 709]

Events (10 events):
Event: 5106.075 loading class java/io/ObjectStreamClass$2
Event: 5106.075 loading class java/io/ObjectStreamClass$2 done
Event: 5106.076 loading class sun/reflect/UnsafeQualifiedStaticLongFieldAccessorImpl
Event: 5106.076 loading class sun/reflect/UnsafeQualifiedStaticLongFieldAccessorImpl done
Event: 5106.077 loading class sun/reflect/SerializationConstructorAccessorImpl
Event: 5106.077 loading class sun/reflect/SerializationConstructorAccessorImpl done
Event: 5106.078 loading class java/io/ObjectStreamClass$FieldReflectorKey
Event: 5106.078 loading class java/io/ObjectStreamClass$FieldReflectorKey done
Event: 5106.078 loading class java/io/ObjectStreamClass$FieldReflector
Event: 5106.078 loading class java/io/ObjectStreamClass$FieldReflector done


Dynamic libraries:
0x00090000 - 0x000c3000 	C:\Program Files (x86)\Arduino\java\bin\javaw.exe
0x77040000 - 0x771c3000 	C:\Windows\SYSTEM32\ntdll.dll
0x73b80000 - 0x73c60000 	C:\Windows\System32\KERNEL32.DLL
0x75940000 - 0x75ae1000 	C:\Windows\System32\KERNELBASE.dll
0x76870000 - 0x768e7000 	C:\Windows\System32\ADVAPI32.dll
0x76ed0000 - 0x76f8e000 	C:\Windows\System32\msvcrt.dll
0x76a30000 - 0x76a71000 	C:\Windows\System32\sechost.dll
0x76c80000 - 0x76d41000 	C:\Windows\System32\RPCRT4.dll
0x73b00000 - 0x73b1e000 	C:\Windows\System32\SspiCli.dll
0x73af0000 - 0x73afa000 	C:\Windows\System32\CRYPTBASE.dll
0x76800000 - 0x7685a000 	C:\Windows\System32\bcryptPrimitives.dll
0x76d50000 - 0x76eaf000 	C:\Windows\System32\USER32.dll
0x76eb0000 - 0x76ec5000 	C:\Windows\System32\win32u.dll
0x75cf0000 - 0x75d1b000 	C:\Windows\System32\GDI32.dll
0x75b80000 - 0x75cdb000 	C:\Windows\System32\gdi32full.dll
0x72790000 - 0x7299a000 	C:\Windows\WinSxS\x86_microsoft.windows.common-controls_6595b64144ccf1df_6.0.14393.953_none_89c2555adb023171\COMCTL32.dll
0x75dc0000 - 0x75fd1000 	C:\Windows\System32\combase.dll
0x73c60000 - 0x73d40000 	C:\Windows\System32\ucrtbase.dll
0x75fe0000 - 0x76005000 	C:\Windows\System32\IMM32.DLL
0x64af0000 - 0x64baf000 	C:\Program Files (x86)\Arduino\java\bin\msvcr100.dll
0x628e0000 - 0x62cab000 	C:\Program Files (x86)\Arduino\java\bin\client\jvm.dll
0x76760000 - 0x76766000 	C:\Windows\System32\PSAPI.DLL
0x676f0000 - 0x676f8000 	C:\Windows\SYSTEM32\WSOCK32.dll
0x76a80000 - 0x76ae3000 	C:\Windows\System32\WS2_32.dll
0x65320000 - 0x65344000 	C:\Windows\SYSTEM32\WINMM.dll
0x73a40000 - 0x73a48000 	C:\Windows\SYSTEM32\VERSION.dll
0x652f0000 - 0x65313000 	C:\Windows\SYSTEM32\WINMMBASE.dll
0x75d80000 - 0x75db6000 	C:\Windows\System32\cfgmgr32.dll
0x64a20000 - 0x64a51000 	C:\Program Files (x86)\Arduino\java\bin\splashscreen.dll
0x72680000 - 0x726f5000 	C:\Windows\system32\uxtheme.dll
0x672c0000 - 0x672cc000 	C:\Program Files (x86)\Arduino\java\bin\verify.dll
0x649f0000 - 0x64a11000 	C:\Program Files (x86)\Arduino\java\bin\java.dll
0x768f0000 - 0x76a25000 	C:\Windows\System32\MSCTF.dll
0x75780000 - 0x75814000 	C:\Windows\System32\OLEAUT32.dll
0x75820000 - 0x7589b000 	C:\Windows\System32\msvcp_win.dll
0x677d0000 - 0x6784b000 	C:\Program Files (x86)\Common Files\Microsoft Shared\Ink\tiptsf.dll
0x67140000 - 0x67153000 	C:\Program Files (x86)\Arduino\java\bin\zip.dll
0x76010000 - 0x7601d000 	C:\Windows\System32\kernel.appcore.dll
0x76770000 - 0x767f4000 	C:\Windows\System32\clbcatq.dll
0x5fc50000 - 0x5fda2000 	C:\Windows\System32\uiautomationcore.dll
0x738e0000 - 0x738fa000 	C:\Windows\System32\USERENV.dll
0x76860000 - 0x7686f000 	C:\Windows\System32\profapi.dll
0x67850000 - 0x678d1000 	C:\Windows\SYSTEM32\sxs.dll
0x60530000 - 0x60584000 	C:\Windows\System32\OLEACC.dll
0x5ed60000 - 0x5edcc000 	C:\Windows\SYSTEM32\twinapi.dll
0x75af0000 - 0x75b78000 	C:\Windows\System32\shcore.dll
0x71310000 - 0x71401000 	C:\Windows\SYSTEM32\twinapi.appcore.dll
0x73990000 - 0x739ab000 	C:\Windows\SYSTEM32\bcrypt.dll
0x743a0000 - 0x75779000 	C:\Windows\System32\SHELL32.dll
0x73d40000 - 0x742ae000 	C:\Windows\System32\windows.storage.dll
0x76490000 - 0x764d5000 	C:\Windows\System32\powrprof.dll
0x75d20000 - 0x75d66000 	C:\Windows\System32\shlwapi.dll
0x742b0000 - 0x7439a000 	C:\Windows\System32\ole32.dll
0x62790000 - 0x628d5000 	C:\Program Files (x86)\Arduino\java\bin\awt.dll
0x64d60000 - 0x64df2000 	C:\Windows\SYSTEM32\apphelp.dll
0x72660000 - 0x7267f000 	C:\Windows\system32\dwmapi.dll
0x61740000 - 0x6176c000 	C:\Program Files (x86)\Arduino\lib\listSerialsj.dll
0x76080000 - 0x7648b000 	C:\Windows\System32\SETUPAPI.dll
0x739e0000 - 0x739f3000 	C:\Windows\SYSTEM32\CRYPTSP.dll
0x739b0000 - 0x739df000 	C:\Windows\system32\rsaenh.dll
0x670d0000 - 0x670e6000 	C:\Program Files (x86)\Arduino\java\bin\net.dll
0x72b60000 - 0x72bae000 	C:\Windows\system32\mswsock.dll
0x73860000 - 0x7388f000 	C:\Windows\SYSTEM32\IPHLPAPI.DLL
0x76af0000 - 0x76af7000 	C:\Windows\System32\NSI.dll
0x73720000 - 0x73733000 	C:\Windows\SYSTEM32\dhcpcsvc6.DLL
0x73700000 - 0x73714000 	C:\Windows\SYSTEM32\dhcpcsvc.DLL
0x672b0000 - 0x672bf000 	C:\Program Files (x86)\Arduino\java\bin\nio.dll
0x264b0000 - 0x264ed000 	C:\Users\tomco\AppData\Local\Temp\jna-110543166\jna1621287680495812954.dll
0x62750000 - 0x62789000 	C:\Program Files (x86)\Arduino\java\bin\fontmanager.dll
0x62710000 - 0x62742000 	C:\Program Files (x86)\Arduino\java\bin\t2k.dll
0x6b780000 - 0x6b7a2000 	C:\Windows\SYSTEM32\DEVOBJ.dll
0x76ff0000 - 0x77034000 	C:\Windows\System32\WINTRUST.dll
0x75ce0000 - 0x75cee000 	C:\Windows\System32\MSASN1.dll
0x76b00000 - 0x76c7d000 	C:\Windows\System32\CRYPT32.dll
0x737d0000 - 0x7384d000 	C:\Windows\SYSTEM32\DNSAPI.dll
0x72b50000 - 0x72b58000 	C:\Windows\System32\rasadhlp.dll
0x72b00000 - 0x72b49000 	C:\Windows\System32\fwpuclnt.dll
0x67380000 - 0x673e9000 	C:\Program Files (x86)\Arduino\msvcp100.dll
0x62650000 - 0x6270e000 	C:\Program Files (x86)\Arduino\msvcr100.dll
0x27c90000 - 0x27cc2000 	C:\Program Files (x86)\Arduino\lib\AStylej.dll
0x62620000 - 0x62644000 	C:\Program Files (x86)\Arduino\java\bin\dcpr.dll
0x6a380000 - 0x6a4ee000 	C:\Windows\SYSTEM32\WindowsCodecs.dll
0x717f0000 - 0x71834000 	C:\Windows\system32\dataexchange.dll
0x714a0000 - 0x715b3000 	C:\Windows\system32\dcomp.dll
0x715c0000 - 0x717f0000 	C:\Windows\system32\d3d11.dll
0x71410000 - 0x71493000 	C:\Windows\system32\dxgi.dll
0x65380000 - 0x653a0000 	C:\Program Files (x86)\Arduino\java\bin\sunec.dll
0x64ae0000 - 0x64ae9000 	C:\Program Files (x86)\Arduino\java\bin\sunmscapi.dll
0x60600000 - 0x60612000 	C:\Windows\system32\napinsp.dll
0x605e0000 - 0x605f6000 	C:\Windows\system32\pnrpnsp.dll
0x605c0000 - 0x605d4000 	C:\Windows\system32\NLAapi.dll
0x605b0000 - 0x605bc000 	C:\Windows\System32\winrnr.dll
0x60590000 - 0x605a1000 	C:\Windows\System32\wshbth.dll
0x73090000 - 0x731d5000 	C:\Windows\SYSTEM32\dbghelp.dll

VM Arguments:
jvm_args: -Dsun.java2d.d3d=false -Djna.nosys=true -DAPP_DIR=C:\Program Files (x86)\Arduino -Xms128M -Xmx512M 
java_command: processing.app.Base C:\Users\tomco\OneDrive\Uni - Bristol\4th Year\Project\Instrument\Code\INSTRUMENT_FINAL\INSTRUMENT_FINAL.ino
java_class_path (initial): C:\Program Files (x86)\Arduino\lib\apple.jar;C:\Program Files (x86)\Arduino\lib\arduino-core.jar;C:\Program Files (x86)\Arduino\lib\batik-1.8.jar;C:\Program Files (x86)\Arduino\lib\batik-anim-1.8.jar;C:\Program Files (x86)\Arduino\lib\batik-awt-util-1.8.jar;C:\Program Files (x86)\Arduino\lib\batik-bridge-1.8.jar;C:\Program Files (x86)\Arduino\lib\batik-codec-1.8.jar;C:\Program Files (x86)\Arduino\lib\batik-css-1.8.jar;C:\Program Files (x86)\Arduino\lib\batik-dom-1.8.jar;C:\Program Files (x86)\Arduino\lib\batik-ext-1.8.jar;C:\Program Files (x86)\Arduino\lib\batik-gvt-1.8.jar;C:\Program Files (x86)\Arduino\lib\batik-parser-1.8.jar;C:\Program Files (x86)\Arduino\lib\batik-rasterizer-1.8.jar;C:\Program Files (x86)\Arduino\lib\batik-script-1.8.jar;C:\Program Files (x86)\Arduino\lib\batik-squiggle-1.8.jar;C:\Program Files (x86)\Arduino\lib\batik-svg-dom-1.8.jar;C:\Program Files (x86)\Arduino\lib\batik-svgpp-1.8.jar;C:\Program Files (x86)\Arduino\lib\batik-transcoder-1.8.jar;C:\Program Files (x86)\Arduino\lib\batik-util-1.8.jar;C:\Program Files (x86)\Arduino\lib\batik-xml-1.8.jar;C:\Program Files (x86)\Arduino\lib\bcpg-jdk15on-152.jar;C:\Program Files (x86)\Arduino\lib\bcprov-jdk15on-152.jar;C:\Program Files (x86)\Arduino\lib\commons-codec-1.7.jar;C:\Program Files (x86)\Arduino\lib\commons-compress-1.8.jar;C:\Program Files (x86)\Arduino\lib\commons-exec-1.1.jar;C:\Program Files (x86)\Arduino\lib\commons-httpclient-3.1.jar;C:\Program Files (x86)\Arduino\lib\commons-lang3-3.3.2.jar;C:\Program Files (x86)\Arduino\lib\commons-logging-1.0.4.jar;C:\Program Files (x86)\Arduino\lib\commons-net-3.3.jar;C:\Program Files (x86)\Arduino\lib\jackson-annotations-2.6.3.jar;C:\Program Files (x86)\Arduino\lib\jackson-core-2.6.3.jar;C:\Program Files (x86)\Arduino\lib\jackson-databind-2.6.3.jar;C:\Program Files (x86)\Arduino\lib\jackson-module-mrbean-2.6.3.jar;C:\Program Files (x86)\Arduino\lib\java-semver-0.8.0.jar;C:\Program Files (x86)\Arduino\lib\jmdns-3.4.1.j
Launcher Type: SUN_STANDARD

Environment Variables:
PATH=C:\Program Files (x86)\Intel\iCLS Client\;C:\Program Files\Intel\iCLS Client\;C:\Windows\system32;C:\Windows;C:\Windows\System32\Wbem;C:\Windows\System32\WindowsPowerShell\v1.0\;C:\Program Files\Intel\Intel(R) Management Engine Components\DAL;C:\Program Files\Intel\Intel(R) Management Engine Components\IPT;C:\Program Files (x86)\Intel\Intel(R) Management Engine Components\DAL;C:\Program Files (x86)\Intel\Intel(R) Management Engine Components\IPT;C:\Program Files (x86)\Skype\Phone\;C:\Program Files\MATLAB\R2016b\runtime\win64;C:\Program Files\MATLAB\R2016b\bin;C:\Program Files (x86)\Qt\5.7\mingw53_32\bin;C:\Windows\system32\config\systemprofile\.dnx\bin;C:\Program Files\Microsoft DNX\Dnvm\;C:\Program Files\Microsoft SQL Server\130\Tools\Binn\;C:\Program Files (x86)\Windows Kits\8.1\Windows Performance Toolkit\;C:\Program Files (x86)\PuTTY\;C:\Program Files\nodejs\;C:\Program Files\Git\cmd;C:\Users\tomco\AppData\Local\Programs\Python\Python36-32;C:\Users\tomco\AppData\Local\Microsoft\WindowsApps;C:\Users\tomco\AppData\Roaming\npm;C:\Program Files (x86)\Arduino\java\bin
USERNAME=tomco
OS=Windows_NT
PROCESSOR_IDENTIFIER=Intel64 Family 6 Model 58 Stepping 9, GenuineIntel



---------------  S Y S T E M  ---------------

OS: Windows 10.0 , 64 bit Build 14393 (10.0.14393.0)

CPU:total 4 (2 cores per cpu, 2 threads per core) family 6 model 58 stepping 9, cmov, cx8, fxsr, mmx, sse, sse2, sse3, ssse3, sse4.1, sse4.2, popcnt, avx, aes, clmul, erms, ht, tsc, tscinvbit, tscinv

Memory: 4k page, physical 8264984k(2181884k free), swap 19929588k(6235732k free)

vm_info: Java HotSpot(TM) Client VM (25.92-b14) for windows-x86 JRE (1.8.0_92-b14), built on Mar 31 2016 21:09:21 by "java_re" with MS VC++ 10.0 (VS2010)

time: Mon Apr 10 12:24:33 2017
elapsed time: 5152 seconds (0d 1h 25m 52s)

