#
# A fatal error has been detected by the Java Runtime Environment:
#
#  EXCEPTION_ACCESS_VIOLATION (0xc0000005) at pc=0x617493cd, pid=3816, tid=0x00003a30
#
# JRE version: Java(TM) SE Runtime Environment (8.0_92-b14) (build 1.8.0_92-b14)
# Java VM: Java HotSpot(TM) Client VM (25.92-b14 mixed mode windows-x86 )
# Problematic frame:
# C  [listSerialsj.dll+0x93cd]
#
# Failed to write core dump. Minidumps are not enabled by default on client versions of Windows
#
# If you would like to submit a bug report, please visit:
#   http://bugreport.java.com/bugreport/crash.jsp
# The crash happened outside the Java Virtual Machine in native code.
# See problematic frame for where to report the bug.
#

---------------  T H R E A D  ---------------

Current thread (0x26e6ac00):  JavaThread "cc.arduino.packages.discoverers.serial.SerialBoardsLister" [_thread_in_native, id=14896, stack(0x02810000,0x02860000)]

siginfo: ExceptionCode=0xc0000005, writing address 0x00000000

Registers:
EAX=0x00000000, EBX=0x000009e0, ECX=0x00000000, EDX=0x00000001
ESP=0x0285eab0, EBP=0x0285ef08, ESI=0x00000002, EDI=0x0098b4a0
EIP=0x617493cd, EFLAGS=0x00010246

Top of Stack: (sp=0x0285eab0)
0x0285eab0:   00ebe668 0000002e 00000002 00000000
0x0285eac0:   00000003 00000000 00000000 00000000
0x0285ead0:   6174da5d 6174dc59 0000006c 75bba540
0x0285eae0:   26459ee0 0085eb1c 0098b1e8 0000006b
0x0285eaf0:   00000000 24d6fd08 00000022 00000002
0x0285eb00:   00000001 0000006c 00000019 0000008a
0x0285eb10:   008a0890 00000000 314d4f43 00000030
0x0285eb20:   00425355 00000000 2877f118 00000000 

Instructions: (pc=0x617493cd)
0x617493ad:   8b 45 08 8b 90 94 00 00 00 85 d2 74 16 8b 40 2c
0x617493bd:   c7 44 24 04 2e 00 00 00 89 04 24 e8 73 14 00 00
0x617493cd:   c6 00 00 8d 85 04 fc ff ff 89 44 24 18 8d 85 0a
0x617493dd:   fc ff ff 89 44 24 10 a1 e4 01 75 61 c7 85 04 fc 


Register to memory mapping:

EAX=0x00000000 is an unknown value
EBX=0x000009e0 is an unknown value
ECX=0x00000000 is an unknown value
EDX=0x00000001 is an unknown value
ESP=0x0285eab0 is pointing into the stack for thread: 0x26e6ac00
EBP=0x0285ef08 is pointing into the stack for thread: 0x26e6ac00
ESI=0x00000002 is an unknown value
EDI=0x0098b4a0 is an unknown value


Stack: [0x02810000,0x02860000],  sp=0x0285eab0,  free space=314k
Native frames: (J=compiled Java code, j=interpreted, Vv=VM code, C=native code)
C  [listSerialsj.dll+0x93cd]
C  [listSerialsj.dll+0x2211]

Java frames: (J=compiled Java code, j=interpreted, Vv=VM code)
J 2583  processing.app.Platform.listSerialsNative()[Ljava/lang/String; (0 bytes) @ 0x02de9acf [0x02de9a90+0x3f]
j  processing.app.Platform.listSerials()Ljava/util/List;+5
j  cc.arduino.packages.discoverers.serial.SerialBoardsLister.retriggerDiscovery(Z)V+22
j  cc.arduino.packages.discoverers.serial.SerialBoardsLister.run()V+9
J 2564% C1 java.util.TimerThread.mainLoop()V (232 bytes) @ 0x02de0294 [0x02ddfe60+0x434]
j  java.util.TimerThread.run()V+1
v  ~StubRoutines::call_stub

---------------  P R O C E S S  ---------------

Java Threads: ( => current thread )
  0x2706c800 JavaThread "Thread-344" [_thread_in_vm, id=12452, stack(0x27d70000,0x27dc0000)]
  0x2706e000 JavaThread "Thread-343" [_thread_blocked, id=6804, stack(0x27ce0000,0x27d30000)]
  0x2706a000 JavaThread "JmDNS(TCPC.local.).Timer" daemon [_thread_blocked, id=15676, stack(0x25270000,0x252c0000)]
  0x27070000 JavaThread "JmDNS(TCPC.local.).State.Timer" [_thread_blocked, id=5988, stack(0x251e0000,0x25230000)]
  0x27070c00 JavaThread "JmDNS(TCPC.local.).Timer" daemon [_thread_blocked, id=7392, stack(0x25150000,0x251a0000)]
  0x2706f800 JavaThread "SocketListener(TCPC.local.)" daemon [_thread_in_native, id=16232, stack(0x250c0000,0x25110000)]
  0x27069400 JavaThread "JmDNS(TCPC.local.).Timer" daemon [_thread_blocked, id=336, stack(0x25020000,0x25070000)]
  0x2706d800 JavaThread "JmDNS(TCPC.local.).State.Timer" [_thread_blocked, id=10640, stack(0x02760000,0x027b0000)]
  0x2706b800 JavaThread "JmDNS(TCPC.local.).Timer" daemon [_thread_blocked, id=6216, stack(0x02710000,0x02760000)]
  0x2706ac00 JavaThread "SocketListener(TCPC.local.)" daemon [_thread_in_native, id=2688, stack(0x00c70000,0x00cc0000)]
  0x2706d400 JavaThread "DestroyJavaVM" [_thread_blocked, id=15696, stack(0x02580000,0x025d0000)]
  0x2706e400 JavaThread "TimerQueue" daemon [_thread_blocked, id=14964, stack(0x28f30000,0x28f80000)]
  0x2706a800 JavaThread "AWT-EventQueue-0" [_thread_blocked, id=17296, stack(0x28530000,0x28580000)]
  0x2706f400 JavaThread "AWT-Shutdown" [_thread_blocked, id=15912, stack(0x284a0000,0x284f0000)]
  0x2706b400 JavaThread "Batik CleanerThread" daemon [_thread_blocked, id=11816, stack(0x28150000,0x281a0000)]
  0x26ea5c00 JavaThread "cc.arduino.packages.discoverers.network.BoardReachabilityFilter" [_thread_blocked, id=10836, stack(0x26b00000,0x26b50000)]
  0x26e6f400 JavaThread "cc.arduino.packages.discoverers.network.NetworkChecker" [_thread_blocked, id=14644, stack(0x26370000,0x263c0000)]
=>0x26e6ac00 JavaThread "cc.arduino.packages.discoverers.serial.SerialBoardsLister" [_thread_in_native, id=14896, stack(0x02810000,0x02860000)]
  0x25ee0000 JavaThread "AWT-Windows" daemon [_thread_in_native, id=8504, stack(0x26400000,0x26450000)]
  0x25edf000 JavaThread "Java2D Disposer" daemon [_thread_blocked, id=12432, stack(0x262e0000,0x26330000)]
  0x25707400 JavaThread "Service Thread" daemon [_thread_blocked, id=16952, stack(0x25cd0000,0x25d20000)]
  0x25700400 JavaThread "C1 CompilerThread0" daemon [_thread_blocked, id=10024, stack(0x25c40000,0x25c90000)]
  0x256fe800 JavaThread "Attach Listener" daemon [_thread_blocked, id=13100, stack(0x25bb0000,0x25c00000)]
  0x256ecc00 JavaThread "Signal Dispatcher" daemon [_thread_blocked, id=14008, stack(0x25b20000,0x25b70000)]
  0x256eac00 JavaThread "Finalizer" daemon [_thread_blocked, id=16668, stack(0x259a0000,0x259f0000)]
  0x256d4c00 JavaThread "Reference Handler" daemon [_thread_blocked, id=10812, stack(0x25910000,0x25960000)]

Other Threads:
  0x026ee000 VMThread [stack: 0x25680000,0x256d0000] [id=6932]
  0x2570bc00 WatcherThread [stack: 0x25d60000,0x25db0000] [id=14116]

VM state:not at safepoint (normal execution)

VM Mutex/Monitor currently owned by a thread: None

Heap:
 def new generation   total 59008K, used 47049K [0x04a00000, 0x08a00000, 0x0f4a0000)
  eden space 52480K,  77% used [0x04a00000, 0x07192708, 0x07d40000)
  from space 6528K, 100% used [0x07d40000, 0x083a0000, 0x083a0000)
  to   space 6528K,   0% used [0x083a0000, 0x083a0000, 0x08a00000)
 tenured generation   total 130896K, used 90037K [0x0f4a0000, 0x17474000, 0x24a00000)
   the space 130896K,  68% used [0x0f4a0000, 0x14c8d4c8, 0x14c8d600, 0x17474000)
 Metaspace       used 20230K, capacity 20785K, committed 21120K, reserved 21888K

Card table byte_map: [0x24a00000,0x24b10000] byte_map_base: 0x249db000

Polling page: 0x010f0000

CodeCache: size=32768Kb used=2961Kb max_used=4536Kb free=29807Kb
 bounds [0x02990000, 0x02e00000, 0x04990000]
 total_blobs=1625 nmethods=1348 adapters=205
 compilation: enabled

Compilation events (10 events):
Event: 39207.304 Thread 0x25700400 25135             com.github.zafarkhaja.semver.Version::toString (65 bytes)
Event: 39207.305 Thread 0x25700400 nmethod 25135 0x02b00dc8 code [0x02b00f60, 0x02b012b4]
Event: 39207.305 Thread 0x25700400 25136             com.github.zafarkhaja.semver.Version::getNormalVersion (8 bytes)
Event: 39207.305 Thread 0x25700400 nmethod 25136 0x02b00b88 code [0x02b00c90, 0x02b00d2c]
Event: 39207.305 Thread 0x25700400 25137             java.util.Formatter::getZero (27 bytes)
Event: 39207.305 Thread 0x25700400 nmethod 25137 0x02b008c8 code [0x02b009e0, 0x02b00ac8]
Event: 39207.305 Thread 0x25700400 25138             com.github.zafarkhaja.semver.Version::getBuildMetadata (8 bytes)
Event: 39207.305 Thread 0x25700400 nmethod 25138 0x02b006c8 code [0x02b007d0, 0x02b0086c]
Event: 39207.306 Thread 0x25700400 25139             java.util.regex.Pattern::expr (142 bytes)
Event: 39207.307 Thread 0x25700400 nmethod 25139 0x02affdc8 code [0x02afff20, 0x02b0030c]

GC Heap History (10 events):
Event: 38681.657 GC heap before
{Heap before GC invocations=176 (full 3):
 def new generation   total 59008K, used 53259K [0x04a00000, 0x08a00000, 0x0f4a0000)
  eden space 52480K, 100% used [0x04a00000, 0x07d40000, 0x07d40000)
  from space 6528K,  11% used [0x083a0000, 0x08462df8, 0x08a00000)
  to   space 6528K,   0% used [0x07d40000, 0x07d40000, 0x083a0000)
 tenured generation   total 130896K, used 87133K [0x0f4a0000, 0x17474000, 0x24a00000)
   the space 130896K,  66% used [0x0f4a0000, 0x149b74f0, 0x149b7600, 0x17474000)
 Metaspace       used 20221K, capacity 20783K, committed 21120K, reserved 21888K
Event: 38681.661 GC heap after
Heap after GC invocations=177 (full 3):
 def new generation   total 59008K, used 2980K [0x04a00000, 0x08a00000, 0x0f4a0000)
  eden space 52480K,   0% used [0x04a00000, 0x04a00000, 0x07d40000)
  from space 6528K,  45% used [0x07d40000, 0x08029218, 0x083a0000)
  to   space 6528K,   0% used [0x083a0000, 0x083a0000, 0x08a00000)
 tenured generation   total 130896K, used 87135K [0x0f4a0000, 0x17474000, 0x24a00000)
   the space 130896K,  66% used [0x0f4a0000, 0x149b7c00, 0x149b7c00, 0x17474000)
 Metaspace       used 20221K, capacity 20783K, committed 21120K, reserved 21888K
}
Event: 38801.668 GC heap before
{Heap before GC invocations=177 (full 3):
 def new generation   total 59008K, used 55460K [0x04a00000, 0x08a00000, 0x0f4a0000)
  eden space 52480K, 100% used [0x04a00000, 0x07d40000, 0x07d40000)
  from space 6528K,  45% used [0x07d40000, 0x08029218, 0x083a0000)
  to   space 6528K,   0% used [0x083a0000, 0x083a0000, 0x08a00000)
 tenured generation   total 130896K, used 87135K [0x0f4a0000, 0x17474000, 0x24a00000)
   the space 130896K,  66% used [0x0f4a0000, 0x149b7c00, 0x149b7c00, 0x17474000)
 Metaspace       used 20228K, capacity 20783K, committed 21120K, reserved 21888K
Event: 38801.673 GC heap after
Heap after GC invocations=178 (full 3):
 def new generation   total 59008K, used 4991K [0x04a00000, 0x08a00000, 0x0f4a0000)
  eden space 52480K,   0% used [0x04a00000, 0x04a00000, 0x07d40000)
  from space 6528K,  76% used [0x083a0000, 0x0887fec8, 0x08a00000)
  to   space 6528K,   0% used [0x07d40000, 0x07d40000, 0x083a0000)
 tenured generation   total 130896K, used 87136K [0x0f4a0000, 0x17474000, 0x24a00000)
   the space 130896K,  66% used [0x0f4a0000, 0x149b83f8, 0x149b8400, 0x17474000)
 Metaspace       used 20228K, capacity 20783K, committed 21120K, reserved 21888K
}
Event: 38936.686 GC heap before
{Heap before GC invocations=178 (full 3):
 def new generation   total 59008K, used 57471K [0x04a00000, 0x08a00000, 0x0f4a0000)
  eden space 52480K, 100% used [0x04a00000, 0x07d40000, 0x07d40000)
  from space 6528K,  76% used [0x083a0000, 0x0887fec8, 0x08a00000)
  to   space 6528K,   0% used [0x07d40000, 0x07d40000, 0x083a0000)
 tenured generation   total 130896K, used 87136K [0x0f4a0000, 0x17474000, 0x24a00000)
   the space 130896K,  66% used [0x0f4a0000, 0x149b83f8, 0x149b8400, 0x17474000)
 Metaspace       used 20228K, capacity 20783K, committed 21120K, reserved 21888K
Event: 38936.691 GC heap after
Heap after GC invocations=179 (full 3):
 def new generation   total 59008K, used 2136K [0x04a00000, 0x08a00000, 0x0f4a0000)
  eden space 52480K,   0% used [0x04a00000, 0x04a00000, 0x07d40000)
  from space 6528K,  32% used [0x07d40000, 0x07f56260, 0x083a0000)
  to   space 6528K,   0% used [0x083a0000, 0x083a0000, 0x08a00000)
 tenured generation   total 130896K, used 89938K [0x0f4a0000, 0x17474000, 0x24a00000)
   the space 130896K,  68% used [0x0f4a0000, 0x14c749e0, 0x14c74a00, 0x17474000)
 Metaspace       used 20228K, capacity 20783K, committed 21120K, reserved 21888K
}
Event: 39069.824 GC heap before
{Heap before GC invocations=179 (full 3):
 def new generation   total 59008K, used 54616K [0x04a00000, 0x08a00000, 0x0f4a0000)
  eden space 52480K, 100% used [0x04a00000, 0x07d40000, 0x07d40000)
  from space 6528K,  32% used [0x07d40000, 0x07f56260, 0x083a0000)
  to   space 6528K,   0% used [0x083a0000, 0x083a0000, 0x08a00000)
 tenured generation   total 130896K, used 89938K [0x0f4a0000, 0x17474000, 0x24a00000)
   the space 130896K,  68% used [0x0f4a0000, 0x14c749e0, 0x14c74a00, 0x17474000)
 Metaspace       used 20228K, capacity 20783K, committed 21120K, reserved 21888K
Event: 39069.834 GC heap after
Heap after GC invocations=180 (full 3):
 def new generation   total 59008K, used 2134K [0x04a00000, 0x08a00000, 0x0f4a0000)
  eden space 52480K,   0% used [0x04a00000, 0x04a00000, 0x07d40000)
  from space 6528K,  32% used [0x083a0000, 0x085b5800, 0x08a00000)
  to   space 6528K,   0% used [0x07d40000, 0x07d40000, 0x083a0000)
 tenured generation   total 130896K, used 89938K [0x0f4a0000, 0x17474000, 0x24a00000)
   the space 130896K,  68% used [0x0f4a0000, 0x14c749e0, 0x14c74a00, 0x17474000)
 Metaspace       used 20228K, capacity 20783K, committed 21120K, reserved 21888K
}
Event: 39163.406 GC heap before
{Heap before GC invocations=180 (full 3):
 def new generation   total 59008K, used 54614K [0x04a00000, 0x08a00000, 0x0f4a0000)
  eden space 52480K, 100% used [0x04a00000, 0x07d40000, 0x07d40000)
  from space 6528K,  32% used [0x083a0000, 0x085b5800, 0x08a00000)
  to   space 6528K,   0% used [0x07d40000, 0x07d40000, 0x083a0000)
 tenured generation   total 130896K, used 89938K [0x0f4a0000, 0x17474000, 0x24a00000)
   the space 130896K,  68% used [0x0f4a0000, 0x14c749e0, 0x14c74a00, 0x17474000)
 Metaspace       used 20230K, capacity 20785K, committed 21120K, reserved 21888K
Event: 39163.420 GC heap after
Heap after GC invocations=181 (full 3):
 def new generation   total 59008K, used 6528K [0x04a00000, 0x08a00000, 0x0f4a0000)
  eden space 52480K,   0% used [0x04a00000, 0x04a00000, 0x07d40000)
  from space 6528K, 100% used [0x07d40000, 0x083a0000, 0x083a0000)
  to   space 6528K,   0% used [0x083a0000, 0x083a0000, 0x08a00000)
 tenured generation   total 130896K, used 90037K [0x0f4a0000, 0x17474000, 0x24a00000)
   the space 130896K,  68% used [0x0f4a0000, 0x14c8d4c8, 0x14c8d600, 0x17474000)
 Metaspace       used 20230K, capacity 20785K, committed 21120K, reserved 21888K
}

Deoptimization events (0 events):
No events

Internal exceptions (10 events):
Event: 39207.302 Thread 0x2706c800 Exception <a 'sun/nio/fs/WindowsException'> (0x0703b488) thrown at [C:\workspace\8-2-build-windows-i586-cygwin\jdk8u92\6642\hotspot\src\share\vm\prims\jni.cpp, line 709]
Event: 39207.302 Thread 0x2706c800 Exception <a 'sun/nio/fs/WindowsException'> (0x0703b9c8) thrown at [C:\workspace\8-2-build-windows-i586-cygwin\jdk8u92\6642\hotspot\src\share\vm\prims\jni.cpp, line 709]
Event: 39207.303 Thread 0x2706c800 Exception <a 'sun/nio/fs/WindowsException'> (0x070510a0) thrown at [C:\workspace\8-2-build-windows-i586-cygwin\jdk8u92\6642\hotspot\src\share\vm\prims\jni.cpp, line 709]
Event: 39207.303 Thread 0x2706c800 Exception <a 'sun/nio/fs/WindowsException'> (0x070515f8) thrown at [C:\workspace\8-2-build-windows-i586-cygwin\jdk8u92\6642\hotspot\src\share\vm\prims\jni.cpp, line 709]
Event: 39207.305 Thread 0x2706c800 Exception <a 'sun/nio/fs/WindowsException'> (0x0705b9b0) thrown at [C:\workspace\8-2-build-windows-i586-cygwin\jdk8u92\6642\hotspot\src\share\vm\prims\jni.cpp, line 709]
Event: 39207.305 Thread 0x2706c800 Exception <a 'sun/nio/fs/WindowsException'> (0x0705ff28) thrown at [C:\workspace\8-2-build-windows-i586-cygwin\jdk8u92\6642\hotspot\src\share\vm\prims\jni.cpp, line 709]
Event: 39207.307 Thread 0x2706c800 Exception <a 'sun/nio/fs/WindowsException'> (0x07072428) thrown at [C:\workspace\8-2-build-windows-i586-cygwin\jdk8u92\6642\hotspot\src\share\vm\prims\jni.cpp, line 709]
Event: 39207.307 Thread 0x2706c800 Exception <a 'sun/nio/fs/WindowsException'> (0x07072980) thrown at [C:\workspace\8-2-build-windows-i586-cygwin\jdk8u92\6642\hotspot\src\share\vm\prims\jni.cpp, line 709]
Event: 39207.309 Thread 0x2706c800 Exception <a 'sun/nio/fs/WindowsException'> (0x070827c0) thrown at [C:\workspace\8-2-build-windows-i586-cygwin\jdk8u92\6642\hotspot\src\share\vm\prims\jni.cpp, line 709]
Event: 39207.309 Thread 0x2706c800 Exception <a 'sun/nio/fs/WindowsException'> (0x07082cf0) thrown at [C:\workspace\8-2-build-windows-i586-cygwin\jdk8u92\6642\hotspot\src\share\vm\prims\jni.cpp, line 709]

Events (10 events):
Event: 39207.224 Thread 0x25700400 flushing nmethod 0x02a57948
Event: 39207.224 Thread 0x25700400 flushing nmethod 0x02a8ac48
Event: 39207.224 Thread 0x25700400 flushing nmethod 0x02ae2ec8
Event: 39207.228 Thread 0x25700400 flushing nmethod 0x02bccd08
Event: 39207.228 Thread 0x25700400 flushing nmethod 0x02bd12c8
Event: 39207.228 Thread 0x25700400 flushing nmethod 0x02bfd788
Event: 39207.230 Thread 0x25700400 flushing nmethod 0x02d6cd08
Event: 39207.230 Thread 0x25700400 flushing nmethod 0x02daf148
Event: 39207.230 Thread 0x25700400 flushing nmethod 0x02db4788
Event: 39207.230 Thread 0x25700400 flushing nmethod 0x02dfa448


Dynamic libraries:
0x01100000 - 0x01133000 	C:\Program Files (x86)\Arduino\java\bin\javaw.exe
0x770b0000 - 0x77233000 	C:\Windows\SYSTEM32\ntdll.dll
0x742d0000 - 0x743b0000 	C:\Windows\System32\KERNEL32.DLL
0x76c70000 - 0x76e11000 	C:\Windows\System32\KERNELBASE.dll
0x765a0000 - 0x76617000 	C:\Windows\System32\ADVAPI32.dll
0x76ff0000 - 0x770ae000 	C:\Windows\System32\msvcrt.dll
0x76550000 - 0x76591000 	C:\Windows\System32\sechost.dll
0x76710000 - 0x767d1000 	C:\Windows\System32\RPCRT4.dll
0x73b70000 - 0x73b8e000 	C:\Windows\System32\SspiCli.dll
0x73b60000 - 0x73b6a000 	C:\Windows\System32\CRYPTBASE.dll
0x73c70000 - 0x73cca000 	C:\Windows\System32\bcryptPrimitives.dll
0x75a30000 - 0x75b8f000 	C:\Windows\System32\USER32.dll
0x75fa0000 - 0x75fb5000 	C:\Windows\System32\win32u.dll
0x76ba0000 - 0x76bcb000 	C:\Windows\System32\GDI32.dll
0x75870000 - 0x759cb000 	C:\Windows\System32\gdi32full.dll
0x732a0000 - 0x734aa000 	C:\Windows\WinSxS\x86_microsoft.windows.common-controls_6595b64144ccf1df_6.0.14393.953_none_89c2555adb023171\COMCTL32.dll
0x76070000 - 0x76281000 	C:\Windows\System32\combase.dll
0x743b0000 - 0x74490000 	C:\Windows\System32\ucrtbase.dll
0x73bf0000 - 0x73c15000 	C:\Windows\System32\IMM32.DLL
0x6f5b0000 - 0x6f66f000 	C:\Program Files (x86)\Arduino\java\bin\msvcr100.dll
0x6efa0000 - 0x6f36b000 	C:\Program Files (x86)\Arduino\java\bin\client\jvm.dll
0x75a20000 - 0x75a26000 	C:\Windows\System32\PSAPI.DLL
0x73b50000 - 0x73b58000 	C:\Windows\SYSTEM32\VERSION.dll
0x73800000 - 0x73808000 	C:\Windows\SYSTEM32\WSOCK32.dll
0x6d3b0000 - 0x6d3d4000 	C:\Windows\SYSTEM32\WINMM.dll
0x00e80000 - 0x00ea3000 	C:\Windows\SYSTEM32\WINMMBASE.dll
0x76ad0000 - 0x76b06000 	C:\Windows\System32\cfgmgr32.dll
0x769f0000 - 0x76a53000 	C:\Windows\System32\WS2_32.dll
0x701c0000 - 0x701f1000 	C:\Program Files (x86)\Arduino\java\bin\splashscreen.dll
0x73190000 - 0x73205000 	C:\Windows\system32\uxtheme.dll
0x701b0000 - 0x701bc000 	C:\Program Files (x86)\Arduino\java\bin\verify.dll
0x6f580000 - 0x6f5a1000 	C:\Program Files (x86)\Arduino\java\bin\java.dll
0x76410000 - 0x76545000 	C:\Windows\System32\MSCTF.dll
0x76bd0000 - 0x76c64000 	C:\Windows\System32\OLEAUT32.dll
0x74250000 - 0x742cb000 	C:\Windows\System32\msvcp_win.dll
0x70220000 - 0x7029b000 	C:\Program Files (x86)\Common Files\Microsoft Shared\Ink\tiptsf.dll
0x6f560000 - 0x6f573000 	C:\Program Files (x86)\Arduino\java\bin\zip.dll
0x74240000 - 0x7424d000 	C:\Windows\System32\kernel.appcore.dll
0x76b10000 - 0x76b94000 	C:\Windows\System32\clbcatq.dll
0x64cb0000 - 0x64e02000 	C:\Windows\System32\uiautomationcore.dll
0x737c0000 - 0x737da000 	C:\Windows\System32\USERENV.dll
0x767e0000 - 0x767ef000 	C:\Windows\System32\profapi.dll
0x702e0000 - 0x70361000 	C:\Windows\SYSTEM32\sxs.dll
0x64c50000 - 0x64ca4000 	C:\Windows\System32\OLEACC.dll
0x668e0000 - 0x6694c000 	C:\Windows\SYSTEM32\twinapi.dll
0x76f10000 - 0x76f98000 	C:\Windows\System32\shcore.dll
0x71e20000 - 0x71f11000 	C:\Windows\SYSTEM32\twinapi.appcore.dll
0x737a0000 - 0x737bb000 	C:\Windows\SYSTEM32\bcrypt.dll
0x74490000 - 0x75869000 	C:\Windows\System32\SHELL32.dll
0x73cd0000 - 0x7423e000 	C:\Windows\System32\windows.storage.dll
0x759d0000 - 0x75a15000 	C:\Windows\System32\powrprof.dll
0x76fa0000 - 0x76fe6000 	C:\Windows\System32\shlwapi.dll
0x76e20000 - 0x76f0a000 	C:\Windows\System32\ole32.dll
0x6ee50000 - 0x6ef95000 	C:\Program Files (x86)\Arduino\java\bin\awt.dll
0x6f7b0000 - 0x6f842000 	C:\Windows\SYSTEM32\apphelp.dll
0x73170000 - 0x7318f000 	C:\Windows\system32\dwmapi.dll
0x61740000 - 0x6176c000 	C:\Program Files (x86)\Arduino\lib\listSerialsj.dll
0x75b90000 - 0x75f9b000 	C:\Windows\System32\SETUPAPI.dll
0x73820000 - 0x73833000 	C:\Windows\SYSTEM32\CRYPTSP.dll
0x6e7f0000 - 0x6e81f000 	C:\Windows\system32\rsaenh.dll
0x6f540000 - 0x6f556000 	C:\Program Files (x86)\Arduino\java\bin\net.dll
0x73610000 - 0x7365e000 	C:\Windows\system32\mswsock.dll
0x73560000 - 0x7358f000 	C:\Windows\SYSTEM32\IPHLPAPI.DLL
0x75fc0000 - 0x75fc7000 	C:\Windows\System32\NSI.dll
0x6d390000 - 0x6d3a3000 	C:\Windows\SYSTEM32\dhcpcsvc6.DLL
0x6bca0000 - 0x6bcb4000 	C:\Windows\SYSTEM32\dhcpcsvc.DLL
0x6f530000 - 0x6f53f000 	C:\Program Files (x86)\Arduino\java\bin\nio.dll
0x26620000 - 0x2665d000 	C:\Users\tomco\AppData\Local\Temp\jna-110543166\jna2201335975134508668.dll
0x6f4f0000 - 0x6f529000 	C:\Program Files (x86)\Arduino\java\bin\fontmanager.dll
0x6ee10000 - 0x6ee42000 	C:\Program Files (x86)\Arduino\java\bin\t2k.dll
0x702a0000 - 0x702c2000 	C:\Windows\SYSTEM32\DEVOBJ.dll
0x73c20000 - 0x73c64000 	C:\Windows\System32\WINTRUST.dll
0x76a60000 - 0x76a6e000 	C:\Windows\System32\MSASN1.dll
0x76290000 - 0x7640d000 	C:\Windows\System32\CRYPT32.dll
0x73590000 - 0x7360d000 	C:\Windows\SYSTEM32\DNSAPI.dll
0x73550000 - 0x73558000 	C:\Windows\System32\rasadhlp.dll
0x73500000 - 0x73549000 	C:\Windows\System32\fwpuclnt.dll
0x673c0000 - 0x67429000 	C:\Program Files (x86)\Arduino\msvcp100.dll
0x66e90000 - 0x66f4e000 	C:\Program Files (x86)\Arduino\msvcr100.dll
0x280d0000 - 0x28102000 	C:\Program Files (x86)\Arduino\lib\AStylej.dll
0x6d5b0000 - 0x6d5d4000 	C:\Program Files (x86)\Arduino\java\bin\dcpr.dll
0x65000000 - 0x6516e000 	C:\Windows\SYSTEM32\WindowsCodecs.dll
0x72300000 - 0x72344000 	C:\Windows\system32\dataexchange.dll
0x720d0000 - 0x72300000 	C:\Windows\system32\d3d11.dll
0x71fb0000 - 0x720c3000 	C:\Windows\system32\dcomp.dll
0x71f20000 - 0x71fa3000 	C:\Windows\system32\dxgi.dll
0x683d0000 - 0x683f0000 	C:\Program Files (x86)\Arduino\java\bin\sunec.dll
0x6f4e0000 - 0x6f4e9000 	C:\Program Files (x86)\Arduino\java\bin\sunmscapi.dll
0x64650000 - 0x64662000 	C:\Windows\system32\napinsp.dll
0x64630000 - 0x64646000 	C:\Windows\system32\pnrpnsp.dll
0x64610000 - 0x64624000 	C:\Windows\system32\NLAapi.dll
0x64600000 - 0x6460c000 	C:\Windows\System32\winrnr.dll
0x645e0000 - 0x645f1000 	C:\Windows\System32\wshbth.dll
0x64000000 - 0x6401b000 	C:\Users\tomco\.jssc\windows\jSSC-2.8_x86.dll
0x63f00000 - 0x63f4e000 	C:\Windows\system32\Ninput.dll
0x6d8f0000 - 0x6da35000 	C:\Windows\SYSTEM32\dbghelp.dll

VM Arguments:
jvm_args: -Dsun.java2d.d3d=false -Djna.nosys=true -DAPP_DIR=C:\Program Files (x86)\Arduino -Xms128M -Xmx512M 
java_command: processing.app.Base C:\Users\tomco\OneDrive\Uni - Bristol\4th Year\Project\Instrument\Code\INSTRUMENT_LOWPWR\INSTRUMENT_LOWPWR.ino
java_class_path (initial): C:\Program Files (x86)\Arduino\lib\apple.jar;C:\Program Files (x86)\Arduino\lib\arduino-core.jar;C:\Program Files (x86)\Arduino\lib\batik-1.8.jar;C:\Program Files (x86)\Arduino\lib\batik-anim-1.8.jar;C:\Program Files (x86)\Arduino\lib\batik-awt-util-1.8.jar;C:\Program Files (x86)\Arduino\lib\batik-bridge-1.8.jar;C:\Program Files (x86)\Arduino\lib\batik-codec-1.8.jar;C:\Program Files (x86)\Arduino\lib\batik-css-1.8.jar;C:\Program Files (x86)\Arduino\lib\batik-dom-1.8.jar;C:\Program Files (x86)\Arduino\lib\batik-ext-1.8.jar;C:\Program Files (x86)\Arduino\lib\batik-gvt-1.8.jar;C:\Program Files (x86)\Arduino\lib\batik-parser-1.8.jar;C:\Program Files (x86)\Arduino\lib\batik-rasterizer-1.8.jar;C:\Program Files (x86)\Arduino\lib\batik-script-1.8.jar;C:\Program Files (x86)\Arduino\lib\batik-squiggle-1.8.jar;C:\Program Files (x86)\Arduino\lib\batik-svg-dom-1.8.jar;C:\Program Files (x86)\Arduino\lib\batik-svgpp-1.8.jar;C:\Program Files (x86)\Arduino\lib\batik-transcoder-1.8.jar;C:\Program Files (x86)\Arduino\lib\batik-util-1.8.jar;C:\Program Files (x86)\Arduino\lib\batik-xml-1.8.jar;C:\Program Files (x86)\Arduino\lib\bcpg-jdk15on-152.jar;C:\Program Files (x86)\Arduino\lib\bcprov-jdk15on-152.jar;C:\Program Files (x86)\Arduino\lib\commons-codec-1.7.jar;C:\Program Files (x86)\Arduino\lib\commons-compress-1.8.jar;C:\Program Files (x86)\Arduino\lib\commons-exec-1.1.jar;C:\Program Files (x86)\Arduino\lib\commons-httpclient-3.1.jar;C:\Program Files (x86)\Arduino\lib\commons-lang3-3.3.2.jar;C:\Program Files (x86)\Arduino\lib\commons-logging-1.0.4.jar;C:\Program Files (x86)\Arduino\lib\commons-net-3.3.jar;C:\Program Files (x86)\Arduino\lib\jackson-annotations-2.6.3.jar;C:\Program Files (x86)\Arduino\lib\jackson-core-2.6.3.jar;C:\Program Files (x86)\Arduino\lib\jackson-databind-2.6.3.jar;C:\Program Files (x86)\Arduino\lib\jackson-module-mrbean-2.6.3.jar;C:\Program Files (x86)\Arduino\lib\java-semver-0.8.0.jar;C:\Program Files (x86)\Arduino\lib\jmdns-3.4.1.j
Launcher Type: SUN_STANDARD

Environment Variables:
PATH=C:\Program Files (x86)\Intel\iCLS Client\;C:\Program Files\Intel\iCLS Client\;C:\Windows\system32;C:\Windows;C:\Windows\System32\Wbem;C:\Windows\System32\WindowsPowerShell\v1.0\;C:\Program Files\Intel\Intel(R) Management Engine Components\DAL;C:\Program Files\Intel\Intel(R) Management Engine Components\IPT;C:\Program Files (x86)\Intel\Intel(R) Management Engine Components\DAL;C:\Program Files (x86)\Intel\Intel(R) Management Engine Components\IPT;C:\Program Files (x86)\Skype\Phone\;C:\Program Files\MATLAB\R2016b\runtime\win64;C:\Program Files\MATLAB\R2016b\bin;C:\Program Files (x86)\Qt\5.7\mingw53_32\bin;C:\Windows\system32\config\systemprofile\.dnx\bin;C:\Program Files\Microsoft DNX\Dnvm\;C:\Program Files\Microsoft SQL Server\130\Tools\Binn\;C:\Program Files (x86)\Windows Kits\8.1\Windows Performance Toolkit\;C:\Program Files (x86)\PuTTY\;C:\Program Files\nodejs\;C:\Users\tomco\AppData\Local\Microsoft\WindowsApps;C:\Users\tomco\AppData\Roaming\npm;C:\Program Files (x86)\Arduino\java\bin
USERNAME=tomco
OS=Windows_NT
PROCESSOR_IDENTIFIER=Intel64 Family 6 Model 58 Stepping 9, GenuineIntel



---------------  S Y S T E M  ---------------

OS: Windows 10.0 , 64 bit Build 14393 (10.0.14393.0)

CPU:total 4 (2 cores per cpu, 2 threads per core) family 6 model 58 stepping 9, cmov, cx8, fxsr, mmx, sse, sse2, sse3, ssse3, sse4.1, sse4.2, popcnt, avx, aes, clmul, erms, ht, tsc, tscinvbit, tscinv

Memory: 4k page, physical 8264984k(2633472k free), swap 18964540k(9007460k free)

vm_info: Java HotSpot(TM) Client VM (25.92-b14) for windows-x86 JRE (1.8.0_92-b14), built on Mar 31 2016 21:09:21 by "java_re" with MS VC++ 10.0 (VS2010)

time: Tue Mar 28 23:37:45 2017
elapsed time: 39207 seconds (0d 10h 53m 27s)

