#
# A fatal error has been detected by the Java Runtime Environment:
#
#  EXCEPTION_ACCESS_VIOLATION (0xc0000005) at pc=0x617493cd, pid=22308, tid=0x00007320
#
# JRE version: Java(TM) SE Runtime Environment (8.0_92-b14) (build 1.8.0_92-b14)
# Java VM: Java HotSpot(TM) Client VM (25.92-b14 mixed mode windows-x86 )
# Problematic frame:
# C  [listSerialsj.dll+0x93cd]
#
# Failed to write core dump. Minidumps are not enabled by default on client versions of Windows
#
# If you would like to submit a bug report, please visit:
#   http://bugreport.java.com/bugreport/crash.jsp
# The crash happened outside the Java Virtual Machine in native code.
# See problematic frame for where to report the bug.
#

---------------  T H R E A D  ---------------

Current thread (0x27609800):  JavaThread "cc.arduino.packages.discoverers.serial.SerialBoardsLister" [_thread_in_native, id=29472, stack(0x27390000,0x273e0000)]

siginfo: ExceptionCode=0xc0000005, writing address 0x00000000

Registers:
EAX=0x00000000, EBX=0x00000ae8, ECX=0x00000000, EDX=0x00000001
ESP=0x273de830, EBP=0x273dec88, ESI=0x00000001, EDI=0x01393a68
EIP=0x617493cd, EFLAGS=0x00010246

Top of Stack: (sp=0x273de830)
0x273de830:   0160e400 0000002e 00000002 00000000
0x273de840:   00000003 00000000 00000000 00000000
0x273de850:   273dee00 03236190 0000006c 748aa540
0x273de860:   26cf02d8 0004d8e6 01393410 0000005f
0x273de870:   273de910 273de8a4 00000078 00000200
0x273de880:   00000001 0000006c 00000062 0000008a
0x273de890:   008ae950 00000000 374d4f43 003dee00
0x273de8a0:   00425355 00000198 273de950 6e04599a 

Instructions: (pc=0x617493cd)
0x617493ad:   8b 45 08 8b 90 94 00 00 00 85 d2 74 16 8b 40 2c
0x617493bd:   c7 44 24 04 2e 00 00 00 89 04 24 e8 73 14 00 00
0x617493cd:   c6 00 00 8d 85 04 fc ff ff 89 44 24 18 8d 85 0a
0x617493dd:   fc ff ff 89 44 24 10 a1 e4 01 75 61 c7 85 04 fc 


Register to memory mapping:

EAX=0x00000000 is an unknown value
EBX=0x00000ae8 is an unknown value
ECX=0x00000000 is an unknown value
EDX=0x00000001 is an unknown value
ESP=0x273de830 is pointing into the stack for thread: 0x27609800
EBP=0x273dec88 is pointing into the stack for thread: 0x27609800
ESI=0x00000001 is an unknown value
EDI=0x01393a68 is an unknown value


Stack: [0x27390000,0x273e0000],  sp=0x273de830,  free space=314k
Native frames: (J=compiled Java code, j=interpreted, Vv=VM code, C=native code)
C  [listSerialsj.dll+0x93cd]
C  [listSerialsj.dll+0x2211]

Java frames: (J=compiled Java code, j=interpreted, Vv=VM code)
J 2585  processing.app.Platform.listSerialsNative()[Ljava/lang/String; (0 bytes) @ 0x035c3acf [0x035c3a90+0x3f]
J 2587 C1 cc.arduino.packages.discoverers.serial.SerialBoardsLister.retriggerDiscovery(Z)V (751 bytes) @ 0x035c4864 [0x035c4710+0x154]
J 2588 C1 cc.arduino.packages.discoverers.serial.SerialBoardsLister.run()V (13 bytes) @ 0x035c81d4 [0x035c8190+0x44]
J 2569% C1 java.util.TimerThread.mainLoop()V (232 bytes) @ 0x035be294 [0x035bde60+0x434]
j  java.util.TimerThread.run()V+1
v  ~StubRoutines::call_stub

---------------  P R O C E S S  ---------------

Java Threads: ( => current thread )
  0x276e9800 JavaThread "EventThread COM7" [_thread_in_native, id=4620, stack(0x25970000,0x259c0000)]
  0x276e8400 JavaThread "DestroyJavaVM" [_thread_blocked, id=11064, stack(0x02ed0000,0x02f20000)]
  0x276ebc00 JavaThread "TimerQueue" daemon [_thread_blocked, id=2308, stack(0x29af0000,0x29b40000)]
  0x276e7800 JavaThread "AWT-EventQueue-0" [_thread_blocked, id=9604, stack(0x28450000,0x284a0000)]
  0x276ee800 JavaThread "AWT-Shutdown" [_thread_blocked, id=29204, stack(0x283c0000,0x28410000)]
  0x276ed400 JavaThread "Batik CleanerThread" daemon [_thread_blocked, id=44268, stack(0x28e00000,0x28e50000)]
  0x276edc00 JavaThread "JmDNS(172-23-29-104.local.).Timer" daemon [_thread_blocked, id=16616, stack(0x28b10000,0x28b60000)]
  0x276ea800 JavaThread "JmDNS(172-23-29-104.local.).State.Timer" [_thread_blocked, id=30656, stack(0x28a80000,0x28ad0000)]
  0x276e7000 JavaThread "JmDNS(172-23-29-104.local.).Timer" daemon [_thread_blocked, id=28056, stack(0x289f0000,0x28a40000)]
  0x276e9000 JavaThread "SocketListener(172-23-29-104.local.)" daemon [_thread_in_native, id=25900, stack(0x28960000,0x289b0000)]
  0x276e8c00 JavaThread "JmDNS(2001:630:e4:4220:9ab:94a1:2a7c:b3e6.local.).Timer" daemon [_thread_blocked, id=34480, stack(0x288d0000,0x28920000)]
  0x276ddc00 JavaThread "JmDNS(2001:630:e4:4220:9ab:94a1:2a7c:b3e6.local.).State.Timer" [_thread_blocked, id=19604, stack(0x28840000,0x28890000)]
  0x276e1400 JavaThread "JmDNS(2001:630:e4:4220:9ab:94a1:2a7c:b3e6.local.).Timer" daemon [_thread_blocked, id=42892, stack(0x287b0000,0x28800000)]
  0x276e1000 JavaThread "SocketListener(2001:630:e4:4220:9ab:94a1:2a7c:b3e6.local.)" daemon [_thread_in_native, id=44248, stack(0x28720000,0x28770000)]
  0x276e0800 JavaThread "JmDNS(2001:630:e4:4220:88ca:4717:581c:e15a.local.).Timer" daemon [_thread_blocked, id=27696, stack(0x28690000,0x286e0000)]
  0x276e0400 JavaThread "JmDNS(2001:630:e4:4220:88ca:4717:581c:e15a.local.).State.Timer" [_thread_blocked, id=14240, stack(0x28600000,0x28650000)]
  0x276df000 JavaThread "JmDNS(2001:630:e4:4220:88ca:4717:581c:e15a.local.).Timer" daemon [_thread_blocked, id=28036, stack(0x28570000,0x285c0000)]
  0x276dfc00 JavaThread "SocketListener(2001:630:e4:4220:88ca:4717:581c:e15a.local.)" daemon [_thread_in_native, id=21664, stack(0x284e0000,0x28530000)]
  0x276de800 JavaThread "JmDNS(fe80:0:0:0:88ca:4717:581c:e15a%wlan1.local.).Timer" daemon [_thread_blocked, id=14292, stack(0x28330000,0x28380000)]
  0x276c4c00 JavaThread "JmDNS(fe80:0:0:0:88ca:4717:581c:e15a%wlan1.local.).State.Timer" [_thread_blocked, id=23908, stack(0x282a0000,0x282f0000)]
  0x276c4400 JavaThread "JmDNS(fe80:0:0:0:88ca:4717:581c:e15a%wlan1.local.).Timer" daemon [_thread_blocked, id=32308, stack(0x28210000,0x28260000)]
  0x276c2000 JavaThread "SocketListener(fe80:0:0:0:88ca:4717:581c:e15a%wlan1.local.)" daemon [_thread_in_native, id=15388, stack(0x28180000,0x281d0000)]
  0x2762a000 JavaThread "cc.arduino.packages.discoverers.network.BoardReachabilityFilter" [_thread_blocked, id=18156, stack(0x27ff0000,0x28040000)]
  0x275f5000 JavaThread "cc.arduino.packages.discoverers.network.NetworkChecker" [_thread_in_native, id=20248, stack(0x27f60000,0x27fb0000)]
=>0x27609800 JavaThread "cc.arduino.packages.discoverers.serial.SerialBoardsLister" [_thread_in_native, id=29472, stack(0x27390000,0x273e0000)]
  0x26777c00 JavaThread "AWT-Windows" daemon [_thread_in_native, id=31668, stack(0x26c90000,0x26ce0000)]
  0x26776c00 JavaThread "Java2D Disposer" daemon [_thread_blocked, id=11756, stack(0x26b70000,0x26bc0000)]
  0x25f02800 JavaThread "Service Thread" daemon [_thread_blocked, id=33752, stack(0x26560000,0x265b0000)]
  0x25f0cc00 JavaThread "C1 CompilerThread0" daemon [_thread_blocked, id=19816, stack(0x264d0000,0x26520000)]
  0x25f0b400 JavaThread "Attach Listener" daemon [_thread_blocked, id=7904, stack(0x26440000,0x26490000)]
  0x25f09800 JavaThread "Signal Dispatcher" daemon [_thread_blocked, id=41836, stack(0x263b0000,0x26400000)]
  0x25eebc00 JavaThread "Finalizer" daemon [_thread_blocked, id=30852, stack(0x26230000,0x26280000)]
  0x25ed6400 JavaThread "Reference Handler" daemon [_thread_blocked, id=13156, stack(0x261a0000,0x261f0000)]

Other Threads:
  0x25ed1000 VMThread [stack: 0x26110000,0x26160000] [id=26404]
  0x25f06800 WatcherThread [stack: 0x265f0000,0x26640000] [id=3220]

VM state:not at safepoint (normal execution)

VM Mutex/Monitor currently owned by a thread: None

Heap:
 def new generation   total 39424K, used 28993K [0x05200000, 0x07cc0000, 0x0fca0000)
  eden space 35072K,  70% used [0x05200000, 0x06a10410, 0x07440000)
  from space 4352K, 100% used [0x07440000, 0x07880000, 0x07880000)
  to   space 4352K,   0% used [0x07880000, 0x07880000, 0x07cc0000)
 tenured generation   total 87424K, used 43268K [0x0fca0000, 0x15200000, 0x25200000)
   the space 87424K,  49% used [0x0fca0000, 0x126e1058, 0x126e1200, 0x15200000)
 Metaspace       used 19843K, capacity 20369K, committed 20608K, reserved 20864K

Card table byte_map: [0x25200000,0x25310000] byte_map_base: 0x251d7000

Polling page: 0x02ca0000

CodeCache: size=32768Kb used=2679Kb max_used=4711Kb free=30088Kb
 bounds [0x03170000, 0x03610000, 0x05170000]
 total_blobs=1545 nmethods=1264 adapters=208
 compilation: enabled

Compilation events (10 events):
Event: 3024.549 Thread 0x25f0cc00 2964             sun.java2d.SunGraphics2D::invalidatePipe (41 bytes)
Event: 3024.549 Thread 0x25f0cc00 nmethod 2964 0x034a15c8 code [0x034a16c0, 0x034a17a0]
Event: 3027.445 Thread 0x25f0cc00 2965             sun.java2d.pipe.Region::getIntersectionXYXY (108 bytes)
Event: 3027.446 Thread 0x25f0cc00 nmethod 2965 0x034868c8 code [0x03486a20, 0x03486d08]
Event: 3027.446 Thread 0x25f0cc00 2966             sun.java2d.pipe.Region::isInsideXYXY (39 bytes)
Event: 3027.446 Thread 0x25f0cc00 nmethod 2966 0x03496c08 code [0x03496d00, 0x03496dd0]
Event: 3028.446 Thread 0x25f0cc00 2967             sun.java2d.SunGraphics2D::validateColor (102 bytes)
Event: 3028.446 Thread 0x25f0cc00 nmethod 2967 0x03486548 code [0x03486660, 0x034867c8]
Event: 3028.567 Thread 0x25f0cc00 2968             java.security.AccessControlContext::<init> (63 bytes)
Event: 3028.568 Thread 0x25f0cc00 nmethod 2968 0x03486248 code [0x03486350, 0x0348646c]

GC Heap History (10 events):
Event: 2771.828 GC heap before
{Heap before GC invocations=105 (full 2):
 def new generation   total 39424K, used 37238K [0x05200000, 0x07cc0000, 0x0fca0000)
  eden space 35072K, 100% used [0x05200000, 0x07440000, 0x07440000)
  from space 4352K,  49% used [0x07880000, 0x07a9db10, 0x07cc0000)
  to   space 4352K,   0% used [0x07440000, 0x07440000, 0x07880000)
 tenured generation   total 87424K, used 36968K [0x0fca0000, 0x15200000, 0x25200000)
   the space 87424K,  42% used [0x0fca0000, 0x120ba298, 0x120ba400, 0x15200000)
 Metaspace       used 19829K, capacity 20324K, committed 20608K, reserved 20864K
Event: 2771.830 GC heap after
Heap after GC invocations=106 (full 2):
 def new generation   total 39424K, used 2125K [0x05200000, 0x07cc0000, 0x0fca0000)
  eden space 35072K,   0% used [0x05200000, 0x05200000, 0x07440000)
  from space 4352K,  48% used [0x07440000, 0x07653568, 0x07880000)
  to   space 4352K,   0% used [0x07880000, 0x07880000, 0x07cc0000)
 tenured generation   total 87424K, used 36968K [0x0fca0000, 0x15200000, 0x25200000)
   the space 87424K,  42% used [0x0fca0000, 0x120ba298, 0x120ba400, 0x15200000)
 Metaspace       used 19829K, capacity 20324K, committed 20608K, reserved 20864K
}
Event: 2775.909 GC heap before
{Heap before GC invocations=106 (full 2):
 def new generation   total 39424K, used 37197K [0x05200000, 0x07cc0000, 0x0fca0000)
  eden space 35072K, 100% used [0x05200000, 0x07440000, 0x07440000)
  from space 4352K,  48% used [0x07440000, 0x07653568, 0x07880000)
  to   space 4352K,   0% used [0x07880000, 0x07880000, 0x07cc0000)
 tenured generation   total 87424K, used 36968K [0x0fca0000, 0x15200000, 0x25200000)
   the space 87424K,  42% used [0x0fca0000, 0x120ba298, 0x120ba400, 0x15200000)
 Metaspace       used 19829K, capacity 20324K, committed 20608K, reserved 20864K
Event: 2775.911 GC heap after
Heap after GC invocations=107 (full 2):
 def new generation   total 39424K, used 2124K [0x05200000, 0x07cc0000, 0x0fca0000)
  eden space 35072K,   0% used [0x05200000, 0x05200000, 0x07440000)
  from space 4352K,  48% used [0x07880000, 0x07a932d0, 0x07cc0000)
  to   space 4352K,   0% used [0x07440000, 0x07440000, 0x07880000)
 tenured generation   total 87424K, used 36968K [0x0fca0000, 0x15200000, 0x25200000)
   the space 87424K,  42% used [0x0fca0000, 0x120ba298, 0x120ba400, 0x15200000)
 Metaspace       used 19829K, capacity 20324K, committed 20608K, reserved 20864K
}
Event: 2779.622 GC heap before
{Heap before GC invocations=107 (full 2):
 def new generation   total 39424K, used 37196K [0x05200000, 0x07cc0000, 0x0fca0000)
  eden space 35072K, 100% used [0x05200000, 0x07440000, 0x07440000)
  from space 4352K,  48% used [0x07880000, 0x07a932d0, 0x07cc0000)
  to   space 4352K,   0% used [0x07440000, 0x07440000, 0x07880000)
 tenured generation   total 87424K, used 36968K [0x0fca0000, 0x15200000, 0x25200000)
   the space 87424K,  42% used [0x0fca0000, 0x120ba298, 0x120ba400, 0x15200000)
 Metaspace       used 19829K, capacity 20324K, committed 20608K, reserved 20864K
Event: 2779.624 GC heap after
Heap after GC invocations=108 (full 2):
 def new generation   total 39424K, used 2124K [0x05200000, 0x07cc0000, 0x0fca0000)
  eden space 35072K,   0% used [0x05200000, 0x05200000, 0x07440000)
  from space 4352K,  48% used [0x07440000, 0x07653388, 0x07880000)
  to   space 4352K,   0% used [0x07880000, 0x07880000, 0x07cc0000)
 tenured generation   total 87424K, used 36968K [0x0fca0000, 0x15200000, 0x25200000)
   the space 87424K,  42% used [0x0fca0000, 0x120ba298, 0x120ba400, 0x15200000)
 Metaspace       used 19829K, capacity 20324K, committed 20608K, reserved 20864K
}
Event: 2783.490 GC heap before
{Heap before GC invocations=108 (full 2):
 def new generation   total 39424K, used 37196K [0x05200000, 0x07cc0000, 0x0fca0000)
  eden space 35072K, 100% used [0x05200000, 0x07440000, 0x07440000)
  from space 4352K,  48% used [0x07440000, 0x07653388, 0x07880000)
  to   space 4352K,   0% used [0x07880000, 0x07880000, 0x07cc0000)
 tenured generation   total 87424K, used 36968K [0x0fca0000, 0x15200000, 0x25200000)
   the space 87424K,  42% used [0x0fca0000, 0x120ba298, 0x120ba400, 0x15200000)
 Metaspace       used 19829K, capacity 20324K, committed 20608K, reserved 20864K
Event: 2783.492 GC heap after
Heap after GC invocations=109 (full 2):
 def new generation   total 39424K, used 2139K [0x05200000, 0x07cc0000, 0x0fca0000)
  eden space 35072K,   0% used [0x05200000, 0x05200000, 0x07440000)
  from space 4352K,  49% used [0x07880000, 0x07a96da0, 0x07cc0000)
  to   space 4352K,   0% used [0x07440000, 0x07440000, 0x07880000)
 tenured generation   total 87424K, used 36968K [0x0fca0000, 0x15200000, 0x25200000)
   the space 87424K,  42% used [0x0fca0000, 0x120ba298, 0x120ba400, 0x15200000)
 Metaspace       used 19829K, capacity 20324K, committed 20608K, reserved 20864K
}
Event: 2946.585 GC heap before
{Heap before GC invocations=109 (full 2):
 def new generation   total 39424K, used 37058K [0x05200000, 0x07cc0000, 0x0fca0000)
  eden space 35072K,  99% used [0x05200000, 0x07419ad8, 0x07440000)
  from space 4352K,  49% used [0x07880000, 0x07a96da0, 0x07cc0000)
  to   space 4352K,   0% used [0x07440000, 0x07440000, 0x07880000)
 tenured generation   total 87424K, used 36968K [0x0fca0000, 0x15200000, 0x25200000)
   the space 87424K,  42% used [0x0fca0000, 0x120ba298, 0x120ba400, 0x15200000)
 Metaspace       used 19841K, capacity 20366K, committed 20608K, reserved 20864K
Event: 2946.593 GC heap after
Heap after GC invocations=110 (full 2):
 def new generation   total 39424K, used 4352K [0x05200000, 0x07cc0000, 0x0fca0000)
  eden space 35072K,   0% used [0x05200000, 0x05200000, 0x07440000)
  from space 4352K, 100% used [0x07440000, 0x07880000, 0x07880000)
  to   space 4352K,   0% used [0x07880000, 0x07880000, 0x07cc0000)
 tenured generation   total 87424K, used 43268K [0x0fca0000, 0x15200000, 0x25200000)
   the space 87424K,  49% used [0x0fca0000, 0x126e1058, 0x126e1200, 0x15200000)
 Metaspace       used 19841K, capacity 20366K, committed 20608K, reserved 20864K
}

Deoptimization events (0 events):
No events

Internal exceptions (10 events):
Event: 1845.335 Thread 0x276ee000 Exception <a 'sun/nio/fs/WindowsException'> (0x06c36f58) thrown at [C:\workspace\8-2-build-windows-i586-cygwin\jdk8u92\6642\hotspot\src\share\vm\prims\jni.cpp, line 709]
Event: 1845.336 Thread 0x276ee000 Exception <a 'sun/nio/fs/WindowsException'> (0x06c4f4a8) thrown at [C:\workspace\8-2-build-windows-i586-cygwin\jdk8u92\6642\hotspot\src\share\vm\prims\jni.cpp, line 709]
Event: 1845.336 Thread 0x276ee000 Exception <a 'sun/nio/fs/WindowsException'> (0x06c4fc18) thrown at [C:\workspace\8-2-build-windows-i586-cygwin\jdk8u92\6642\hotspot\src\share\vm\prims\jni.cpp, line 709]
Event: 1845.337 Thread 0x276ee000 Exception <a 'sun/nio/fs/WindowsException'> (0x06c5a050) thrown at [C:\workspace\8-2-build-windows-i586-cygwin\jdk8u92\6642\hotspot\src\share\vm\prims\jni.cpp, line 709]
Event: 1845.337 Thread 0x276ee000 Exception <a 'sun/nio/fs/WindowsException'> (0x06c5a608) thrown at [C:\workspace\8-2-build-windows-i586-cygwin\jdk8u92\6642\hotspot\src\share\vm\prims\jni.cpp, line 709]
Event: 1845.337 Thread 0x276ee000 Exception <a 'sun/nio/fs/WindowsException'> (0x06c663a0) thrown at [C:\workspace\8-2-build-windows-i586-cygwin\jdk8u92\6642\hotspot\src\share\vm\prims\jni.cpp, line 709]
Event: 1845.337 Thread 0x276ee000 Exception <a 'sun/nio/fs/WindowsException'> (0x06c66980) thrown at [C:\workspace\8-2-build-windows-i586-cygwin\jdk8u92\6642\hotspot\src\share\vm\prims\jni.cpp, line 709]
Event: 2936.703 Thread 0x276e7800 Exception <a 'java/io/IOException'> (0x071c22c0) thrown at [C:\workspace\8-2-build-windows-i586-cygwin\jdk8u92\6642\hotspot\src\share\vm\prims\jni.cpp, line 709]
Event: 2936.703 Thread 0x276e7800 Exception <a 'java/io/IOException'> (0x071c2a10) thrown at [C:\workspace\8-2-build-windows-i586-cygwin\jdk8u92\6642\hotspot\src\share\vm\prims\jni.cpp, line 709]
Event: 2936.703 Thread 0x276e7800 Exception <a 'java/io/IOException'> (0x071c3018) thrown at [C:\workspace\8-2-build-windows-i586-cygwin\jdk8u92\6642\hotspot\src\share\vm\prims\jni.cpp, line 709]

Events (10 events):
Event: 3024.420 Thread 0x25f0cc00 flushing nmethod 0x034a3888
Event: 3024.431 Thread 0x276e9800 Thread added: 0x276e9800
Event: 3027.446 Thread 0x25f0cc00 flushing nmethod 0x034a3b88
Event: 3027.446 Thread 0x25f0cc00 flushing nmethod 0x034a3e48
Event: 3027.446 Thread 0x25f0cc00 flushing nmethod 0x034a4048
Event: 3027.446 Thread 0x25f0cc00 flushing nmethod 0x034a4a08
Event: 3029.419 Executing VM operation: RevokeBias
Event: 3029.419 Executing VM operation: RevokeBias done
Event: 3029.419 Thread 0x276ec800 Thread exited: 0x276ec800
Event: 3029.419 Thread 0x276e7c00 Thread exited: 0x276e7c00


Dynamic libraries:
0x00060000 - 0x00093000 	C:\Program Files (x86)\Arduino\java\bin\javaw.exe
0x77530000 - 0x776b3000 	C:\Windows\SYSTEM32\ntdll.dll
0x745c0000 - 0x746a0000 	C:\Windows\System32\KERNEL32.DLL
0x74c90000 - 0x74e31000 	C:\Windows\System32\KERNELBASE.dll
0x746a0000 - 0x74717000 	C:\Windows\System32\ADVAPI32.dll
0x75050000 - 0x7510e000 	C:\Windows\System32\msvcrt.dll
0x74ec0000 - 0x74f01000 	C:\Windows\System32\sechost.dll
0x76f70000 - 0x77031000 	C:\Windows\System32\RPCRT4.dll
0x73ff0000 - 0x7400e000 	C:\Windows\System32\SspiCli.dll
0x73fe0000 - 0x73fea000 	C:\Windows\System32\CRYPTBASE.dll
0x74820000 - 0x7487a000 	C:\Windows\System32\bcryptPrimitives.dll
0x740f0000 - 0x7424f000 	C:\Windows\System32\USER32.dll
0x756b0000 - 0x756c5000 	C:\Windows\System32\win32u.dll
0x75110000 - 0x7513b000 	C:\Windows\System32\GDI32.dll
0x75990000 - 0x75aeb000 	C:\Windows\System32\gdi32full.dll
0x73050000 - 0x7325a000 	C:\Windows\WinSxS\x86_microsoft.windows.common-controls_6595b64144ccf1df_6.0.14393.447_none_89c64d28dafea4b9\COMCTL32.dll
0x77040000 - 0x77251000 	C:\Windows\System32\combase.dll
0x772e0000 - 0x773c0000 	C:\Windows\System32\ucrtbase.dll
0x74fb0000 - 0x74fd5000 	C:\Windows\System32\IMM32.DLL
0x73b30000 - 0x73bef000 	C:\Program Files (x86)\Arduino\java\bin\msvcr100.dll
0x6e030000 - 0x6e3fb000 	C:\Program Files (x86)\Arduino\java\bin\client\jvm.dll
0x74eb0000 - 0x74eb6000 	C:\Windows\System32\PSAPI.DLL
0x73fd0000 - 0x73fd8000 	C:\Windows\SYSTEM32\VERSION.dll
0x6c250000 - 0x6c274000 	C:\Windows\SYSTEM32\WINMM.dll
0x73980000 - 0x73988000 	C:\Windows\SYSTEM32\WSOCK32.dll
0x74e40000 - 0x74ea3000 	C:\Windows\System32\WS2_32.dll
0x02bd0000 - 0x02bf3000 	C:\Windows\SYSTEM32\WINMMBASE.dll
0x75af0000 - 0x75b26000 	C:\Windows\System32\cfgmgr32.dll
0x73af0000 - 0x73b21000 	C:\Program Files (x86)\Arduino\java\bin\splashscreen.dll
0x72fb0000 - 0x73025000 	C:\Windows\system32\uxtheme.dll
0x73c60000 - 0x73c6c000 	C:\Program Files (x86)\Arduino\java\bin\verify.dll
0x742e0000 - 0x74415000 	C:\Windows\System32\MSCTF.dll
0x74510000 - 0x745a4000 	C:\Windows\System32\OLEAUT32.dll
0x77260000 - 0x772db000 	C:\Windows\System32\msvcp_win.dll
0x739f0000 - 0x73a11000 	C:\Program Files (x86)\Arduino\java\bin\java.dll
0x6e860000 - 0x6e8db000 	C:\Program Files (x86)\Common Files\Microsoft Shared\Ink\tiptsf.dll
0x73ad0000 - 0x73ae3000 	C:\Program Files (x86)\Arduino\java\bin\zip.dll
0x75b80000 - 0x75b8d000 	C:\Windows\System32\kernel.appcore.dll
0x756d0000 - 0x75754000 	C:\Windows\System32\clbcatq.dll
0x6ec30000 - 0x6ed82000 	C:\Windows\System32\uiautomationcore.dll
0x73c90000 - 0x73caa000 	C:\Windows\System32\USERENV.dll
0x740d0000 - 0x740df000 	C:\Windows\System32\profapi.dll
0x6e8e0000 - 0x6e961000 	C:\Windows\SYSTEM32\sxs.dll
0x6b6a0000 - 0x6b6f4000 	C:\Windows\System32\OLEACC.dll
0x6b630000 - 0x6b69c000 	C:\Windows\SYSTEM32\twinapi.dll
0x74250000 - 0x742d8000 	C:\Windows\System32\shcore.dll
0x71c40000 - 0x71d31000 	C:\Windows\SYSTEM32\twinapi.appcore.dll
0x738c0000 - 0x738db000 	C:\Windows\SYSTEM32\bcrypt.dll
0x75b90000 - 0x76f69000 	C:\Windows\System32\SHELL32.dll
0x75140000 - 0x756ae000 	C:\Windows\System32\windows.storage.dll
0x75b30000 - 0x75b75000 	C:\Windows\System32\powrprof.dll
0x74fe0000 - 0x75026000 	C:\Windows\System32\shlwapi.dll
0x74420000 - 0x7450a000 	C:\Windows\System32\ole32.dll
0x6e660000 - 0x6e7a5000 	C:\Program Files (x86)\Arduino\java\bin\awt.dll
0x65140000 - 0x651d2000 	C:\Windows\SYSTEM32\apphelp.dll
0x72f90000 - 0x72faf000 	C:\Windows\system32\dwmapi.dll
0x61740000 - 0x6176c000 	C:\Program Files (x86)\Arduino\lib\listSerialsj.dll
0x74880000 - 0x74c8b000 	C:\Windows\System32\SETUPAPI.dll
0x73c70000 - 0x73c83000 	C:\Windows\SYSTEM32\CRYPTSP.dll
0x6e5f0000 - 0x6e61f000 	C:\Windows\system32\rsaenh.dll
0x739d0000 - 0x739e6000 	C:\Program Files (x86)\Arduino\java\bin\net.dll
0x73430000 - 0x7347e000 	C:\Windows\system32\mswsock.dll
0x73380000 - 0x733af000 	C:\Windows\SYSTEM32\IPHLPAPI.DLL
0x740e0000 - 0x740e7000 	C:\Windows\System32\NSI.dll
0x6c010000 - 0x6c023000 	C:\Windows\SYSTEM32\dhcpcsvc6.DLL
0x6bff0000 - 0x6c004000 	C:\Windows\SYSTEM32\dhcpcsvc.DLL
0x739c0000 - 0x739cf000 	C:\Program Files (x86)\Arduino\java\bin\nio.dll
0x27520000 - 0x2755d000 	C:\Users\tomco\AppData\Local\Temp\jna-110543166\jna9023731084445124239.dll
0x6e620000 - 0x6e659000 	C:\Program Files (x86)\Arduino\java\bin\fontmanager.dll
0x6dff0000 - 0x6e022000 	C:\Program Files (x86)\Arduino\java\bin\t2k.dll
0x6ffb0000 - 0x6ffd2000 	C:\Windows\SYSTEM32\DEVOBJ.dll
0x758e0000 - 0x75924000 	C:\Windows\System32\WINTRUST.dll
0x745b0000 - 0x745be000 	C:\Windows\System32\MSASN1.dll
0x75760000 - 0x758dd000 	C:\Windows\System32\CRYPT32.dll
0x733b0000 - 0x7342c000 	C:\Windows\SYSTEM32\DNSAPI.dll
0x73370000 - 0x73378000 	C:\Windows\System32\rasadhlp.dll
0x73320000 - 0x73369000 	C:\Windows\System32\fwpuclnt.dll
0x6df80000 - 0x6dfe9000 	C:\Program Files (x86)\Arduino\msvcp100.dll
0x6dc30000 - 0x6dcee000 	C:\Program Files (x86)\Arduino\msvcr100.dll
0x28c80000 - 0x28cb2000 	C:\Program Files (x86)\Arduino\lib\AStylej.dll
0x6df50000 - 0x6df74000 	C:\Program Files (x86)\Arduino\java\bin\dcpr.dll
0x64af0000 - 0x64c5e000 	C:\Windows\SYSTEM32\WindowsCodecs.dll
0x72120000 - 0x72164000 	C:\Windows\system32\dataexchange.dll
0x71dd0000 - 0x71ee3000 	C:\Windows\system32\dcomp.dll
0x71ef0000 - 0x7211f000 	C:\Windows\system32\d3d11.dll
0x71d40000 - 0x71dc4000 	C:\Windows\system32\dxgi.dll
0x64000000 - 0x6401b000 	C:\Users\tomco\.jssc\windows\jSSC-2.8_x86.dll
0x6df30000 - 0x6df50000 	C:\Program Files (x86)\Arduino\java\bin\sunec.dll
0x739b0000 - 0x739b9000 	C:\Program Files (x86)\Arduino\java\bin\sunmscapi.dll
0x6b790000 - 0x6b7a2000 	C:\Windows\system32\napinsp.dll
0x6b770000 - 0x6b786000 	C:\Windows\system32\pnrpnsp.dll
0x6b750000 - 0x6b764000 	C:\Windows\system32\NLAapi.dll
0x6b740000 - 0x6b74c000 	C:\Windows\System32\winrnr.dll
0x6b720000 - 0x6b731000 	C:\Windows\System32\wshbth.dll
0x73540000 - 0x73685000 	C:\Windows\SYSTEM32\dbghelp.dll

VM Arguments:
jvm_args: -Dsun.java2d.d3d=false -Djna.nosys=true -DAPP_DIR=C:\Program Files (x86)\Arduino -Xms128M -Xmx512M 
java_command: processing.app.Base C:\Users\tomco\OneDrive\Uni - Bristol\4th Year\Project\Instrument\Code\INSTRUMENT\INSTRUMENT.ino
java_class_path (initial): C:\Program Files (x86)\Arduino\lib\apple.jar;C:\Program Files (x86)\Arduino\lib\arduino-core.jar;C:\Program Files (x86)\Arduino\lib\batik-1.8.jar;C:\Program Files (x86)\Arduino\lib\batik-anim-1.8.jar;C:\Program Files (x86)\Arduino\lib\batik-awt-util-1.8.jar;C:\Program Files (x86)\Arduino\lib\batik-bridge-1.8.jar;C:\Program Files (x86)\Arduino\lib\batik-codec-1.8.jar;C:\Program Files (x86)\Arduino\lib\batik-css-1.8.jar;C:\Program Files (x86)\Arduino\lib\batik-dom-1.8.jar;C:\Program Files (x86)\Arduino\lib\batik-ext-1.8.jar;C:\Program Files (x86)\Arduino\lib\batik-gvt-1.8.jar;C:\Program Files (x86)\Arduino\lib\batik-parser-1.8.jar;C:\Program Files (x86)\Arduino\lib\batik-rasterizer-1.8.jar;C:\Program Files (x86)\Arduino\lib\batik-script-1.8.jar;C:\Program Files (x86)\Arduino\lib\batik-squiggle-1.8.jar;C:\Program Files (x86)\Arduino\lib\batik-svg-dom-1.8.jar;C:\Program Files (x86)\Arduino\lib\batik-svgpp-1.8.jar;C:\Program Files (x86)\Arduino\lib\batik-transcoder-1.8.jar;C:\Program Files (x86)\Arduino\lib\batik-util-1.8.jar;C:\Program Files (x86)\Arduino\lib\batik-xml-1.8.jar;C:\Program Files (x86)\Arduino\lib\bcpg-jdk15on-152.jar;C:\Program Files (x86)\Arduino\lib\bcprov-jdk15on-152.jar;C:\Program Files (x86)\Arduino\lib\commons-codec-1.7.jar;C:\Program Files (x86)\Arduino\lib\commons-compress-1.8.jar;C:\Program Files (x86)\Arduino\lib\commons-exec-1.1.jar;C:\Program Files (x86)\Arduino\lib\commons-httpclient-3.1.jar;C:\Program Files (x86)\Arduino\lib\commons-lang3-3.3.2.jar;C:\Program Files (x86)\Arduino\lib\commons-logging-1.0.4.jar;C:\Program Files (x86)\Arduino\lib\commons-net-3.3.jar;C:\Program Files (x86)\Arduino\lib\jackson-annotations-2.6.3.jar;C:\Program Files (x86)\Arduino\lib\jackson-core-2.6.3.jar;C:\Program Files (x86)\Arduino\lib\jackson-databind-2.6.3.jar;C:\Program Files (x86)\Arduino\lib\jackson-module-mrbean-2.6.3.jar;C:\Program Files (x86)\Arduino\lib\java-semver-0.8.0.jar;C:\Program Files (x86)\Arduino\lib\jmdns-3.4.1.j
Launcher Type: SUN_STANDARD

Environment Variables:
PATH=C:\Program Files (x86)\Intel\iCLS Client\;C:\Program Files\Intel\iCLS Client\;C:\Windows\system32;C:\Windows;C:\Windows\System32\Wbem;C:\Windows\System32\WindowsPowerShell\v1.0\;C:\Program Files\Intel\Intel(R) Management Engine Components\DAL;C:\Program Files\Intel\Intel(R) Management Engine Components\IPT;C:\Program Files (x86)\Intel\Intel(R) Management Engine Components\DAL;C:\Program Files (x86)\Intel\Intel(R) Management Engine Components\IPT;C:\Program Files (x86)\Skype\Phone\;C:\Program Files\MATLAB\R2016b\runtime\win64;C:\Program Files\MATLAB\R2016b\bin;C:\Program Files (x86)\Qt\5.7\mingw53_32\bin;C:\Users\tomco\.dnx\bin;C:\Program Files\Microsoft DNX\Dnvm\;C:\Program Files\Microsoft SQL Server\130\Tools\Binn\;C:\Program Files (x86)\Windows Kits\8.1\Windows Performance Toolkit\;C:\Users\tomco\AppData\Local\Microsoft\WindowsApps;;C:\Program Files (x86)\Arduino\java\bin
USERNAME=tomco
OS=Windows_NT
PROCESSOR_IDENTIFIER=Intel64 Family 6 Model 58 Stepping 9, GenuineIntel



---------------  S Y S T E M  ---------------

OS: Windows 10.0 , 64 bit Build 14393 (10.0.14393.0)

CPU:total 4 (2 cores per cpu, 2 threads per core) family 6 model 58 stepping 9, cmov, cx8, fxsr, mmx, sse, sse2, sse3, ssse3, sse4.1, sse4.2, popcnt, avx, aes, clmul, erms, ht, tsc, tscinvbit, tscinv

Memory: 4k page, physical 8264984k(3102204k free), swap 14556440k(4215692k free)

vm_info: Java HotSpot(TM) Client VM (25.92-b14) for windows-x86 JRE (1.8.0_92-b14), built on Mar 31 2016 21:09:21 by "java_re" with MS VC++ 10.0 (VS2010)

time: Mon Feb 06 19:10:42 2017
elapsed time: 3031 seconds (0d 0h 50m 31s)

