#
# A fatal error has been detected by the Java Runtime Environment:
#
#  EXCEPTION_ACCESS_VIOLATION (0xc0000005) at pc=0x617493cd, pid=11640, tid=0x000043ac
#
# JRE version: Java(TM) SE Runtime Environment (8.0_92-b14) (build 1.8.0_92-b14)
# Java VM: Java HotSpot(TM) Client VM (25.92-b14 mixed mode windows-x86 )
# Problematic frame:
# C  [listSerialsj.dll+0x93cd]
#
# Failed to write core dump. Minidumps are not enabled by default on client versions of Windows
#
# If you would like to submit a bug report, please visit:
#   http://bugreport.java.com/bugreport/crash.jsp
# The crash happened outside the Java Virtual Machine in native code.
# See problematic frame for where to report the bug.
#

---------------  T H R E A D  ---------------

Current thread (0x26f68000):  JavaThread "cc.arduino.packages.discoverers.serial.SerialBoardsLister" [_thread_in_native, id=17324, stack(0x24e80000,0x24ed0000)]

siginfo: ExceptionCode=0xc0000005, writing address 0x00000000

Registers:
EAX=0x00000000, EBX=0x00000a98, ECX=0x00000000, EDX=0x00000001
ESP=0x24ecf1e0, EBP=0x24ecf638, ESI=0x00000002, EDI=0x0092fb70
EIP=0x617493cd, EFLAGS=0x00010246

Top of Stack: (sp=0x24ecf1e0)
0x24ecf1e0:   00b0e538 0000002e 00000002 00000000
0x24ecf1f0:   00000003 00000000 00000000 00000000
0x24ecf200:   054ec108 24ecf204 0000006c 75bba540
0x24ecf210:   261a8fa0 00000000 0092fc58 0000006b
0x24ecf220:   24ecf22c 24ecf254 00000022 00000002
0x24ecf230:   00000001 0000006c 00000019 0000008c
0x24ecf240:   008cb6d8 00000000 314d4f43 00000030
0x24ecf250:   00425355 24ecf284 026247e9 054ec068 

Instructions: (pc=0x617493cd)
0x617493ad:   8b 45 08 8b 90 94 00 00 00 85 d2 74 16 8b 40 2c
0x617493bd:   c7 44 24 04 2e 00 00 00 89 04 24 e8 73 14 00 00
0x617493cd:   c6 00 00 8d 85 04 fc ff ff 89 44 24 18 8d 85 0a
0x617493dd:   fc ff ff 89 44 24 10 a1 e4 01 75 61 c7 85 04 fc 


Register to memory mapping:

EAX=0x00000000 is an unknown value
EBX=0x00000a98 is an unknown value
ECX=0x00000000 is an unknown value
EDX=0x00000001 is an unknown value
ESP=0x24ecf1e0 is pointing into the stack for thread: 0x26f68000
EBP=0x24ecf638 is pointing into the stack for thread: 0x26f68000
ESI=0x00000002 is an unknown value
EDI=0x0092fb70 is an unknown value


Stack: [0x24e80000,0x24ed0000],  sp=0x24ecf1e0,  free space=316k
Native frames: (J=compiled Java code, j=interpreted, Vv=VM code, C=native code)
C  [listSerialsj.dll+0x93cd]
C  [listSerialsj.dll+0x2211]

Java frames: (J=compiled Java code, j=interpreted, Vv=VM code)
J 8113  processing.app.Platform.listSerialsNative()[Ljava/lang/String; (0 bytes) @ 0x029f838f [0x029f8350+0x3f]
J 11274 C1 cc.arduino.packages.discoverers.serial.SerialBoardsLister.retriggerDiscovery(Z)V (751 bytes) @ 0x026faea4 [0x026fad50+0x154]
J 11291 C1 cc.arduino.packages.discoverers.serial.SerialBoardsLister.run()V (13 bytes) @ 0x02a79914 [0x02a798d0+0x44]
J 4640% C1 java.util.TimerThread.mainLoop()V (232 bytes) @ 0x0270c494 [0x0270c060+0x434]
j  java.util.TimerThread.run()V+1
v  ~StubRoutines::call_stub

---------------  P R O C E S S  ---------------

Java Threads: ( => current thread )
  0x274dd000 JavaThread "JmDNS(TCPC.local.).Timer" daemon [_thread_blocked, id=1168, stack(0x266f0000,0x26740000)]
  0x274dc800 JavaThread "JmDNS(TCPC.local.).State.Timer" [_thread_blocked, id=1424, stack(0x257a0000,0x257f0000)]
  0x274db000 JavaThread "JmDNS(TCPC.local.).Timer" daemon [_thread_blocked, id=1784, stack(0x25710000,0x25760000)]
  0x274e0000 JavaThread "SocketListener(TCPC.local.)" daemon [_thread_in_native, id=2624, stack(0x25680000,0x256d0000)]
  0x274e0c00 JavaThread "JmDNS(TCPC.local.).Timer" daemon [_thread_blocked, id=13820, stack(0x255f0000,0x25640000)]
  0x274db400 JavaThread "JmDNS(TCPC.local.).State.Timer" [_thread_blocked, id=15412, stack(0x24d00000,0x24d50000)]
  0x274dc000 JavaThread "JmDNS(TCPC.local.).Timer" daemon [_thread_blocked, id=1868, stack(0x00a00000,0x00a50000)]
  0x274de000 JavaThread "SocketListener(TCPC.local.)" daemon [_thread_in_native, id=4536, stack(0x00970000,0x009c0000)]
  0x274dfc00 JavaThread "DestroyJavaVM" [_thread_blocked, id=13940, stack(0x01090000,0x010e0000)]
  0x274df400 JavaThread "TimerQueue" daemon [_thread_blocked, id=14632, stack(0x28510000,0x28560000)]
  0x26fea800 JavaThread "AWT-EventQueue-0" [_thread_blocked, id=14344, stack(0x28280000,0x282d0000)]
  0x26fecc00 JavaThread "AWT-Shutdown" [_thread_blocked, id=2600, stack(0x281f0000,0x28240000)]
  0x26fec800 JavaThread "Batik CleanerThread" daemon [_thread_blocked, id=15620, stack(0x27ed0000,0x27f20000)]
  0x26f69000 JavaThread "cc.arduino.packages.discoverers.network.BoardReachabilityFilter" [_thread_blocked, id=10728, stack(0x266a0000,0x266f0000)]
  0x26f68800 JavaThread "cc.arduino.packages.discoverers.network.NetworkChecker" [_thread_blocked, id=9736, stack(0x260c0000,0x26110000)]
=>0x26f68000 JavaThread "cc.arduino.packages.discoverers.serial.SerialBoardsLister" [_thread_in_native, id=17324, stack(0x24e80000,0x24ed0000)]
  0x25c38400 JavaThread "AWT-Windows" daemon [_thread_in_native, id=3532, stack(0x26150000,0x261a0000)]
  0x25c24c00 JavaThread "Java2D Disposer" daemon [_thread_blocked, id=16064, stack(0x26030000,0x26080000)]
  0x25251400 JavaThread "Service Thread" daemon [_thread_blocked, id=3608, stack(0x25a20000,0x25a70000)]
  0x2525c400 JavaThread "C1 CompilerThread0" daemon [_thread_blocked, id=5836, stack(0x25990000,0x259e0000)]
  0x2525a800 JavaThread "Attach Listener" daemon [_thread_blocked, id=13976, stack(0x25900000,0x25950000)]
  0x25258800 JavaThread "Signal Dispatcher" daemon [_thread_blocked, id=16200, stack(0x25870000,0x258c0000)]
  0x2523a400 JavaThread "Finalizer" daemon [_thread_blocked, id=15708, stack(0x254b0000,0x25500000)]
  0x25224400 JavaThread "Reference Handler" daemon [_thread_blocked, id=15908, stack(0x25420000,0x25470000)]

Other Threads:
  0x00fdd800 VMThread [stack: 0x24da0000,0x24df0000] [id=16152]
  0x25255800 WatcherThread [stack: 0x25ab0000,0x25b00000] [id=11448]

VM state:not at safepoint (normal execution)

VM Mutex/Monitor currently owned by a thread: None

Heap:
 def new generation   total 39424K, used 6808K [0x04800000, 0x072c0000, 0x0f2a0000)
  eden space 35072K,  19% used [0x04800000, 0x04ea2f88, 0x06a40000)
  from space 4352K,   0% used [0x06a40000, 0x06a43248, 0x06e80000)
  to   space 4352K,   0% used [0x06e80000, 0x06e80000, 0x072c0000)
 tenured generation   total 87424K, used 83730K [0x0f2a0000, 0x14800000, 0x24800000)
   the space 87424K,  95% used [0x0f2a0000, 0x14464aa8, 0x14464c00, 0x14800000)
 Metaspace       used 20090K, capacity 20650K, committed 20864K, reserved 20864K

Card table byte_map: [0x04620000,0x04730000] byte_map_base: 0x045fc000

Polling page: 0x00ad0000

CodeCache: size=32768Kb used=1865Kb max_used=4785Kb free=30902Kb
 bounds [0x02620000, 0x02ad0000, 0x04620000]
 total_blobs=1076 nmethods=796 adapters=208
 compilation: enabled

Compilation events (10 events):
Event: 43190.701 Thread 0x2525c400 16423             javax.swing.TimerQueue$DelayedTimer::compareTo (101 bytes)
Event: 43190.703 Thread 0x2525c400 nmethod 16423 0x026e2288 code [0x026e23a0, 0x026e26d0]
Event: 43191.141 Thread 0x2525c400 16424             java.util.PriorityQueue::siftDownComparable (118 bytes)
Event: 43191.142 Thread 0x2525c400 nmethod 16424 0x0270ea48 code [0x0270eb90, 0x0270eef8]
Event: 43191.208 Thread 0x2525c400 16425             javax.swing.TimerQueue$DelayedTimer::compareTo (9 bytes)
Event: 43191.209 Thread 0x2525c400 nmethod 16425 0x029a0bc8 code [0x029a0cd0, 0x029a0dac]
Event: 43226.546 Thread 0x2525c400 16426             java.util.concurrent.locks.AbstractQueuedSynchronizer$ConditionObject::doSignal (43 bytes)
Event: 43226.547 Thread 0x2525c400 nmethod 16426 0x029ef508 code [0x029ef610, 0x029ef71c]
Event: 43276.157 Thread 0x2525c400 16427   !         cc.arduino.packages.discoverers.NetworkDiscovery::setReachableBoardPorts (38 bytes)
Event: 43276.158 Thread 0x2525c400 nmethod 16427 0x02a7e408 code [0x02a7e520, 0x02a7e758]

GC Heap History (10 events):
Event: 42765.447 GC heap before
{Heap before GC invocations=181 (full 2):
 def new generation   total 39424K, used 35074K [0x04800000, 0x072c0000, 0x0f2a0000)
  eden space 35072K, 100% used [0x04800000, 0x06a40000, 0x06a40000)
  from space 4352K,   0% used [0x06e80000, 0x06e80bb0, 0x072c0000)
  to   space 4352K,   0% used [0x06a40000, 0x06a40000, 0x06e80000)
 tenured generation   total 87424K, used 83729K [0x0f2a0000, 0x14800000, 0x24800000)
   the space 87424K,  95% used [0x0f2a0000, 0x14464468, 0x14464600, 0x14800000)
 Metaspace       used 20090K, capacity 20650K, committed 20864K, reserved 20864K
Event: 42765.448 GC heap after
Heap after GC invocations=182 (full 2):
 def new generation   total 39424K, used 1K [0x04800000, 0x072c0000, 0x0f2a0000)
  eden space 35072K,   0% used [0x04800000, 0x04800000, 0x06a40000)
  from space 4352K,   0% used [0x06a40000, 0x06a40710, 0x06e80000)
  to   space 4352K,   0% used [0x06e80000, 0x06e80000, 0x072c0000)
 tenured generation   total 87424K, used 83730K [0x0f2a0000, 0x14800000, 0x24800000)
   the space 87424K,  95% used [0x0f2a0000, 0x14464aa8, 0x14464c00, 0x14800000)
 Metaspace       used 20090K, capacity 20650K, committed 20864K, reserved 20864K
}
Event: 42908.053 GC heap before
{Heap before GC invocations=182 (full 2):
 def new generation   total 39424K, used 35073K [0x04800000, 0x072c0000, 0x0f2a0000)
  eden space 35072K, 100% used [0x04800000, 0x06a40000, 0x06a40000)
  from space 4352K,   0% used [0x06a40000, 0x06a40710, 0x06e80000)
  to   space 4352K,   0% used [0x06e80000, 0x06e80000, 0x072c0000)
 tenured generation   total 87424K, used 83730K [0x0f2a0000, 0x14800000, 0x24800000)
   the space 87424K,  95% used [0x0f2a0000, 0x14464aa8, 0x14464c00, 0x14800000)
 Metaspace       used 20090K, capacity 20650K, committed 20864K, reserved 20864K
Event: 42908.055 GC heap after
Heap after GC invocations=183 (full 2):
 def new generation   total 39424K, used 13K [0x04800000, 0x072c0000, 0x0f2a0000)
  eden space 35072K,   0% used [0x04800000, 0x04800000, 0x06a40000)
  from space 4352K,   0% used [0x06e80000, 0x06e83760, 0x072c0000)
  to   space 4352K,   0% used [0x06a40000, 0x06a40000, 0x06e80000)
 tenured generation   total 87424K, used 83730K [0x0f2a0000, 0x14800000, 0x24800000)
   the space 87424K,  95% used [0x0f2a0000, 0x14464aa8, 0x14464c00, 0x14800000)
 Metaspace       used 20090K, capacity 20650K, committed 20864K, reserved 20864K
}
Event: 43058.129 GC heap before
{Heap before GC invocations=183 (full 2):
 def new generation   total 39424K, used 35085K [0x04800000, 0x072c0000, 0x0f2a0000)
  eden space 35072K, 100% used [0x04800000, 0x06a40000, 0x06a40000)
  from space 4352K,   0% used [0x06e80000, 0x06e83760, 0x072c0000)
  to   space 4352K,   0% used [0x06a40000, 0x06a40000, 0x06e80000)
 tenured generation   total 87424K, used 83730K [0x0f2a0000, 0x14800000, 0x24800000)
   the space 87424K,  95% used [0x0f2a0000, 0x14464aa8, 0x14464c00, 0x14800000)
 Metaspace       used 20090K, capacity 20650K, committed 20864K, reserved 20864K
Event: 43058.131 GC heap after
Heap after GC invocations=184 (full 2):
 def new generation   total 39424K, used 5K [0x04800000, 0x072c0000, 0x0f2a0000)
  eden space 35072K,   0% used [0x04800000, 0x04800000, 0x06a40000)
  from space 4352K,   0% used [0x06a40000, 0x06a414c0, 0x06e80000)
  to   space 4352K,   0% used [0x06e80000, 0x06e80000, 0x072c0000)
 tenured generation   total 87424K, used 83730K [0x0f2a0000, 0x14800000, 0x24800000)
   the space 87424K,  95% used [0x0f2a0000, 0x14464aa8, 0x14464c00, 0x14800000)
 Metaspace       used 20090K, capacity 20650K, committed 20864K, reserved 20864K
}
Event: 43204.744 GC heap before
{Heap before GC invocations=184 (full 2):
 def new generation   total 39424K, used 35077K [0x04800000, 0x072c0000, 0x0f2a0000)
  eden space 35072K, 100% used [0x04800000, 0x06a40000, 0x06a40000)
  from space 4352K,   0% used [0x06a40000, 0x06a414c0, 0x06e80000)
  to   space 4352K,   0% used [0x06e80000, 0x06e80000, 0x072c0000)
 tenured generation   total 87424K, used 83730K [0x0f2a0000, 0x14800000, 0x24800000)
   the space 87424K,  95% used [0x0f2a0000, 0x14464aa8, 0x14464c00, 0x14800000)
 Metaspace       used 20090K, capacity 20650K, committed 20864K, reserved 20864K
Event: 43204.748 GC heap after
Heap after GC invocations=185 (full 2):
 def new generation   total 39424K, used 5K [0x04800000, 0x072c0000, 0x0f2a0000)
  eden space 35072K,   0% used [0x04800000, 0x04800000, 0x06a40000)
  from space 4352K,   0% used [0x06e80000, 0x06e81468, 0x072c0000)
  to   space 4352K,   0% used [0x06a40000, 0x06a40000, 0x06e80000)
 tenured generation   total 87424K, used 83730K [0x0f2a0000, 0x14800000, 0x24800000)
   the space 87424K,  95% used [0x0f2a0000, 0x14464aa8, 0x14464c00, 0x14800000)
 Metaspace       used 20090K, capacity 20650K, committed 20864K, reserved 20864K
}
Event: 43361.193 GC heap before
{Heap before GC invocations=185 (full 2):
 def new generation   total 39424K, used 35077K [0x04800000, 0x072c0000, 0x0f2a0000)
  eden space 35072K, 100% used [0x04800000, 0x06a40000, 0x06a40000)
  from space 4352K,   0% used [0x06e80000, 0x06e81468, 0x072c0000)
  to   space 4352K,   0% used [0x06a40000, 0x06a40000, 0x06e80000)
 tenured generation   total 87424K, used 83730K [0x0f2a0000, 0x14800000, 0x24800000)
   the space 87424K,  95% used [0x0f2a0000, 0x14464aa8, 0x14464c00, 0x14800000)
 Metaspace       used 20090K, capacity 20650K, committed 20864K, reserved 20864K
Event: 43361.195 GC heap after
Heap after GC invocations=186 (full 2):
 def new generation   total 39424K, used 12K [0x04800000, 0x072c0000, 0x0f2a0000)
  eden space 35072K,   0% used [0x04800000, 0x04800000, 0x06a40000)
  from space 4352K,   0% used [0x06a40000, 0x06a43248, 0x06e80000)
  to   space 4352K,   0% used [0x06e80000, 0x06e80000, 0x072c0000)
 tenured generation   total 87424K, used 83730K [0x0f2a0000, 0x14800000, 0x24800000)
   the space 87424K,  95% used [0x0f2a0000, 0x14464aa8, 0x14464c00, 0x14800000)
 Metaspace       used 20090K, capacity 20650K, committed 20864K, reserved 20864K
}

Deoptimization events (0 events):
No events

Internal exceptions (10 events):
Event: 29621.849 Thread 0x274e1800 Exception <a 'sun/nio/fs/WindowsException'> (0x06497720) thrown at [C:\workspace\8-2-build-windows-i586-cygwin\jdk8u92\6642\hotspot\src\share\vm\prims\jni.cpp, line 709]
Event: 29621.849 Thread 0x274e1800 Exception <a 'sun/nio/fs/WindowsException'> (0x06497d28) thrown at [C:\workspace\8-2-build-windows-i586-cygwin\jdk8u92\6642\hotspot\src\share\vm\prims\jni.cpp, line 709]
Event: 29621.852 Thread 0x274e1800 Exception <a 'sun/nio/fs/WindowsException'> (0x064ad1f8) thrown at [C:\workspace\8-2-build-windows-i586-cygwin\jdk8u92\6642\hotspot\src\share\vm\prims\jni.cpp, line 709]
Event: 29621.852 Thread 0x274e1800 Exception <a 'sun/nio/fs/WindowsException'> (0x064ad940) thrown at [C:\workspace\8-2-build-windows-i586-cygwin\jdk8u92\6642\hotspot\src\share\vm\prims\jni.cpp, line 709]
Event: 29621.854 Thread 0x274e1800 Exception <a 'sun/nio/fs/WindowsException'> (0x064b8b28) thrown at [C:\workspace\8-2-build-windows-i586-cygwin\jdk8u92\6642\hotspot\src\share\vm\prims\jni.cpp, line 709]
Event: 29621.854 Thread 0x274e1800 Exception <a 'sun/nio/fs/WindowsException'> (0x064b9298) thrown at [C:\workspace\8-2-build-windows-i586-cygwin\jdk8u92\6642\hotspot\src\share\vm\prims\jni.cpp, line 709]
Event: 29621.855 Thread 0x274e1800 Exception <a 'sun/nio/fs/WindowsException'> (0x064c3678) thrown at [C:\workspace\8-2-build-windows-i586-cygwin\jdk8u92\6642\hotspot\src\share\vm\prims\jni.cpp, line 709]
Event: 29621.855 Thread 0x274e1800 Exception <a 'sun/nio/fs/WindowsException'> (0x064c3c30) thrown at [C:\workspace\8-2-build-windows-i586-cygwin\jdk8u92\6642\hotspot\src\share\vm\prims\jni.cpp, line 709]
Event: 29621.856 Thread 0x274e1800 Exception <a 'sun/nio/fs/WindowsException'> (0x064cf9d0) thrown at [C:\workspace\8-2-build-windows-i586-cygwin\jdk8u92\6642\hotspot\src\share\vm\prims\jni.cpp, line 709]
Event: 29621.856 Thread 0x274e1800 Exception <a 'sun/nio/fs/WindowsException'> (0x064cffb0) thrown at [C:\workspace\8-2-build-windows-i586-cygwin\jdk8u92\6642\hotspot\src\share\vm\prims\jni.cpp, line 709]

Events (10 events):
Event: 43191.143 Thread 0x2525c400 flushing nmethod 0x026f3c08
Event: 43191.143 Thread 0x2525c400 flushing nmethod 0x0271e4c8
Event: 43191.209 Thread 0x2525c400 flushing nmethod 0x02759348
Event: 43191.209 Thread 0x2525c400 flushing nmethod 0x0275af48
Event: 43204.742 Executing VM operation: GenCollectForAllocation
Event: 43204.748 Executing VM operation: GenCollectForAllocation done
Event: 43276.159 Thread 0x2525c400 flushing nmethod 0x02730288
Event: 43276.159 Thread 0x2525c400 flushing nmethod 0x02731008
Event: 43361.192 Executing VM operation: GenCollectForAllocation
Event: 43361.195 Executing VM operation: GenCollectForAllocation done


Dynamic libraries:
0x01100000 - 0x01133000 	C:\Program Files (x86)\Arduino\java\bin\javaw.exe
0x770b0000 - 0x77233000 	C:\Windows\SYSTEM32\ntdll.dll
0x742d0000 - 0x743b0000 	C:\Windows\System32\KERNEL32.DLL
0x76c70000 - 0x76e11000 	C:\Windows\System32\KERNELBASE.dll
0x765a0000 - 0x76617000 	C:\Windows\System32\ADVAPI32.dll
0x76ff0000 - 0x770ae000 	C:\Windows\System32\msvcrt.dll
0x76550000 - 0x76591000 	C:\Windows\System32\sechost.dll
0x76710000 - 0x767d1000 	C:\Windows\System32\RPCRT4.dll
0x73b70000 - 0x73b8e000 	C:\Windows\System32\SspiCli.dll
0x73b60000 - 0x73b6a000 	C:\Windows\System32\CRYPTBASE.dll
0x73c70000 - 0x73cca000 	C:\Windows\System32\bcryptPrimitives.dll
0x75a30000 - 0x75b8f000 	C:\Windows\System32\USER32.dll
0x75fa0000 - 0x75fb5000 	C:\Windows\System32\win32u.dll
0x76ba0000 - 0x76bcb000 	C:\Windows\System32\GDI32.dll
0x75870000 - 0x759cb000 	C:\Windows\System32\gdi32full.dll
0x732a0000 - 0x734aa000 	C:\Windows\WinSxS\x86_microsoft.windows.common-controls_6595b64144ccf1df_6.0.14393.953_none_89c2555adb023171\COMCTL32.dll
0x76070000 - 0x76281000 	C:\Windows\System32\combase.dll
0x743b0000 - 0x74490000 	C:\Windows\System32\ucrtbase.dll
0x73bf0000 - 0x73c15000 	C:\Windows\System32\IMM32.DLL
0x6f5b0000 - 0x6f66f000 	C:\Program Files (x86)\Arduino\java\bin\msvcr100.dll
0x6efa0000 - 0x6f36b000 	C:\Program Files (x86)\Arduino\java\bin\client\jvm.dll
0x75a20000 - 0x75a26000 	C:\Windows\System32\PSAPI.DLL
0x73800000 - 0x73808000 	C:\Windows\SYSTEM32\WSOCK32.dll
0x769f0000 - 0x76a53000 	C:\Windows\System32\WS2_32.dll
0x6d3b0000 - 0x6d3d4000 	C:\Windows\SYSTEM32\WINMM.dll
0x73b50000 - 0x73b58000 	C:\Windows\SYSTEM32\VERSION.dll
0x6bd00000 - 0x6bd23000 	C:\Windows\SYSTEM32\WINMMBASE.dll
0x76ad0000 - 0x76b06000 	C:\Windows\System32\cfgmgr32.dll
0x701c0000 - 0x701f1000 	C:\Program Files (x86)\Arduino\java\bin\splashscreen.dll
0x73190000 - 0x73205000 	C:\Windows\system32\uxtheme.dll
0x701b0000 - 0x701bc000 	C:\Program Files (x86)\Arduino\java\bin\verify.dll
0x6f580000 - 0x6f5a1000 	C:\Program Files (x86)\Arduino\java\bin\java.dll
0x6f560000 - 0x6f573000 	C:\Program Files (x86)\Arduino\java\bin\zip.dll
0x76410000 - 0x76545000 	C:\Windows\System32\MSCTF.dll
0x76bd0000 - 0x76c64000 	C:\Windows\System32\OLEAUT32.dll
0x74250000 - 0x742cb000 	C:\Windows\System32\msvcp_win.dll
0x70220000 - 0x7029b000 	C:\Program Files (x86)\Common Files\Microsoft Shared\Ink\tiptsf.dll
0x74240000 - 0x7424d000 	C:\Windows\System32\kernel.appcore.dll
0x76b10000 - 0x76b94000 	C:\Windows\System32\clbcatq.dll
0x64cb0000 - 0x64e02000 	C:\Windows\System32\uiautomationcore.dll
0x737c0000 - 0x737da000 	C:\Windows\System32\USERENV.dll
0x767e0000 - 0x767ef000 	C:\Windows\System32\profapi.dll
0x74490000 - 0x75869000 	C:\Windows\System32\SHELL32.dll
0x73cd0000 - 0x7423e000 	C:\Windows\System32\windows.storage.dll
0x759d0000 - 0x75a15000 	C:\Windows\System32\powrprof.dll
0x76fa0000 - 0x76fe6000 	C:\Windows\System32\shlwapi.dll
0x76f10000 - 0x76f98000 	C:\Windows\System32\shcore.dll
0x702e0000 - 0x70361000 	C:\Windows\SYSTEM32\sxs.dll
0x64c50000 - 0x64ca4000 	C:\Windows\System32\OLEACC.dll
0x668e0000 - 0x6694c000 	C:\Windows\SYSTEM32\twinapi.dll
0x71e20000 - 0x71f11000 	C:\Windows\SYSTEM32\twinapi.appcore.dll
0x737a0000 - 0x737bb000 	C:\Windows\SYSTEM32\bcrypt.dll
0x76e20000 - 0x76f0a000 	C:\Windows\System32\ole32.dll
0x6ee50000 - 0x6ef95000 	C:\Program Files (x86)\Arduino\java\bin\awt.dll
0x6f7b0000 - 0x6f842000 	C:\Windows\SYSTEM32\apphelp.dll
0x73170000 - 0x7318f000 	C:\Windows\system32\dwmapi.dll
0x61740000 - 0x6176c000 	C:\Program Files (x86)\Arduino\lib\listSerialsj.dll
0x75b90000 - 0x75f9b000 	C:\Windows\System32\SETUPAPI.dll
0x73820000 - 0x73833000 	C:\Windows\SYSTEM32\CRYPTSP.dll
0x6e7f0000 - 0x6e81f000 	C:\Windows\system32\rsaenh.dll
0x6f540000 - 0x6f556000 	C:\Program Files (x86)\Arduino\java\bin\net.dll
0x73610000 - 0x7365e000 	C:\Windows\system32\mswsock.dll
0x73560000 - 0x7358f000 	C:\Windows\SYSTEM32\IPHLPAPI.DLL
0x75fc0000 - 0x75fc7000 	C:\Windows\System32\NSI.dll
0x6d390000 - 0x6d3a3000 	C:\Windows\SYSTEM32\dhcpcsvc6.DLL
0x6bca0000 - 0x6bcb4000 	C:\Windows\SYSTEM32\dhcpcsvc.DLL
0x6f530000 - 0x6f53f000 	C:\Program Files (x86)\Arduino\java\bin\nio.dll
0x269e0000 - 0x26a1d000 	C:\Users\tomco\AppData\Local\Temp\jna-110543166\jna1177204148826123914.dll
0x6f4f0000 - 0x6f529000 	C:\Program Files (x86)\Arduino\java\bin\fontmanager.dll
0x6ee10000 - 0x6ee42000 	C:\Program Files (x86)\Arduino\java\bin\t2k.dll
0x702a0000 - 0x702c2000 	C:\Windows\SYSTEM32\DEVOBJ.dll
0x73c20000 - 0x73c64000 	C:\Windows\System32\WINTRUST.dll
0x76a60000 - 0x76a6e000 	C:\Windows\System32\MSASN1.dll
0x76290000 - 0x7640d000 	C:\Windows\System32\CRYPT32.dll
0x73590000 - 0x7360d000 	C:\Windows\SYSTEM32\DNSAPI.dll
0x73550000 - 0x73558000 	C:\Windows\System32\rasadhlp.dll
0x73500000 - 0x73549000 	C:\Windows\System32\fwpuclnt.dll
0x673c0000 - 0x67429000 	C:\Program Files (x86)\Arduino\msvcp100.dll
0x66e90000 - 0x66f4e000 	C:\Program Files (x86)\Arduino\msvcr100.dll
0x27e20000 - 0x27e52000 	C:\Program Files (x86)\Arduino\lib\AStylej.dll
0x6d5b0000 - 0x6d5d4000 	C:\Program Files (x86)\Arduino\java\bin\dcpr.dll
0x65000000 - 0x6516e000 	C:\Windows\SYSTEM32\WindowsCodecs.dll
0x72300000 - 0x72344000 	C:\Windows\system32\dataexchange.dll
0x71fb0000 - 0x720c3000 	C:\Windows\system32\dcomp.dll
0x720d0000 - 0x72300000 	C:\Windows\system32\d3d11.dll
0x71f20000 - 0x71fa3000 	C:\Windows\system32\dxgi.dll
0x683d0000 - 0x683f0000 	C:\Program Files (x86)\Arduino\java\bin\sunec.dll
0x6f4e0000 - 0x6f4e9000 	C:\Program Files (x86)\Arduino\java\bin\sunmscapi.dll
0x64650000 - 0x64662000 	C:\Windows\system32\napinsp.dll
0x64630000 - 0x64646000 	C:\Windows\system32\pnrpnsp.dll
0x64610000 - 0x64624000 	C:\Windows\system32\NLAapi.dll
0x64600000 - 0x6460c000 	C:\Windows\System32\winrnr.dll
0x645e0000 - 0x645f1000 	C:\Windows\System32\wshbth.dll
0x64000000 - 0x6401b000 	C:\Users\tomco\.jssc\windows\jSSC-2.8_x86.dll
0x6d8f0000 - 0x6da35000 	C:\Windows\SYSTEM32\dbghelp.dll

VM Arguments:
jvm_args: -Dsun.java2d.d3d=false -Djna.nosys=true -DAPP_DIR=C:\Program Files (x86)\Arduino -Xms128M -Xmx512M 
java_command: processing.app.Base C:\Users\tomco\OneDrive\Uni - Bristol\4th Year\Project\Instrument\Code\Calibration\MPU_fux_BNO_mBias\MPU_fux_BNO_mBias.ino
java_class_path (initial): C:\Program Files (x86)\Arduino\lib\apple.jar;C:\Program Files (x86)\Arduino\lib\arduino-core.jar;C:\Program Files (x86)\Arduino\lib\batik-1.8.jar;C:\Program Files (x86)\Arduino\lib\batik-anim-1.8.jar;C:\Program Files (x86)\Arduino\lib\batik-awt-util-1.8.jar;C:\Program Files (x86)\Arduino\lib\batik-bridge-1.8.jar;C:\Program Files (x86)\Arduino\lib\batik-codec-1.8.jar;C:\Program Files (x86)\Arduino\lib\batik-css-1.8.jar;C:\Program Files (x86)\Arduino\lib\batik-dom-1.8.jar;C:\Program Files (x86)\Arduino\lib\batik-ext-1.8.jar;C:\Program Files (x86)\Arduino\lib\batik-gvt-1.8.jar;C:\Program Files (x86)\Arduino\lib\batik-parser-1.8.jar;C:\Program Files (x86)\Arduino\lib\batik-rasterizer-1.8.jar;C:\Program Files (x86)\Arduino\lib\batik-script-1.8.jar;C:\Program Files (x86)\Arduino\lib\batik-squiggle-1.8.jar;C:\Program Files (x86)\Arduino\lib\batik-svg-dom-1.8.jar;C:\Program Files (x86)\Arduino\lib\batik-svgpp-1.8.jar;C:\Program Files (x86)\Arduino\lib\batik-transcoder-1.8.jar;C:\Program Files (x86)\Arduino\lib\batik-util-1.8.jar;C:\Program Files (x86)\Arduino\lib\batik-xml-1.8.jar;C:\Program Files (x86)\Arduino\lib\bcpg-jdk15on-152.jar;C:\Program Files (x86)\Arduino\lib\bcprov-jdk15on-152.jar;C:\Program Files (x86)\Arduino\lib\commons-codec-1.7.jar;C:\Program Files (x86)\Arduino\lib\commons-compress-1.8.jar;C:\Program Files (x86)\Arduino\lib\commons-exec-1.1.jar;C:\Program Files (x86)\Arduino\lib\commons-httpclient-3.1.jar;C:\Program Files (x86)\Arduino\lib\commons-lang3-3.3.2.jar;C:\Program Files (x86)\Arduino\lib\commons-logging-1.0.4.jar;C:\Program Files (x86)\Arduino\lib\commons-net-3.3.jar;C:\Program Files (x86)\Arduino\lib\jackson-annotations-2.6.3.jar;C:\Program Files (x86)\Arduino\lib\jackson-core-2.6.3.jar;C:\Program Files (x86)\Arduino\lib\jackson-databind-2.6.3.jar;C:\Program Files (x86)\Arduino\lib\jackson-module-mrbean-2.6.3.jar;C:\Program Files (x86)\Arduino\lib\java-semver-0.8.0.jar;C:\Program Files (x86)\Arduino\lib\jmdns-3.4.1.j
Launcher Type: SUN_STANDARD

Environment Variables:
PATH=C:\Program Files (x86)\Intel\iCLS Client\;C:\Program Files\Intel\iCLS Client\;C:\Windows\system32;C:\Windows;C:\Windows\System32\Wbem;C:\Windows\System32\WindowsPowerShell\v1.0\;C:\Program Files\Intel\Intel(R) Management Engine Components\DAL;C:\Program Files\Intel\Intel(R) Management Engine Components\IPT;C:\Program Files (x86)\Intel\Intel(R) Management Engine Components\DAL;C:\Program Files (x86)\Intel\Intel(R) Management Engine Components\IPT;C:\Program Files (x86)\Skype\Phone\;C:\Program Files\MATLAB\R2016b\runtime\win64;C:\Program Files\MATLAB\R2016b\bin;C:\Program Files (x86)\Qt\5.7\mingw53_32\bin;C:\Windows\system32\config\systemprofile\.dnx\bin;C:\Program Files\Microsoft DNX\Dnvm\;C:\Program Files\Microsoft SQL Server\130\Tools\Binn\;C:\Program Files (x86)\Windows Kits\8.1\Windows Performance Toolkit\;C:\Program Files (x86)\PuTTY\;C:\Program Files\nodejs\;C:\Users\tomco\AppData\Local\Microsoft\WindowsApps;C:\Users\tomco\AppData\Roaming\npm;C:\Program Files (x86)\Arduino\java\bin
USERNAME=tomco
OS=Windows_NT
PROCESSOR_IDENTIFIER=Intel64 Family 6 Model 58 Stepping 9, GenuineIntel



---------------  S Y S T E M  ---------------

OS: Windows 10.0 , 64 bit Build 14393 (10.0.14393.0)

CPU:total 4 (2 cores per cpu, 2 threads per core) family 6 model 58 stepping 9, cmov, cx8, fxsr, mmx, sse, sse2, sse3, ssse3, sse4.1, sse4.2, popcnt, avx, aes, clmul, erms, ht, tsc, tscinvbit, tscinv

Memory: 4k page, physical 8264984k(2137104k free), swap 18964540k(7489512k free)

vm_info: Java HotSpot(TM) Client VM (25.92-b14) for windows-x86 JRE (1.8.0_92-b14), built on Mar 31 2016 21:09:21 by "java_re" with MS VC++ 10.0 (VS2010)

time: Wed Mar 29 02:17:14 2017
elapsed time: 43391 seconds (0d 12h 3m 11s)

